#
# There is insufficient memory for the Java Runtime Environment to continue.
# Native memory allocation (malloc) failed to allocate 693456 bytes for Chunk::new
# Possible reasons:
#   The system is out of physical RAM or swap space
#   The process is running with CompressedOops enabled, and the Java Heap may be blocking the growth of the native heap
# Possible solutions:
#   Reduce memory load on the system
#   Increase physical memory or swap space
#   Check if swap backing store is full
#   Decrease Java heap size (-Xmx/-Xms)
#   Decrease number of Java threads
#   Decrease Java thread stack sizes (-Xss)
#   Set larger code cache with -XX:ReservedCodeCacheSize=
#   JVM is running with Unscaled Compressed Oops mode in which the Java heap is
#     placed in the first 4GB address space. The Java Heap base address is the
#     maximum limit for the native heap growth. Please use -XX:HeapBaseMinAddress
#     to set the Java Heap base and to place the Java Heap above 4GB virtual address.
# This output file may be truncated or incomplete.
#
#  Out of Memory Error (arena.cpp:189), pid=7992, tid=12204
#
# JRE version: OpenJDK Runtime Environment Temurin-17.0.2+8 (17.0.2+8) (build 17.0.2+8)
# Java VM: OpenJDK 64-Bit Server VM Temurin-17.0.2+8 (17.0.2+8, mixed mode, tiered, compressed oops, compressed class ptrs, parallel gc, windows-amd64)
# No core dump will be written. Minidumps are not enabled by default on client versions of Windows
#

---------------  S U M M A R Y ------------

Command Line: --add-modules=ALL-SYSTEM --add-opens=java.base/java.util=ALL-UNNAMED --add-opens=java.base/java.lang=ALL-UNNAMED --add-opens=java.base/sun.nio.fs=ALL-UNNAMED -Declipse.application=org.eclipse.jdt.ls.core.id1 -Dosgi.bundles.defaultStartLevel=4 -Declipse.product=org.eclipse.jdt.ls.core.product -Djava.import.generatesMetadataFilesAtProjectRoot=false -Dfile.encoding=utf8 -DwatchParentProcess=false -XX:+UseParallelGC -XX:GCTimeRatio=4 -XX:AdaptiveSizePolicyWeight=90 -Dsun.zip.disableMemoryMapping=true -Xmx1G -Xms100m c:\Users\ALEX\.vscode\extensions\redhat.java-1.4.0\server\plugins\org.eclipse.equinox.launcher_1.6.400.v20210924-0641.jar -configuration c:\Users\ALEX\AppData\Roaming\Code\User\globalStorage\redhat.java\1.4.0\config_ss_win -data c:\Users\ALEX\AppData\Roaming\Code\User\workspaceStorage\79e2208f258fece44200bf707889521e\redhat.java\ss_ws

Host: Intel(R) Core(TM)2 Quad CPU    Q9400  @ 2.66GHz, 4 cores, 3G,  Windows 10 , 64 bit Build 17134 (10.0.17134.753)
Time: Wed Apr 13 18:11:45 2022 Новосибирское стандартное время elapsed time: 1.149841 seconds (0d 0h 0m 1s)

---------------  T H R E A D  ---------------

Current thread (0x00000167f2f76ba0):  JavaThread "C2 CompilerThread1" daemon [_thread_in_native, id=12204, stack(0x000000316cc00000,0x000000316cd00000)]


Current CompileTask:
C2:   1152  536   !   4       java.util.jar.Attributes::read (498 bytes)

Stack: [0x000000316cc00000,0x000000316cd00000]
Native frames: (J=compiled Java code, j=interpreted, Vv=VM code, C=native code)
V  [jvm.dll+0x67564a]
V  [jvm.dll+0x82fc04]
V  [jvm.dll+0x8313ae]
V  [jvm.dll+0x831a13]
V  [jvm.dll+0x245235]
V  [jvm.dll+0xabd7b]
V  [jvm.dll+0xac30c]
V  [jvm.dll+0x3631f7]
V  [jvm.dll+0x32d891]
V  [jvm.dll+0x32cd3a]
V  [jvm.dll+0x2180d1]
V  [jvm.dll+0x2174f1]
V  [jvm.dll+0x1a3a8d]
V  [jvm.dll+0x226ef8]
V  [jvm.dll+0x22503c]
V  [jvm.dll+0x7e596b]
V  [jvm.dll+0x7dff2a]
V  [jvm.dll+0x6744d5]
C  [ucrtbase.dll+0x1e3fe]
C  [KERNEL32.DLL+0x14034]
C  [ntdll.dll+0x73691]


---------------  P R O C E S S  ---------------

Threads class SMR info:
_java_thread_list=0x00000167f2e7b9c0, length=13, elements={
0x00000167dd1d1000, 0x00000167f0fdf380, 0x00000167f0fe0100, 0x00000167f0ff6e30,
0x00000167f0ff7bb0, 0x00000167f0ffa940, 0x00000167f10277c0, 0x00000167f10288c0,
0x00000167f1035aa0, 0x00000167f1044c20, 0x00000167f0ed0a60, 0x00000167f2b8e6f0,
0x00000167f2f76ba0
}

Java Threads: ( => current thread )
  0x00000167dd1d1000 JavaThread "main" [_thread_in_vm, id=2540, stack(0x000000316bd00000,0x000000316be00000)]
  0x00000167f0fdf380 JavaThread "Reference Handler" daemon [_thread_blocked, id=4244, stack(0x000000316c000000,0x000000316c100000)]
  0x00000167f0fe0100 JavaThread "Finalizer" daemon [_thread_blocked, id=8364, stack(0x000000316c100000,0x000000316c200000)]
  0x00000167f0ff6e30 JavaThread "Signal Dispatcher" daemon [_thread_blocked, id=8948, stack(0x000000316c200000,0x000000316c300000)]
  0x00000167f0ff7bb0 JavaThread "Attach Listener" daemon [_thread_blocked, id=10828, stack(0x000000316c300000,0x000000316c400000)]
  0x00000167f0ffa940 JavaThread "Service Thread" daemon [_thread_blocked, id=2856, stack(0x000000316c400000,0x000000316c500000)]
  0x00000167f10277c0 JavaThread "Monitor Deflation Thread" daemon [_thread_blocked, id=9300, stack(0x000000316c500000,0x000000316c600000)]
  0x00000167f10288c0 JavaThread "C2 CompilerThread0" daemon [_thread_blocked, id=1108, stack(0x000000316c600000,0x000000316c700000)]
  0x00000167f1035aa0 JavaThread "C1 CompilerThread0" daemon [_thread_blocked, id=6320, stack(0x000000316c700000,0x000000316c800000)]
  0x00000167f1044c20 JavaThread "Sweeper thread" daemon [_thread_blocked, id=4804, stack(0x000000316c800000,0x000000316c900000)]
  0x00000167f0ed0a60 JavaThread "Common-Cleaner" daemon [_thread_blocked, id=7996, stack(0x000000316c900000,0x000000316ca00000)]
  0x00000167f2b8e6f0 JavaThread "Notification Thread" daemon [_thread_blocked, id=9228, stack(0x000000316ca00000,0x000000316cb00000)]
=>0x00000167f2f76ba0 JavaThread "C2 CompilerThread1" daemon [_thread_in_native, id=12204, stack(0x000000316cc00000,0x000000316cd00000)]

Other Threads:
  0x00000167f0ee8f70 VMThread "VM Thread" [stack: 0x000000316bf00000,0x000000316c000000] [id=1540]
  0x00000167f2b8fbd0 WatcherThread [stack: 0x000000316cb00000,0x000000316cc00000] [id=7688]
  0x00000167dd1e3420 GCTaskThread "GC Thread#0" [stack: 0x000000316be00000,0x000000316bf00000] [id=4484]

Threads with active compile tasks:
C1 CompilerThread0     1246  612   !   3       jdk.internal.misc.ScopedMemoryAccess::getLong (20 bytes)
C2 CompilerThread1     1246  536   !   4       java.util.jar.Attributes::read (498 bytes)

VM state: not at safepoint (normal execution)

VM Mutex/Monitor currently owned by a thread: None

Heap address: 0x00000000c0000000, size: 1024 MB, Compressed Oops mode: 32-bit

CDS archive(s) not mapped
Compressed class space mapped at: 0x0000000100000000-0x0000000140000000, reserved size: 1073741824
Narrow klass base: 0x0000000000000000, Narrow klass shift: 3, Narrow klass range: 0x140000000

GC Precious Log:
 CPUs: 4 total, 4 available
 Memory: 4094M
 Large Page Support: Disabled
 NUMA Support: Disabled
 Compressed Oops: Enabled (32-bit)
 Alignments: Space 512K, Generation 512K, Heap 2M
 Heap Min Capacity: 100M
 Heap Initial Capacity: 100M
 Heap Max Capacity: 1G
 Pre-touch: Disabled
 Parallel Workers: 4

Heap:
 PSYoungGen      total 29696K, used 12173K [0x00000000eab00000, 0x00000000ecc00000, 0x0000000100000000)
  eden space 25600K, 47% used [0x00000000eab00000,0x00000000eb6e3458,0x00000000ec400000)
  from space 4096K, 0% used [0x00000000ec800000,0x00000000ec800000,0x00000000ecc00000)
  to   space 4096K, 0% used [0x00000000ec400000,0x00000000ec400000,0x00000000ec800000)
 ParOldGen       total 68608K, used 0K [0x00000000c0000000, 0x00000000c4300000, 0x00000000eab00000)
  object space 68608K, 0% used [0x00000000c0000000,0x00000000c0000000,0x00000000c4300000)
 Metaspace       used 9307K, committed 9408K, reserved 1064960K
  class space    used 923K, committed 960K, reserved 1048576K

Card table byte_map: [0x00000167dcb80000,0x00000167dcd90000] _byte_map_base: 0x00000167dc580000

Marking Bits: (ParMarkBitMap*) 0x00007ffe7c233af0
 Begin Bits: [0x00000167eee50000, 0x00000167efe50000)
 End Bits:   [0x00000167efe50000, 0x00000167f0e50000)

Polling page: 0x00000167db000000

Metaspace:

Usage:
  Non-class:      8.19 MB used.
      Class:    923.16 KB used.
       Both:      9.09 MB used.

Virtual space:
  Non-class space:       16.00 MB reserved,       8.25 MB ( 52%) committed,  2 nodes.
      Class space:        1.00 GB reserved,     960.00 KB ( <1%) committed,  1 nodes.
             Both:        1.02 GB reserved,       9.19 MB ( <1%) committed. 

Chunk freelists:
   Non-Class:  3.77 MB
       Class:  2.95 MB
        Both:  6.72 MB

MaxMetaspaceSize: unlimited
CompressedClassSpaceSize: 1.00 GB
Initial GC threshold: 21.00 MB
Current GC threshold: 21.00 MB
CDS: off
MetaspaceReclaimPolicy: balanced
 - commit_granule_bytes: 65536.
 - commit_granule_words: 8192.
 - virtual_space_node_default_size: 1048576.
 - enlarge_chunks_in_place: 1.
 - new_chunks_are_fully_committed: 0.
 - uncommit_free_chunks: 1.
 - use_allocation_guard: 0.
 - handle_deallocations: 1.


Internal statistics:

num_allocs_failed_limit: 0.
num_arena_births: 12.
num_arena_deaths: 0.
num_vsnodes_births: 3.
num_vsnodes_deaths: 0.
num_space_committed: 147.
num_space_uncommitted: 0.
num_chunks_returned_to_freelist: 0.
num_chunks_taken_from_freelist: 58.
num_chunk_merges: 0.
num_chunk_splits: 28.
num_chunks_enlarged: 19.
num_purges: 0.
num_inconsistent_stats: 0.

CodeHeap 'non-profiled nmethods': size=120000Kb used=200Kb max_used=200Kb free=119799Kb
 bounds [0x00000167e7920000, 0x00000167e7b90000, 0x00000167eee50000]
CodeHeap 'profiled nmethods': size=120000Kb used=992Kb max_used=992Kb free=119007Kb
 bounds [0x00000167e03f0000, 0x00000167e0660000, 0x00000167e7920000]
CodeHeap 'non-nmethods': size=5760Kb used=1125Kb max_used=1140Kb free=4634Kb
 bounds [0x00000167dfe50000, 0x00000167e00c0000, 0x00000167e03f0000]
 total_blobs=1029 nmethods=614 adapters=331
 compilation: enabled
              stopped_count=0, restarted_count=0
 full_count=0

Compilation events (20 events):
Event: 1.105 Thread 0x00000167f1035aa0  554       3       java.lang.String::endsWith (15 bytes)
Event: 1.106 Thread 0x00000167f1035aa0 nmethod 554 0x00000167e04d5f90 code [0x00000167e04d6160, 0x00000167e04d64a8]
Event: 1.106 Thread 0x00000167f10288c0  555       4       java.util.jar.Manifest$FastInputStream::peek (38 bytes)
Event: 1.108 Thread 0x00000167f10288c0 nmethod 555 0x00000167e794c490 code [0x00000167e794c620, 0x00000167e794c728]
Event: 1.109 Thread 0x00000167f10288c0  556       4       java.util.HashMap::get (19 bytes)
Event: 1.111 Thread 0x00000167f1035aa0  557       3       sun.security.util.DerOutputStream::putLength (147 bytes)
Event: 1.114 Thread 0x00000167f1035aa0 nmethod 557 0x00000167e04d6690 code [0x00000167e04d6a60, 0x00000167e04d8e28]
Event: 1.114 Thread 0x00000167f1035aa0  558       3       sun.security.util.DerOutputStream::<init> (5 bytes)
Event: 1.114 Thread 0x00000167f1035aa0 nmethod 558 0x00000167e04d9d90 code [0x00000167e04d9f40, 0x00000167e04da0e8]
Event: 1.114 Thread 0x00000167f1035aa0  559       1       java.security.Provider$Service::getClassName (5 bytes)
Event: 1.114 Thread 0x00000167f1035aa0 nmethod 559 0x00000167e794c810 code [0x00000167e794c9a0, 0x00000167e794ca78]
Event: 1.114 Thread 0x00000167f1035aa0  562       1       sun.security.x509.X509AttributeName::getSuffix (5 bytes)
Event: 1.115 Thread 0x00000167f1035aa0 nmethod 562 0x00000167e794cb10 code [0x00000167e794cca0, 0x00000167e794cd78]
Event: 1.115 Thread 0x00000167f1035aa0  563       1       sun.security.x509.X509AttributeName::getPrefix (5 bytes)
Event: 1.115 Thread 0x00000167f1035aa0 nmethod 563 0x00000167e794ce10 code [0x00000167e794cfa0, 0x00000167e794d078]
Event: 1.115 Thread 0x00000167f10288c0 nmethod 556 0x00000167e794d110 code [0x00000167e794d2a0, 0x00000167e794d538]
Event: 1.115 Thread 0x00000167f10288c0  561       4       java.util.HashMap::getNode (150 bytes)
Event: 1.116 Thread 0x00000167f1035aa0  564       3       sun.security.provider.DigestBase::implCompressMultiBlock0 (23 bytes)
Event: 1.116 Thread 0x00000167f1035aa0 nmethod 564 0x00000167e04da190 code [0x00000167e04da340, 0x00000167e04da5e8]
Event: 1.121 Thread 0x00000167f10288c0 nmethod 561 0x00000167e794d810 code [0x00000167e794d9a0, 0x00000167e794dc38]

GC Heap History (0 events):
No events

Deoptimization events (20 events):
Event: 0.875 Thread 0x00000167dd1d1000 DEOPT PACKING pc=0x00000167e0424cd6 sp=0x000000316bdfe6e0
Event: 0.875 Thread 0x00000167dd1d1000 DEOPT UNPACKING pc=0x00000167dfea2824 sp=0x000000316bdfdb68 mode 0
Event: 1.017 Thread 0x00000167dd1d1000 DEOPT PACKING pc=0x00000167e044692d sp=0x000000316bdfb860
Event: 1.017 Thread 0x00000167dd1d1000 DEOPT UNPACKING pc=0x00000167dfea2824 sp=0x000000316bdfacf8 mode 0
Event: 1.052 Thread 0x00000167dd1d1000 DEOPT PACKING pc=0x00000167e04a4880 sp=0x000000316bdfd7c0
Event: 1.053 Thread 0x00000167dd1d1000 DEOPT UNPACKING pc=0x00000167dfea2824 sp=0x000000316bdfcc30 mode 0
Event: 1.053 Thread 0x00000167dd1d1000 DEOPT PACKING pc=0x00000167e04a4880 sp=0x000000316bdfd7c0
Event: 1.053 Thread 0x00000167dd1d1000 DEOPT UNPACKING pc=0x00000167dfea2824 sp=0x000000316bdfcc30 mode 0
Event: 1.053 Thread 0x00000167dd1d1000 DEOPT PACKING pc=0x00000167e04a4880 sp=0x000000316bdfd7c0
Event: 1.053 Thread 0x00000167dd1d1000 DEOPT UNPACKING pc=0x00000167dfea2824 sp=0x000000316bdfcc30 mode 0
Event: 1.053 Thread 0x00000167dd1d1000 DEOPT PACKING pc=0x00000167e04a4880 sp=0x000000316bdfd7c0
Event: 1.054 Thread 0x00000167dd1d1000 DEOPT UNPACKING pc=0x00000167dfea2824 sp=0x000000316bdfcc30 mode 0
Event: 1.054 Thread 0x00000167dd1d1000 DEOPT PACKING pc=0x00000167e04a4880 sp=0x000000316bdfd7c0
Event: 1.054 Thread 0x00000167dd1d1000 DEOPT UNPACKING pc=0x00000167dfea2824 sp=0x000000316bdfcc30 mode 0
Event: 1.054 Thread 0x00000167dd1d1000 DEOPT PACKING pc=0x00000167e04a4880 sp=0x000000316bdfd7c0
Event: 1.054 Thread 0x00000167dd1d1000 DEOPT UNPACKING pc=0x00000167dfea2824 sp=0x000000316bdfcc30 mode 0
Event: 1.055 Thread 0x00000167dd1d1000 DEOPT PACKING pc=0x00000167e04a4880 sp=0x000000316bdfd7c0
Event: 1.055 Thread 0x00000167dd1d1000 DEOPT UNPACKING pc=0x00000167dfea2824 sp=0x000000316bdfcc30 mode 0
Event: 1.055 Thread 0x00000167dd1d1000 DEOPT PACKING pc=0x00000167e04a4880 sp=0x000000316bdfd7c0
Event: 1.055 Thread 0x00000167dd1d1000 DEOPT UNPACKING pc=0x00000167dfea2824 sp=0x000000316bdfcc30 mode 0

Classes unloaded (0 events):
No events

Classes redefined (0 events):
No events

Internal exceptions (7 events):
Event: 0.233 Thread 0x00000167dd1d1000 Exception <a 'java/lang/NoSuchMethodError'{0x00000000eacb6640}: 'void java.lang.invoke.DirectMethodHandle$Holder.invokeStatic(java.lang.Object, java.lang.Object, java.lang.Object)'> (0x00000000eacb6640) 
thrown [e:\jenkins\tmp\workspace\build\src\src\hotspot\share\interpreter\linkResolver.cpp, line 766]
Event: 0.688 Thread 0x00000167dd1d1000 Exception <a 'java/lang/ClassNotFoundException'{0x00000000eaf7a800}: sun/net/www/protocol/c/Handler> (0x00000000eaf7a800) 
thrown [e:\jenkins\tmp\workspace\build\src\src\hotspot\share\classfile\systemDictionary.cpp, line 256]
Event: 0.706 Thread 0x00000167dd1d1000 Exception <a 'java/io/FileNotFoundException'{0x00000000eaf89088}> (0x00000000eaf89088) 
thrown [e:\jenkins\tmp\workspace\build\src\src\hotspot\share\prims\jni.cpp, line 516]
Event: 0.707 Thread 0x00000167dd1d1000 Exception <a 'java/io/FileNotFoundException'{0x00000000eaf8a1e8}> (0x00000000eaf8a1e8) 
thrown [e:\jenkins\tmp\workspace\build\src\src\hotspot\share\prims\jni.cpp, line 516]
Event: 0.707 Thread 0x00000167dd1d1000 Exception <a 'java/io/FileNotFoundException'{0x00000000eaf8b2f8}> (0x00000000eaf8b2f8) 
thrown [e:\jenkins\tmp\workspace\build\src\src\hotspot\share\prims\jni.cpp, line 516]
Event: 0.707 Thread 0x00000167dd1d1000 Exception <a 'java/io/FileNotFoundException'{0x00000000eaf8c400}> (0x00000000eaf8c400) 
thrown [e:\jenkins\tmp\workspace\build\src\src\hotspot\share\prims\jni.cpp, line 516]
Event: 0.719 Thread 0x00000167dd1d1000 Exception <a 'java/io/FileNotFoundException'{0x00000000eafada78}> (0x00000000eafada78) 
thrown [e:\jenkins\tmp\workspace\build\src\src\hotspot\share\prims\jni.cpp, line 516]

VM Operations (2 events):
Event: 0.243 Executing VM operation: HandshakeAllThreads
Event: 0.243 Executing VM operation: HandshakeAllThreads done

Events (20 events):
Event: 1.007 loading class jdk/internal/org/objectweb/asm/Edge
Event: 1.007 loading class jdk/internal/org/objectweb/asm/Edge done
Event: 1.009 loading class java/lang/reflect/Proxy$ProxyBuilder$1
Event: 1.009 loading class java/lang/reflect/Proxy$ProxyBuilder$1 done
Event: 1.010 loading class java/lang/annotation/Target
Event: 1.010 loading class java/lang/annotation/Target done
Event: 1.013 loading class java/lang/ClassFormatError
Event: 1.013 loading class java/lang/ClassFormatError done
Event: 1.025 loading class java/util/NoSuchElementException
Event: 1.025 loading class java/util/NoSuchElementException done
Event: 1.037 loading class java/io/Reader
Event: 1.037 loading class java/io/Reader done
Event: 1.037 loading class java/io/InputStreamReader
Event: 1.037 loading class java/io/InputStreamReader done
Event: 1.038 loading class java/net/URLClassLoader$2
Event: 1.038 loading class java/net/URLClassLoader$2 done
Event: 1.042 loading class sun/net/www/protocol/jar/URLJarFile$URLJarFileEntry
Event: 1.042 loading class sun/net/www/protocol/jar/URLJarFile$URLJarFileEntry done
Event: 1.042 loading class sun/net/www/protocol/jar/JarURLConnection$JarURLInputStream
Event: 1.042 loading class sun/net/www/protocol/jar/JarURLConnection$JarURLInputStream done


Dynamic libraries:
0x00007ff6e26b0000 - 0x00007ff6e26be000 	c:\Users\ALEX\.vscode\extensions\redhat.java-1.4.0\jre\17.0.2-win32-x86_64\bin\java.exe
0x00007ffea6750000 - 0x00007ffea6931000 	C:\WINDOWS\SYSTEM32\ntdll.dll
0x00007ffea4440000 - 0x00007ffea44f1000 	C:\WINDOWS\System32\KERNEL32.DLL
0x00007ffea2b50000 - 0x00007ffea2dc3000 	C:\WINDOWS\System32\KERNELBASE.dll
0x00007ffea3aa0000 - 0x00007ffea3b98000 	C:\WINDOWS\System32\ucrtbase.dll
0x00007ffe9c550000 - 0x00007ffe9c568000 	c:\Users\ALEX\.vscode\extensions\redhat.java-1.4.0\jre\17.0.2-win32-x86_64\bin\jli.dll
0x00007ffe9bf00000 - 0x00007ffe9bf19000 	c:\Users\ALEX\.vscode\extensions\redhat.java-1.4.0\jre\17.0.2-win32-x86_64\bin\VCRUNTIME140.dll
0x00007ffea3ba0000 - 0x00007ffea3d30000 	C:\WINDOWS\System32\USER32.dll
0x00007ffea36e0000 - 0x00007ffea3700000 	C:\WINDOWS\System32\win32u.dll
0x00007ffe92850000 - 0x00007ffe92ab9000 	C:\WINDOWS\WinSxS\amd64_microsoft.windows.common-controls_6595b64144ccf1df_6.0.17134.1345_none_d3ffd07b7c9058ed\COMCTL32.dll
0x00007ffea5a50000 - 0x00007ffea5a78000 	C:\WINDOWS\System32\GDI32.dll
0x00007ffea3540000 - 0x00007ffea36d1000 	C:\WINDOWS\System32\gdi32full.dll
0x00007ffea41c0000 - 0x00007ffea425e000 	C:\WINDOWS\System32\msvcrt.dll
0x00007ffea3700000 - 0x00007ffea379f000 	C:\WINDOWS\System32\msvcp_win.dll
0x00007ffea5ca0000 - 0x00007ffea5fc1000 	C:\WINDOWS\System32\combase.dll
0x00007ffea3ee0000 - 0x00007ffea4004000 	C:\WINDOWS\System32\RPCRT4.dll
0x00007ffea2ad0000 - 0x00007ffea2b49000 	C:\WINDOWS\System32\bcryptPrimitives.dll
0x00007ffea5a20000 - 0x00007ffea5a4d000 	C:\WINDOWS\System32\IMM32.DLL
0x00007ffe9c5d0000 - 0x00007ffe9c5dc000 	c:\Users\ALEX\.vscode\extensions\redhat.java-1.4.0\jre\17.0.2-win32-x86_64\bin\vcruntime140_1.dll
0x00007ffe7d930000 - 0x00007ffe7d9c1000 	c:\Users\ALEX\.vscode\extensions\redhat.java-1.4.0\jre\17.0.2-win32-x86_64\bin\msvcp140.dll
0x00007ffe7b6b0000 - 0x00007ffe7c2f7000 	c:\Users\ALEX\.vscode\extensions\redhat.java-1.4.0\jre\17.0.2-win32-x86_64\bin\server\jvm.dll
0x00007ffea4010000 - 0x00007ffea40b1000 	C:\WINDOWS\System32\ADVAPI32.dll
0x00007ffea3dd0000 - 0x00007ffea3e2b000 	C:\WINDOWS\System32\sechost.dll
0x00007ffea5fd0000 - 0x00007ffea5fd8000 	C:\WINDOWS\System32\PSAPI.DLL
0x00007ffe8a1e0000 - 0x00007ffe8a1e9000 	C:\WINDOWS\SYSTEM32\WSOCK32.dll
0x00007ffea5fe0000 - 0x00007ffea604c000 	C:\WINDOWS\System32\WS2_32.dll
0x00007ffea0b70000 - 0x00007ffea0b93000 	C:\WINDOWS\SYSTEM32\WINMM.dll
0x00007ffea1650000 - 0x00007ffea165a000 	C:\WINDOWS\SYSTEM32\VERSION.dll
0x00007ffea0ab0000 - 0x00007ffea0ada000 	C:\WINDOWS\SYSTEM32\WINMMBASE.dll
0x00007ffea34f0000 - 0x00007ffea3539000 	C:\WINDOWS\System32\cfgmgr32.dll
0x00007ffea2a80000 - 0x00007ffea2a91000 	C:\WINDOWS\System32\kernel.appcore.dll
0x00007ffe9c220000 - 0x00007ffe9c22a000 	c:\Users\ALEX\.vscode\extensions\redhat.java-1.4.0\jre\17.0.2-win32-x86_64\bin\jimage.dll
0x00007ffe8d200000 - 0x00007ffe8d3c9000 	C:\WINDOWS\SYSTEM32\DBGHELP.DLL
0x00007ffe8d1d0000 - 0x00007ffe8d1f9000 	C:\WINDOWS\SYSTEM32\dbgcore.DLL
0x00007ffe91d10000 - 0x00007ffe91d35000 	c:\Users\ALEX\.vscode\extensions\redhat.java-1.4.0\jre\17.0.2-win32-x86_64\bin\java.dll
0x00007ffe9bd30000 - 0x00007ffe9bd48000 	c:\Users\ALEX\.vscode\extensions\redhat.java-1.4.0\jre\17.0.2-win32-x86_64\bin\zip.dll
0x00007ffea45d0000 - 0x00007ffea5a15000 	C:\WINDOWS\System32\SHELL32.dll
0x00007ffea3e30000 - 0x00007ffea3ed9000 	C:\WINDOWS\System32\shcore.dll
0x00007ffea2dd0000 - 0x00007ffea34e1000 	C:\WINDOWS\System32\windows.storage.dll
0x00007ffea5a80000 - 0x00007ffea5ad1000 	C:\WINDOWS\System32\shlwapi.dll
0x00007ffea2a60000 - 0x00007ffea2a7f000 	C:\WINDOWS\System32\profapi.dll
0x00007ffea2a10000 - 0x00007ffea2a5c000 	C:\WINDOWS\System32\powrprof.dll
0x00007ffea29f0000 - 0x00007ffea2a09000 	C:\WINDOWS\System32\Wldp.dll
0x00007ffea37a0000 - 0x00007ffea3982000 	C:\WINDOWS\System32\CRYPT32.dll
0x00007ffea2aa0000 - 0x00007ffea2ab2000 	C:\WINDOWS\System32\MSASN1.dll
0x00007ffea3990000 - 0x00007ffea39e7000 	C:\WINDOWS\System32\WINTRUST.dll
0x00007ffea2ac0000 - 0x00007ffea2aca000 	C:\WINDOWS\System32\FLTLIB.DLL
0x00007ffe9b990000 - 0x00007ffe9b9a9000 	C:\Users\ALEX\.vscode\extensions\redhat.java-1.4.0\jre\17.0.2-win32-x86_64\bin\net.dll
0x00007ffe9b3f0000 - 0x00007ffe9b4cd000 	C:\WINDOWS\SYSTEM32\WINHTTP.dll
0x00007ffea2290000 - 0x00007ffea22f6000 	C:\WINDOWS\system32\mswsock.dll
0x00007ffe9b730000 - 0x00007ffe9b745000 	C:\Users\ALEX\.vscode\extensions\redhat.java-1.4.0\jre\17.0.2-win32-x86_64\bin\nio.dll

dbghelp: loaded successfully - version: 4.0.5 - missing functions: none
symbol engine: initialized successfully - sym options: 0x614 - pdb path: .;c:\Users\ALEX\.vscode\extensions\redhat.java-1.4.0\jre\17.0.2-win32-x86_64\bin;C:\WINDOWS\SYSTEM32;C:\WINDOWS\WinSxS\amd64_microsoft.windows.common-controls_6595b64144ccf1df_6.0.17134.1345_none_d3ffd07b7c9058ed;c:\Users\ALEX\.vscode\extensions\redhat.java-1.4.0\jre\17.0.2-win32-x86_64\bin\server

VM Arguments:
jvm_args: --add-modules=ALL-SYSTEM --add-opens=java.base/java.util=ALL-UNNAMED --add-opens=java.base/java.lang=ALL-UNNAMED --add-opens=java.base/sun.nio.fs=ALL-UNNAMED -Declipse.application=org.eclipse.jdt.ls.core.id1 -Dosgi.bundles.defaultStartLevel=4 -Declipse.product=org.eclipse.jdt.ls.core.product -Djava.import.generatesMetadataFilesAtProjectRoot=false -Dfile.encoding=utf8 -DwatchParentProcess=false -XX:+UseParallelGC -XX:GCTimeRatio=4 -XX:AdaptiveSizePolicyWeight=90 -Dsun.zip.disableMemoryMapping=true -Xmx1G -Xms100m 
java_command: c:\Users\ALEX\.vscode\extensions\redhat.java-1.4.0\server\plugins\org.eclipse.equinox.launcher_1.6.400.v20210924-0641.jar -configuration c:\Users\ALEX\AppData\Roaming\Code\User\globalStorage\redhat.java\1.4.0\config_ss_win -data c:\Users\ALEX\AppData\Roaming\Code\User\workspaceStorage\79e2208f258fece44200bf707889521e\redhat.java\ss_ws
java_class_path (initial): c:\Users\ALEX\.vscode\extensions\redhat.java-1.4.0\server\plugins\org.eclipse.equinox.launcher_1.6.400.v20210924-0641.jar
Launcher Type: SUN_STANDARD

[Global flags]
    uintx AdaptiveSizePolicyWeight                 = 90                                        {product} {command line}
     intx CICompilerCount                          = 3                                         {product} {ergonomic}
    uintx GCTimeRatio                              = 4                                         {product} {command line}
   size_t InitialHeapSize                          = 104857600                                 {product} {command line}
   size_t MaxHeapSize                              = 1073741824                                {product} {command line}
   size_t MaxNewSize                               = 357564416                                 {product} {ergonomic}
   size_t MinHeapDeltaBytes                        = 524288                                    {product} {ergonomic}
   size_t MinHeapSize                              = 104857600                                 {product} {command line}
   size_t NewSize                                  = 34603008                                  {product} {ergonomic}
    uintx NonNMethodCodeHeapSize                   = 5832780                                {pd product} {ergonomic}
    uintx NonProfiledCodeHeapSize                  = 122912730                              {pd product} {ergonomic}
   size_t OldSize                                  = 70254592                                  {product} {ergonomic}
    uintx ProfiledCodeHeapSize                     = 122912730                              {pd product} {ergonomic}
    uintx ReservedCodeCacheSize                    = 251658240                              {pd product} {ergonomic}
     bool SegmentedCodeCache                       = true                                      {product} {ergonomic}
   size_t SoftMaxHeapSize                          = 1073741824                             {manageable} {ergonomic}
     bool UseCompressedClassPointers               = true                           {product lp64_product} {ergonomic}
     bool UseCompressedOops                        = true                           {product lp64_product} {ergonomic}
     bool UseLargePagesIndividualAllocation        = false                                  {pd product} {ergonomic}
     bool UseParallelGC                            = true                                      {product} {command line}

Logging:
Log output configuration:
 #0: stdout all=warning uptime,level,tags
 #1: stderr all=off uptime,level,tags

Environment Variables:
PATH=C:\Program Files\Eclipse Foundation\jdk-8.0.302.8-hotspot\bin;C:\Program Files\Microsoft MPI\Bin\;C:\WINDOWS\system32;C:\WINDOWS;C:\WINDOWS\System32\Wbem;C:\WINDOWS\System32\WindowsPowerShell\v1.0\;C:\WINDOWS\System32\OpenSSH\;C:\Program Files\Microsoft SQL Server\130\Tools\Binn\;C:\Program Files\dotnet\;C:\Program Files\Microsoft SQL Server\Client SDK\ODBC\170\Tools\Binn\;C:\Program Files\Git\cmd;C:\Users\ALEX\AppData\Local\Programs\Python\Python37-32\Scripts\;C:\Users\ALEX\AppData\Local\Programs\Python\Python37-32\;C:\Users\ALEX\AppData\Local\Microsoft\WindowsApps;C:\Program Files\JetBrains\PyCharm Community Edition 2019.2.3\bin;C:\Users\ALEX\.dotnet\tools;C:\Users\ALEX\AppData\Local\Programs\Microsoft VS Code\bin;C:\src\flutter\bin;C:\Users\ALEX\.dotnet\tools
USERNAME=ALEX
OS=Windows_NT
PROCESSOR_IDENTIFIER=Intel64 Family 6 Model 23 Stepping 10, GenuineIntel



---------------  S Y S T E M  ---------------

OS:
 Windows 10 , 64 bit Build 17134 (10.0.17134.753)
OS uptime: 0 days 6:38 hours

CPU: total 4 (initial active 4) (4 cores per cpu, 1 threads per core) family 6 model 23 stepping 10 microcode 0xa0c, cx8, cmov, fxsr, mmx, sse, sse2, sse3, ssse3, sse4.1, tsc, clflush

Memory: 4k page, system-wide physical 4094M (455M free)
TotalPageFile size 5518M (AvailPageFile size 2M)
current process WorkingSet (physical memory assigned to process): 54M, peak: 54M
current process commit charge ("private bytes"): 184M, peak: 184M

vm_info: OpenJDK 64-Bit Server VM (17.0.2+8) for windows-amd64 JRE (17.0.2+8), built on Jan 20 2022 04:52:34 by "" with MS VC++ 16.7 (VS2019)

END.
