#
# There is insufficient memory for the Java Runtime Environment to continue.
# Native memory allocation (malloc) failed to allocate 819776 bytes for Chunk::new
# Possible reasons:
#   The system is out of physical RAM or swap space
#   The process is running with CompressedOops enabled, and the Java Heap may be blocking the growth of the native heap
# Possible solutions:
#   Reduce memory load on the system
#   Increase physical memory or swap space
#   Check if swap backing store is full
#   Decrease Java heap size (-Xmx/-Xms)
#   Decrease number of Java threads
#   Decrease Java thread stack sizes (-Xss)
#   Set larger code cache with -XX:ReservedCodeCacheSize=
#   JVM is running with Unscaled Compressed Oops mode in which the Java heap is
#     placed in the first 4GB address space. The Java Heap base address is the
#     maximum limit for the native heap growth. Please use -XX:HeapBaseMinAddress
#     to set the Java Heap base and to place the Java Heap above 4GB virtual address.
# This output file may be truncated or incomplete.
#
#  Out of Memory Error (arena.cpp:189), pid=1604, tid=6964
#
# JRE version: OpenJDK Runtime Environment Temurin-17.0.2+8 (17.0.2+8) (build 17.0.2+8)
# Java VM: OpenJDK 64-Bit Server VM Temurin-17.0.2+8 (17.0.2+8, mixed mode, tiered, compressed oops, compressed class ptrs, parallel gc, windows-amd64)
# No core dump will be written. Minidumps are not enabled by default on client versions of Windows
#

---------------  S U M M A R Y ------------

Command Line: --add-modules=ALL-SYSTEM --add-opens=java.base/java.util=ALL-UNNAMED --add-opens=java.base/java.lang=ALL-UNNAMED --add-opens=java.base/sun.nio.fs=ALL-UNNAMED -Declipse.application=org.eclipse.jdt.ls.core.id1 -Dosgi.bundles.defaultStartLevel=4 -Declipse.product=org.eclipse.jdt.ls.core.product -Djava.import.generatesMetadataFilesAtProjectRoot=false -Dfile.encoding=utf8 -DwatchParentProcess=false -XX:+UseParallelGC -XX:GCTimeRatio=4 -XX:AdaptiveSizePolicyWeight=90 -Dsun.zip.disableMemoryMapping=true -Xmx1G -Xms100m -XX:+HeapDumpOnOutOfMemoryError -XX:HeapDumpPath=c:\Users\ALEX\AppData\Roaming\Code\User\workspaceStorage\79e2208f258fece44200bf707889521e\redhat.java c:\Users\ALEX\.vscode\extensions\redhat.java-1.4.0\server\plugins\org.eclipse.equinox.launcher_1.6.400.v20210924-0641.jar -configuration c:\Users\ALEX\AppData\Roaming\Code\User\globalStorage\redhat.java\1.4.0\config_win -data c:\Users\ALEX\AppData\Roaming\Code\User\workspaceStorage\79e2208f258fece44200bf707889521e\redhat.java\jdt_ws

Host: Intel(R) Core(TM)2 Quad CPU    Q9400  @ 2.66GHz, 4 cores, 3G,  Windows 10 , 64 bit Build 17134 (10.0.17134.753)
Time: Wed Apr 13 18:15:14 2022 Новосибирское стандартное время elapsed time: 25.937094 seconds (0d 0h 0m 25s)

---------------  T H R E A D  ---------------

Current thread (0x00000213d988cca0):  JavaThread "C2 CompilerThread0" daemon [_thread_in_native, id=6964, stack(0x0000009ba6800000,0x0000009ba6900000)]


Current CompileTask:
C2:  25937 2888   !   4       org.eclipse.osgi.internal.loader.classpath.ClasspathManager::findLocalClass (210 bytes)

Stack: [0x0000009ba6800000,0x0000009ba6900000]
Native frames: (J=compiled Java code, j=interpreted, Vv=VM code, C=native code)
V  [jvm.dll+0x67564a]
V  [jvm.dll+0x82fc04]
V  [jvm.dll+0x8313ae]
V  [jvm.dll+0x831a13]
V  [jvm.dll+0x245235]
V  [jvm.dll+0xabd7b]
V  [jvm.dll+0xac30c]
V  [jvm.dll+0x2ac33f]
V  [jvm.dll+0x57c559]
V  [jvm.dll+0x2202ed]
V  [jvm.dll+0x2206cf]
V  [jvm.dll+0x219f25]
V  [jvm.dll+0x2173eb]
V  [jvm.dll+0x1a3a8d]
V  [jvm.dll+0x226ef8]
V  [jvm.dll+0x22503c]
V  [jvm.dll+0x7e596b]
V  [jvm.dll+0x7dff2a]
V  [jvm.dll+0x6744d5]
C  [ucrtbase.dll+0x1e3fe]
C  [KERNEL32.DLL+0x14034]
C  [ntdll.dll+0x73691]


---------------  P R O C E S S  ---------------

Threads class SMR info:
_java_thread_list=0x00000213df3fdcc0, length=24, elements={
0x00000213c5a430b0, 0x00000213d984d740, 0x00000213d984ead0, 0x00000213d9884d80,
0x00000213d9885b00, 0x00000213d98895e0, 0x00000213d988a0a0, 0x00000213d988cca0,
0x00000213d98ba5d0, 0x00000213d98baae0, 0x00000213d9740ae0, 0x00000213db405840,
0x00000213dbaff7a0, 0x00000213dbb935f0, 0x00000213dbb94020, 0x00000213db93dc90,
0x00000213dbbe6c50, 0x00000213dbd92d10, 0x00000213dbd919d0, 0x00000213dbd901c0,
0x00000213dbd8f820, 0x00000213dbd90b60, 0x00000213dbd8fcf0, 0x00000213dbd91ea0
}

Java Threads: ( => current thread )
  0x00000213c5a430b0 JavaThread "main" [_thread_blocked, id=6204, stack(0x0000009ba5f00000,0x0000009ba6000000)]
  0x00000213d984d740 JavaThread "Reference Handler" daemon [_thread_blocked, id=10016, stack(0x0000009ba6200000,0x0000009ba6300000)]
  0x00000213d984ead0 JavaThread "Finalizer" daemon [_thread_blocked, id=11896, stack(0x0000009ba6300000,0x0000009ba6400000)]
  0x00000213d9884d80 JavaThread "Signal Dispatcher" daemon [_thread_blocked, id=1776, stack(0x0000009ba6400000,0x0000009ba6500000)]
  0x00000213d9885b00 JavaThread "Attach Listener" daemon [_thread_blocked, id=10500, stack(0x0000009ba6500000,0x0000009ba6600000)]
  0x00000213d98895e0 JavaThread "Service Thread" daemon [_thread_blocked, id=8240, stack(0x0000009ba6600000,0x0000009ba6700000)]
  0x00000213d988a0a0 JavaThread "Monitor Deflation Thread" daemon [_thread_blocked, id=2056, stack(0x0000009ba6700000,0x0000009ba6800000)]
=>0x00000213d988cca0 JavaThread "C2 CompilerThread0" daemon [_thread_in_native, id=6964, stack(0x0000009ba6800000,0x0000009ba6900000)]
  0x00000213d98ba5d0 JavaThread "C1 CompilerThread0" daemon [_thread_blocked, id=1768, stack(0x0000009ba6900000,0x0000009ba6a00000)]
  0x00000213d98baae0 JavaThread "Sweeper thread" daemon [_thread_blocked, id=2940, stack(0x0000009ba6a00000,0x0000009ba6b00000)]
  0x00000213d9740ae0 JavaThread "Common-Cleaner" daemon [_thread_blocked, id=9316, stack(0x0000009ba6b00000,0x0000009ba6c00000)]
  0x00000213db405840 JavaThread "Notification Thread" daemon [_thread_blocked, id=10448, stack(0x0000009ba6c00000,0x0000009ba6d00000)]
  0x00000213dbaff7a0 JavaThread "Active Thread: Equinox Container: dfb7cd1b-c035-47cd-ae85-489ce94ee723" [_thread_blocked, id=4568, stack(0x0000009ba6e00000,0x0000009ba6f00000)]
  0x00000213dbb935f0 JavaThread "Framework Event Dispatcher: Equinox Container: dfb7cd1b-c035-47cd-ae85-489ce94ee723" daemon [_thread_blocked, id=1320, stack(0x0000009ba6f00000,0x0000009ba7000000)]
  0x00000213dbb94020 JavaThread "Start Level: Equinox Container: dfb7cd1b-c035-47cd-ae85-489ce94ee723" daemon [_thread_blocked, id=9732, stack(0x0000009ba7300000,0x0000009ba7400000)]
  0x00000213db93dc90 JavaThread "SCR Component Actor" daemon [_thread_blocked, id=4632, stack(0x0000009ba7400000,0x0000009ba7500000)]
  0x00000213dbbe6c50 JavaThread "Bundle File Closer" daemon [_thread_blocked, id=6332, stack(0x0000009ba7600000,0x0000009ba7700000)]
  0x00000213dbd92d10 JavaThread "Worker-JM" [_thread_blocked, id=9320, stack(0x0000009ba7700000,0x0000009ba7800000)]
  0x00000213dbd919d0 JavaThread "Worker-0: Updating Maven Dependencies" [_thread_in_vm, id=5968, stack(0x0000009ba7800000,0x0000009ba7900000)]
  0x00000213dbd901c0 JavaThread "Worker-1: Repository registry initialization" [_thread_blocked, id=2536, stack(0x0000009ba7900000,0x0000009ba7a00000)]
  0x00000213dbd8f820 JavaThread "Java indexing" daemon [_thread_blocked, id=4272, stack(0x0000009ba7a00000,0x0000009ba7b00000)]
  0x00000213dbd90b60 JavaThread "pool-2-thread-1" [_thread_blocked, id=5060, stack(0x0000009ba7500000,0x0000009ba7600000)]
  0x00000213dbd8fcf0 JavaThread "Worker-2" [_thread_blocked, id=7772, stack(0x0000009ba7b00000,0x0000009ba7c00000)]
  0x00000213dbd91ea0 JavaThread "Worker-3" [_thread_blocked, id=2764, stack(0x0000009ba7c00000,0x0000009ba7d00000)]

Other Threads:
  0x00000213d9838310 VMThread "VM Thread" [stack: 0x0000009ba6100000,0x0000009ba6200000] [id=6816]
  0x00000213db405d10 WatcherThread [stack: 0x0000009ba6d00000,0x0000009ba6e00000] [id=9196]
  0x00000213c5a58b00 GCTaskThread "GC Thread#0" [stack: 0x0000009ba6000000,0x0000009ba6100000] [id=9800]
  0x00000213dbb93ac0 GCTaskThread "GC Thread#1" [stack: 0x0000009ba7000000,0x0000009ba7100000] [id=1208]
  0x00000213dbb93d70 GCTaskThread "GC Thread#2" [stack: 0x0000009ba7100000,0x0000009ba7200000] [id=568]
  0x00000213dbbc5fa0 GCTaskThread "GC Thread#3" [stack: 0x0000009ba7200000,0x0000009ba7300000] [id=9560]

Threads with active compile tasks:
C2 CompilerThread0    25985 2888   !   4       org.eclipse.osgi.internal.loader.classpath.ClasspathManager::findLocalClass (210 bytes)
C1 CompilerThread0    25985 2957       3       java.util.regex.Pattern::next (33 bytes)

VM state: not at safepoint (normal execution)

VM Mutex/Monitor currently owned by a thread: None

Heap address: 0x00000000c0000000, size: 1024 MB, Compressed Oops mode: 32-bit

CDS archive(s) not mapped
Compressed class space mapped at: 0x0000000100000000-0x0000000140000000, reserved size: 1073741824
Narrow klass base: 0x0000000000000000, Narrow klass shift: 3, Narrow klass range: 0x140000000

GC Precious Log:
 CPUs: 4 total, 4 available
 Memory: 4094M
 Large Page Support: Disabled
 NUMA Support: Disabled
 Compressed Oops: Enabled (32-bit)
 Alignments: Space 512K, Generation 512K, Heap 2M
 Heap Min Capacity: 100M
 Heap Initial Capacity: 100M
 Heap Max Capacity: 1G
 Pre-touch: Disabled
 Parallel Workers: 4

Heap:
 PSYoungGen      total 29696K, used 3103K [0x00000000eab00000, 0x00000000ecd00000, 0x0000000100000000)
  eden space 25600K, 12% used [0x00000000eab00000,0x00000000eae07f98,0x00000000ec400000)
  from space 4096K, 0% used [0x00000000ec400000,0x00000000ec400000,0x00000000ec800000)
  to   space 4608K, 0% used [0x00000000ec880000,0x00000000ec880000,0x00000000ecd00000)
 ParOldGen       total 68608K, used 12276K [0x00000000c0000000, 0x00000000c4300000, 0x00000000eab00000)
  object space 68608K, 17% used [0x00000000c0000000,0x00000000c0bfd098,0x00000000c4300000)
 Metaspace       used 35965K, committed 36608K, reserved 1081344K
  class space    used 3846K, committed 4160K, reserved 1048576K

Card table byte_map: [0x00000213c53f0000,0x00000213c5600000] _byte_map_base: 0x00000213c4df0000

Marking Bits: (ParMarkBitMap*) 0x00007ffe72fc3af0
 Begin Bits: [0x00000213d76c0000, 0x00000213d86c0000)
 End Bits:   [0x00000213d86c0000, 0x00000213d96c0000)

Polling page: 0x00000213c3930000

Metaspace:

Usage:
  Non-class:     31.37 MB used.
      Class:      3.76 MB used.
       Both:     35.13 MB used.

Virtual space:
  Non-class space:       32.00 MB reserved,      31.69 MB (>99%) committed,  4 nodes.
      Class space:        1.00 GB reserved,       4.06 MB ( <1%) committed,  1 nodes.
             Both:        1.03 GB reserved,      35.75 MB (  3%) committed. 

Chunk freelists:
   Non-Class:  336.00 KB
       Class:  3.77 MB
        Both:  4.09 MB

MaxMetaspaceSize: unlimited
CompressedClassSpaceSize: 1.00 GB
Initial GC threshold: 21.00 MB
Current GC threshold: 58.38 MB
CDS: off
MetaspaceReclaimPolicy: balanced
 - commit_granule_bytes: 65536.
 - commit_granule_words: 8192.
 - virtual_space_node_default_size: 1048576.
 - enlarge_chunks_in_place: 1.
 - new_chunks_are_fully_committed: 0.
 - uncommit_free_chunks: 1.
 - use_allocation_guard: 0.
 - handle_deallocations: 1.


Internal statistics:

num_allocs_failed_limit: 6.
num_arena_births: 216.
num_arena_deaths: 0.
num_vsnodes_births: 5.
num_vsnodes_deaths: 0.
num_space_committed: 572.
num_space_uncommitted: 0.
num_chunks_returned_to_freelist: 6.
num_chunks_taken_from_freelist: 1299.
num_chunk_merges: 6.
num_chunk_splits: 877.
num_chunks_enlarged: 623.
num_purges: 0.
num_inconsistent_stats: 0.

CodeHeap 'non-profiled nmethods': size=120000Kb used=1071Kb max_used=1071Kb free=118928Kb
 bounds [0x00000213d0190000, 0x00000213d0400000, 0x00000213d76c0000]
CodeHeap 'profiled nmethods': size=120000Kb used=6161Kb max_used=6161Kb free=113838Kb
 bounds [0x00000213c8c60000, 0x00000213c9270000, 0x00000213d0190000]
CodeHeap 'non-nmethods': size=5760Kb used=1240Kb max_used=1259Kb free=4519Kb
 bounds [0x00000213c86c0000, 0x00000213c8930000, 0x00000213c8c60000]
 total_blobs=3511 nmethods=2953 adapters=473
 compilation: enabled
              stopped_count=0, restarted_count=0
 full_count=0

Compilation events (20 events):
Event: 25.909 Thread 0x00000213d98ba5d0 nmethod 2932 0x00000213c9251f90 code [0x00000213c9252180, 0x00000213c92525e8]
Event: 25.909 Thread 0x00000213d98ba5d0 2933       3       com.google.common.collect.Ordering::<init> (5 bytes)
Event: 25.910 Thread 0x00000213d98ba5d0 nmethod 2933 0x00000213c9252790 code [0x00000213c9252920, 0x00000213c9252a78]
Event: 25.910 Thread 0x00000213d98ba5d0 2934       3       com.google.inject.spi.InjectionPoint$3::compare (13 bytes)
Event: 25.910 Thread 0x00000213d98ba5d0 nmethod 2934 0x00000213c9252b10 code [0x00000213c9252cc0, 0x00000213c9252fc8]
Event: 25.910 Thread 0x00000213d98ba5d0 2935       3       com.google.inject.spi.InjectionPoint$3::compare (55 bytes)
Event: 25.912 Thread 0x00000213d98ba5d0 nmethod 2935 0x00000213c9253090 code [0x00000213c92533e0, 0x00000213c9254a58]
Event: 25.913 Thread 0x00000213d98ba5d0 2936       3       com.google.common.collect.Ordering::lexicographical (9 bytes)
Event: 25.913 Thread 0x00000213d98ba5d0 nmethod 2936 0x00000213c9255210 code [0x00000213c92553c0, 0x00000213c9255658]
Event: 25.913 Thread 0x00000213d98ba5d0 2937       3       com.google.common.collect.LexicographicalOrdering::<init> (10 bytes)
Event: 25.913 Thread 0x00000213d98ba5d0 nmethod 2937 0x00000213c9255790 code [0x00000213c9255940, 0x00000213c9255b18]
Event: 25.917 Thread 0x00000213d98ba5d0 2938       3       java.lang.reflect.ProxyGenerator$ProxyMethod::emitIconstInsn (75 bytes)
Event: 25.918 Thread 0x00000213d98ba5d0 nmethod 2938 0x00000213c9255c10 code [0x00000213c9255e40, 0x00000213c92566f8]
Event: 25.920 Thread 0x00000213d98ba5d0 2939       3       java.lang.System$2::getConstantPool (5 bytes)
Event: 25.920 Thread 0x00000213d98ba5d0 nmethod 2939 0x00000213c9256910 code [0x00000213c9256ac0, 0x00000213c9256c08]
Event: 25.920 Thread 0x00000213d98ba5d0 2940       3       sun.reflect.annotation.AnnotationParser::parseSig (62 bytes)
Event: 25.922 Thread 0x00000213d98ba5d0 nmethod 2940 0x00000213c9256d10 code [0x00000213c9256fe0, 0x00000213c9257f88]
Event: 25.922 Thread 0x00000213d98ba5d0 2943       3       jdk.internal.org.objectweb.asm.MethodWriter::visitLdcInsn (215 bytes)
Event: 25.923 Thread 0x00000213d98ba5d0 nmethod 2943 0x00000213c9258510 code [0x00000213c9258780, 0x00000213c92592a8]
Event: 25.923 Thread 0x00000213d98ba5d0 2944       3       jdk.internal.org.objectweb.asm.SymbolTable::addConstant (330 bytes)

GC Heap History (14 events):
Event: 10.410 GC heap before
{Heap before GC invocations=1 (full 0):
 PSYoungGen      total 29696K, used 25600K [0x00000000eab00000, 0x00000000ecc00000, 0x0000000100000000)
  eden space 25600K, 100% used [0x00000000eab00000,0x00000000ec400000,0x00000000ec400000)
  from space 4096K, 0% used [0x00000000ec800000,0x00000000ec800000,0x00000000ecc00000)
  to   space 4096K, 0% used [0x00000000ec400000,0x00000000ec400000,0x00000000ec800000)
 ParOldGen       total 68608K, used 0K [0x00000000c0000000, 0x00000000c4300000, 0x00000000eab00000)
  object space 68608K, 0% used [0x00000000c0000000,0x00000000c0000000,0x00000000c4300000)
 Metaspace       used 12987K, committed 13184K, reserved 1064960K
  class space    used 1310K, committed 1408K, reserved 1048576K
}
Event: 10.425 GC heap after
{Heap after GC invocations=1 (full 0):
 PSYoungGen      total 29696K, used 4088K [0x00000000eab00000, 0x00000000ecc00000, 0x0000000100000000)
  eden space 25600K, 0% used [0x00000000eab00000,0x00000000eab00000,0x00000000ec400000)
  from space 4096K, 99% used [0x00000000ec400000,0x00000000ec7fe2e8,0x00000000ec800000)
  to   space 4096K, 0% used [0x00000000ec800000,0x00000000ec800000,0x00000000ecc00000)
 ParOldGen       total 68608K, used 648K [0x00000000c0000000, 0x00000000c4300000, 0x00000000eab00000)
  object space 68608K, 0% used [0x00000000c0000000,0x00000000c00a2020,0x00000000c4300000)
 Metaspace       used 12987K, committed 13184K, reserved 1064960K
  class space    used 1310K, committed 1408K, reserved 1048576K
}
Event: 16.716 GC heap before
{Heap before GC invocations=2 (full 0):
 PSYoungGen      total 29696K, used 29453K [0x00000000eab00000, 0x00000000ecc00000, 0x0000000100000000)
  eden space 25600K, 99% used [0x00000000eab00000,0x00000000ec3c5398,0x00000000ec400000)
  from space 4096K, 99% used [0x00000000ec400000,0x00000000ec7fe2e8,0x00000000ec800000)
  to   space 4096K, 0% used [0x00000000ec800000,0x00000000ec800000,0x00000000ecc00000)
 ParOldGen       total 68608K, used 648K [0x00000000c0000000, 0x00000000c4300000, 0x00000000eab00000)
  object space 68608K, 0% used [0x00000000c0000000,0x00000000c00a2020,0x00000000c4300000)
 Metaspace       used 20986K, committed 21376K, reserved 1073152K
  class space    used 2116K, committed 2304K, reserved 1048576K
}
Event: 16.739 GC heap after
{Heap after GC invocations=2 (full 0):
 PSYoungGen      total 29696K, used 4093K [0x00000000eab00000, 0x00000000ecc00000, 0x0000000100000000)
  eden space 25600K, 0% used [0x00000000eab00000,0x00000000eab00000,0x00000000ec400000)
  from space 4096K, 99% used [0x00000000ec800000,0x00000000ecbff740,0x00000000ecc00000)
  to   space 4096K, 0% used [0x00000000ec400000,0x00000000ec400000,0x00000000ec800000)
 ParOldGen       total 68608K, used 5654K [0x00000000c0000000, 0x00000000c4300000, 0x00000000eab00000)
  object space 68608K, 8% used [0x00000000c0000000,0x00000000c05858e8,0x00000000c4300000)
 Metaspace       used 20986K, committed 21376K, reserved 1073152K
  class space    used 2116K, committed 2304K, reserved 1048576K
}
Event: 16.748 GC heap before
{Heap before GC invocations=3 (full 0):
 PSYoungGen      total 29696K, used 4975K [0x00000000eab00000, 0x00000000ecc00000, 0x0000000100000000)
  eden space 25600K, 3% used [0x00000000eab00000,0x00000000eabdc578,0x00000000ec400000)
  from space 4096K, 99% used [0x00000000ec800000,0x00000000ecbff740,0x00000000ecc00000)
  to   space 4096K, 0% used [0x00000000ec400000,0x00000000ec400000,0x00000000ec800000)
 ParOldGen       total 68608K, used 5654K [0x00000000c0000000, 0x00000000c4300000, 0x00000000eab00000)
  object space 68608K, 8% used [0x00000000c0000000,0x00000000c05858e8,0x00000000c4300000)
 Metaspace       used 21145K, committed 21504K, reserved 1073152K
  class space    used 2118K, committed 2304K, reserved 1048576K
}
Event: 16.757 GC heap after
{Heap after GC invocations=3 (full 0):
 PSYoungGen      total 29696K, used 4095K [0x00000000eab00000, 0x00000000ecc00000, 0x0000000100000000)
  eden space 25600K, 0% used [0x00000000eab00000,0x00000000eab00000,0x00000000ec400000)
  from space 4096K, 99% used [0x00000000ec400000,0x00000000ec7ffc60,0x00000000ec800000)
  to   space 4096K, 0% used [0x00000000ec800000,0x00000000ec800000,0x00000000ecc00000)
 ParOldGen       total 68608K, used 6168K [0x00000000c0000000, 0x00000000c4300000, 0x00000000eab00000)
  object space 68608K, 8% used [0x00000000c0000000,0x00000000c0606270,0x00000000c4300000)
 Metaspace       used 21145K, committed 21504K, reserved 1073152K
  class space    used 2118K, committed 2304K, reserved 1048576K
}
Event: 16.757 GC heap before
{Heap before GC invocations=4 (full 1):
 PSYoungGen      total 29696K, used 4095K [0x00000000eab00000, 0x00000000ecc00000, 0x0000000100000000)
  eden space 25600K, 0% used [0x00000000eab00000,0x00000000eab00000,0x00000000ec400000)
  from space 4096K, 99% used [0x00000000ec400000,0x00000000ec7ffc60,0x00000000ec800000)
  to   space 4096K, 0% used [0x00000000ec800000,0x00000000ec800000,0x00000000ecc00000)
 ParOldGen       total 68608K, used 6168K [0x00000000c0000000, 0x00000000c4300000, 0x00000000eab00000)
  object space 68608K, 8% used [0x00000000c0000000,0x00000000c0606270,0x00000000c4300000)
 Metaspace       used 21145K, committed 21504K, reserved 1073152K
  class space    used 2118K, committed 2304K, reserved 1048576K
}
Event: 16.795 GC heap after
{Heap after GC invocations=4 (full 1):
 PSYoungGen      total 29696K, used 0K [0x00000000eab00000, 0x00000000ecc00000, 0x0000000100000000)
  eden space 25600K, 0% used [0x00000000eab00000,0x00000000eab00000,0x00000000ec400000)
  from space 4096K, 0% used [0x00000000ec400000,0x00000000ec400000,0x00000000ec800000)
  to   space 4096K, 0% used [0x00000000ec800000,0x00000000ec800000,0x00000000ecc00000)
 ParOldGen       total 68608K, used 9796K [0x00000000c0000000, 0x00000000c4300000, 0x00000000eab00000)
  object space 68608K, 14% used [0x00000000c0000000,0x00000000c0991190,0x00000000c4300000)
 Metaspace       used 21145K, committed 21504K, reserved 1073152K
  class space    used 2118K, committed 2304K, reserved 1048576K
}
Event: 24.385 GC heap before
{Heap before GC invocations=5 (full 1):
 PSYoungGen      total 29696K, used 25600K [0x00000000eab00000, 0x00000000ecc00000, 0x0000000100000000)
  eden space 25600K, 100% used [0x00000000eab00000,0x00000000ec400000,0x00000000ec400000)
  from space 4096K, 0% used [0x00000000ec400000,0x00000000ec400000,0x00000000ec800000)
  to   space 4096K, 0% used [0x00000000ec800000,0x00000000ec800000,0x00000000ecc00000)
 ParOldGen       total 68608K, used 9796K [0x00000000c0000000, 0x00000000c4300000, 0x00000000eab00000)
  object space 68608K, 14% used [0x00000000c0000000,0x00000000c0991190,0x00000000c4300000)
 Metaspace       used 27919K, committed 28352K, reserved 1081344K
  class space    used 2747K, committed 2944K, reserved 1048576K
}
Event: 24.390 GC heap after
{Heap after GC invocations=5 (full 1):
 PSYoungGen      total 29696K, used 2004K [0x00000000eab00000, 0x00000000ecc00000, 0x0000000100000000)
  eden space 25600K, 0% used [0x00000000eab00000,0x00000000eab00000,0x00000000ec400000)
  from space 4096K, 48% used [0x00000000ec800000,0x00000000ec9f50a0,0x00000000ecc00000)
  to   space 4096K, 0% used [0x00000000ec400000,0x00000000ec400000,0x00000000ec800000)
 ParOldGen       total 68608K, used 9804K [0x00000000c0000000, 0x00000000c4300000, 0x00000000eab00000)
  object space 68608K, 14% used [0x00000000c0000000,0x00000000c0993190,0x00000000c4300000)
 Metaspace       used 27919K, committed 28352K, reserved 1081344K
  class space    used 2747K, committed 2944K, reserved 1048576K
}
Event: 25.748 GC heap before
{Heap before GC invocations=6 (full 1):
 PSYoungGen      total 29696K, used 24225K [0x00000000eab00000, 0x00000000ecc00000, 0x0000000100000000)
  eden space 25600K, 86% used [0x00000000eab00000,0x00000000ec0b3620,0x00000000ec400000)
  from space 4096K, 48% used [0x00000000ec800000,0x00000000ec9f50a0,0x00000000ecc00000)
  to   space 4096K, 0% used [0x00000000ec400000,0x00000000ec400000,0x00000000ec800000)
 ParOldGen       total 68608K, used 9804K [0x00000000c0000000, 0x00000000c4300000, 0x00000000eab00000)
  object space 68608K, 14% used [0x00000000c0000000,0x00000000c0993190,0x00000000c4300000)
 Metaspace       used 35218K, committed 35840K, reserved 1081344K
  class space    used 3744K, committed 4096K, reserved 1048576K
}
Event: 25.757 GC heap after
{Heap after GC invocations=6 (full 1):
 PSYoungGen      total 29696K, used 4023K [0x00000000eab00000, 0x00000000ecd00000, 0x0000000100000000)
  eden space 25600K, 0% used [0x00000000eab00000,0x00000000eab00000,0x00000000ec400000)
  from space 4096K, 98% used [0x00000000ec400000,0x00000000ec7ede20,0x00000000ec800000)
  to   space 4608K, 0% used [0x00000000ec880000,0x00000000ec880000,0x00000000ecd00000)
 ParOldGen       total 68608K, used 9812K [0x00000000c0000000, 0x00000000c4300000, 0x00000000eab00000)
  object space 68608K, 14% used [0x00000000c0000000,0x00000000c0995190,0x00000000c4300000)
 Metaspace       used 35218K, committed 35840K, reserved 1081344K
  class space    used 3744K, committed 4096K, reserved 1048576K
}
Event: 25.757 GC heap before
{Heap before GC invocations=7 (full 2):
 PSYoungGen      total 29696K, used 4023K [0x00000000eab00000, 0x00000000ecd00000, 0x0000000100000000)
  eden space 25600K, 0% used [0x00000000eab00000,0x00000000eab00000,0x00000000ec400000)
  from space 4096K, 98% used [0x00000000ec400000,0x00000000ec7ede20,0x00000000ec800000)
  to   space 4608K, 0% used [0x00000000ec880000,0x00000000ec880000,0x00000000ecd00000)
 ParOldGen       total 68608K, used 9812K [0x00000000c0000000, 0x00000000c4300000, 0x00000000eab00000)
  object space 68608K, 14% used [0x00000000c0000000,0x00000000c0995190,0x00000000c4300000)
 Metaspace       used 35218K, committed 35840K, reserved 1081344K
  class space    used 3744K, committed 4096K, reserved 1048576K
}
Event: 25.808 GC heap after
{Heap after GC invocations=7 (full 2):
 PSYoungGen      total 29696K, used 0K [0x00000000eab00000, 0x00000000ecd00000, 0x0000000100000000)
  eden space 25600K, 0% used [0x00000000eab00000,0x00000000eab00000,0x00000000ec400000)
  from space 4096K, 0% used [0x00000000ec400000,0x00000000ec400000,0x00000000ec800000)
  to   space 4608K, 0% used [0x00000000ec880000,0x00000000ec880000,0x00000000ecd00000)
 ParOldGen       total 68608K, used 12276K [0x00000000c0000000, 0x00000000c4300000, 0x00000000eab00000)
  object space 68608K, 17% used [0x00000000c0000000,0x00000000c0bfd098,0x00000000c4300000)
 Metaspace       used 35218K, committed 35840K, reserved 1081344K
  class space    used 3744K, committed 4096K, reserved 1048576K
}

Deoptimization events (20 events):
Event: 25.166 Thread 0x00000213dbd90b60 Uncommon trap: trap_request=0xffffff45 fr.pc=0x00000213d0284e1c relative=0x000000000000017c
Event: 25.166 Thread 0x00000213dbd90b60 Uncommon trap: reason=unstable_if action=reinterpret pc=0x00000213d0284e1c method=java.util.zip.ZipCoder.hash(Ljava/lang/String;)I @ 11 c2
Event: 25.166 Thread 0x00000213dbd90b60 DEOPT PACKING pc=0x00000213d0284e1c sp=0x0000009ba75fd900
Event: 25.166 Thread 0x00000213dbd90b60 DEOPT UNPACKING pc=0x00000213c871209d sp=0x0000009ba75fd898 mode 2
Event: 25.724 Thread 0x00000213dbd919d0 Uncommon trap: trap_request=0xffffff45 fr.pc=0x00000213d0249a58 relative=0x0000000000000298
Event: 25.724 Thread 0x00000213dbd919d0 Uncommon trap: reason=unstable_if action=reinterpret pc=0x00000213d0249a58 method=java.util.HashMap.getNode(Ljava/lang/Object;)Ljava/util/HashMap$Node; @ 66 c2
Event: 25.724 Thread 0x00000213dbd919d0 DEOPT PACKING pc=0x00000213d0249a58 sp=0x0000009ba78fe720
Event: 25.724 Thread 0x00000213dbd919d0 DEOPT UNPACKING pc=0x00000213c871209d sp=0x0000009ba78fe648 mode 2
Event: 25.724 Thread 0x00000213dbd919d0 Uncommon trap: trap_request=0xffffffc6 fr.pc=0x00000213d02477dc relative=0x000000000000083c
Event: 25.724 Thread 0x00000213dbd919d0 Uncommon trap: reason=bimorphic_or_optimized_type_check action=maybe_recompile pc=0x00000213d02477dc method=java.util.HashMap.putVal(ILjava/lang/Object;Ljava/lang/Object;ZZ)Ljava/lang/Object; @ 91 c2
Event: 25.724 Thread 0x00000213dbd919d0 DEOPT PACKING pc=0x00000213d02477dc sp=0x0000009ba78fe710
Event: 25.724 Thread 0x00000213dbd919d0 DEOPT UNPACKING pc=0x00000213c871209d sp=0x0000009ba78fe618 mode 2
Event: 25.737 Thread 0x00000213dbd919d0 Uncommon trap: trap_request=0xffffff45 fr.pc=0x00000213d023d6cc relative=0x000000000000028c
Event: 25.737 Thread 0x00000213dbd919d0 Uncommon trap: reason=unstable_if action=reinterpret pc=0x00000213d023d6cc method=java.util.HashMap.getNode(Ljava/lang/Object;)Ljava/util/HashMap$Node; @ 66 c2
Event: 25.737 Thread 0x00000213dbd919d0 DEOPT PACKING pc=0x00000213d023d6cc sp=0x0000009ba78fe5a0
Event: 25.737 Thread 0x00000213dbd919d0 DEOPT UNPACKING pc=0x00000213c871209d sp=0x0000009ba78fe530 mode 2
Event: 25.737 Thread 0x00000213dbd919d0 Uncommon trap: trap_request=0xffffffc6 fr.pc=0x00000213d02477dc relative=0x000000000000083c
Event: 25.737 Thread 0x00000213dbd919d0 Uncommon trap: reason=bimorphic_or_optimized_type_check action=maybe_recompile pc=0x00000213d02477dc method=java.util.HashMap.putVal(ILjava/lang/Object;Ljava/lang/Object;ZZ)Ljava/lang/Object; @ 91 c2
Event: 25.737 Thread 0x00000213dbd919d0 DEOPT PACKING pc=0x00000213d02477dc sp=0x0000009ba78fe5f0
Event: 25.737 Thread 0x00000213dbd919d0 DEOPT UNPACKING pc=0x00000213c871209d sp=0x0000009ba78fe4f8 mode 2

Classes unloaded (0 events):
No events

Classes redefined (0 events):
No events

Internal exceptions (20 events):
Event: 17.287 Thread 0x00000213dbb94020 Exception <a 'java/io/FileNotFoundException'{0x00000000ec02d2a0}> (0x00000000ec02d2a0) 
thrown [e:\jenkins\tmp\workspace\build\src\src\hotspot\share\prims\jni.cpp, line 516]
Event: 24.508 Thread 0x00000213dbb94020 Exception <a 'java/lang/NoSuchMethodError'{0x00000000ead93670}: 'org.slf4j.impl.StaticMDCBinder org.slf4j.impl.StaticMDCBinder.getSingleton()'> (0x00000000ead93670) 
thrown [e:\jenkins\tmp\workspace\build\src\src\hotspot\share\interpreter\linkResolver.cpp, line 766]
Event: 24.557 Thread 0x00000213dbb94020 Exception <a 'java/io/FileNotFoundException'{0x00000000eaeb9728}> (0x00000000eaeb9728) 
thrown [e:\jenkins\tmp\workspace\build\src\src\hotspot\share\prims\jni.cpp, line 516]
Event: 24.595 Thread 0x00000213dbb94020 Exception <a 'java/io/FileNotFoundException'{0x00000000eaefbcd0}> (0x00000000eaefbcd0) 
thrown [e:\jenkins\tmp\workspace\build\src\src\hotspot\share\prims\jni.cpp, line 516]
Event: 24.605 Thread 0x00000213dbb94020 Exception <a 'java/io/FileNotFoundException'{0x00000000eaf27018}> (0x00000000eaf27018) 
thrown [e:\jenkins\tmp\workspace\build\src\src\hotspot\share\prims\jni.cpp, line 516]
Event: 24.741 Thread 0x00000213dbb94020 Implicit null exception at 0x00000213d0253dca to 0x00000213d02548e0
Event: 24.742 Thread 0x00000213dbb94020 Exception <a 'java/lang/NoSuchMethodError'{0x00000000eb19efd8}: 'void java.lang.invoke.DirectMethodHandle$Holder.invokeStatic(java.lang.Object, java.lang.Object, java.lang.Object, java.lang.Object)'> (0x00000000eb19efd8) 
thrown [e:\jenkins\tmp\workspace\build\src\src\hotspot\share\interpreter\linkResolver.cpp, line 766]
Event: 24.776 Thread 0x00000213c5a430b0 Exception <a 'java/io/FileNotFoundException'{0x00000000eb2f7158}> (0x00000000eb2f7158) 
thrown [e:\jenkins\tmp\workspace\build\src\src\hotspot\share\prims\jni.cpp, line 516]
Event: 24.960 Thread 0x00000213c5a430b0 Exception <a 'java/lang/NoSuchMethodError'{0x00000000eb7de4b0}: 'java.lang.Object java.lang.invoke.DirectMethodHandle$Holder.newInvokeSpecial(java.lang.Object, java.lang.Object, java.lang.Object, java.lang.Object, java.lang.Object)'> (0x00000000eb7de4b0) 
thrown [e:\jenkins\tmp\workspace\build\src\src\hotspot\share\interpreter\linkResolver.cpp, line 766]
Event: 25.077 Thread 0x00000213dbd90b60 Exception <a 'java/io/FileNotFoundException'{0x00000000eba140a8}> (0x00000000eba140a8) 
thrown [e:\jenkins\tmp\workspace\build\src\src\hotspot\share\prims\jni.cpp, line 516]
Event: 25.092 Thread 0x00000213dbd90b60 Exception <a 'sun/nio/fs/WindowsException'{0x00000000eba5f548}> (0x00000000eba5f548) 
thrown [e:\jenkins\tmp\workspace\build\src\src\hotspot\share\prims\jni.cpp, line 516]
Event: 25.154 Thread 0x00000213dbd90b60 Exception <a 'sun/nio/fs/WindowsException'{0x00000000ebb814d0}> (0x00000000ebb814d0) 
thrown [e:\jenkins\tmp\workspace\build\src\src\hotspot\share\prims\jni.cpp, line 516]
Event: 25.201 Thread 0x00000213dbd90b60 Exception <a 'java/lang/NoSuchMethodError'{0x00000000ebbd5398}: 'void java.lang.invoke.DirectMethodHandle$Holder.invokeStatic(java.lang.Object, long)'> (0x00000000ebbd5398) 
thrown [e:\jenkins\tmp\workspace\build\src\src\hotspot\share\interpreter\linkResolver.cpp, line 766]
Event: 25.202 Thread 0x00000213dbd90b60 Exception <a 'java/lang/NoSuchMethodError'{0x00000000ebc06050}: 'java.lang.Object java.lang.invoke.DirectMethodHandle$Holder.newInvokeSpecial(java.lang.Object, long)'> (0x00000000ebc06050) 
thrown [e:\jenkins\tmp\workspace\build\src\src\hotspot\share\interpreter\linkResolver.cpp, line 766]
Event: 25.207 Thread 0x00000213dbd90b60 Exception <a 'java/lang/NoSuchMethodError'{0x00000000ebc0d348}: 'java.lang.Object java.lang.invoke.DirectMethodHandle$Holder.invokeStatic(java.lang.Object, java.lang.Object, long, java.lang.Object)'> (0x00000000ebc0d348) 
thrown [e:\jenkins\tmp\workspace\build\src\src\hotspot\share\interpreter\linkResolver.cpp, line 766]
Event: 25.207 Thread 0x00000213dbd90b60 Exception <a 'java/lang/NoSuchMethodError'{0x00000000ebc10de0}: 'java.lang.Object java.lang.invoke.DirectMethodHandle$Holder.invokeStaticInit(java.lang.Object, java.lang.Object, long, java.lang.Object)'> (0x00000000ebc10de0) 
thrown [e:\jenkins\tmp\workspace\build\src\src\hotspot\share\interpreter\linkResolver.cpp, line 766]
Event: 25.208 Thread 0x00000213dbd90b60 Exception <a 'java/lang/NoSuchMethodError'{0x00000000ebc173f0}: 'java.lang.Object java.lang.invoke.DirectMethodHandle$Holder.newInvokeSpecial(java.lang.Object, java.lang.Object, long)'> (0x00000000ebc173f0) 
thrown [e:\jenkins\tmp\workspace\build\src\src\hotspot\share\interpreter\linkResolver.cpp, line 766]
Event: 25.210 Thread 0x00000213dbd90b60 Exception <a 'java/lang/NoSuchMethodError'{0x00000000ebc1b208}: 'java.lang.Object java.lang.invoke.Invokers$Holder.linkToTargetMethod(java.lang.Object, long, java.lang.Object)'> (0x00000000ebc1b208) 
thrown [e:\jenkins\tmp\workspace\build\src\src\hotspot\share\interpreter\linkResolver.cpp, line 766]
Event: 25.225 Thread 0x00000213dbd90b60 Exception <a 'java/lang/NoSuchMethodError'{0x00000000ebc5b9d0}: 'void java.lang.invoke.DirectMethodHandle$Holder.invokeVirtual(java.lang.Object, java.lang.Object)'> (0x00000000ebc5b9d0) 
thrown [e:\jenkins\tmp\workspace\build\src\src\hotspot\share\interpreter\linkResolver.cpp, line 766]
Event: 25.704 Thread 0x00000213dbd90690 Exception <a 'java/lang/InterruptedException'{0x00000000ebfbf760}> (0x00000000ebfbf760) 
thrown [e:\jenkins\tmp\workspace\build\src\src\hotspot\share\runtime\objectMonitor.cpp, line 1661]

VM Operations (20 events):
Event: 20.247 Executing VM operation: Cleanup
Event: 20.247 Executing VM operation: Cleanup done
Event: 22.261 Executing VM operation: Cleanup
Event: 22.261 Executing VM operation: Cleanup done
Event: 23.262 Executing VM operation: Cleanup
Event: 23.262 Executing VM operation: Cleanup done
Event: 24.385 Executing VM operation: ParallelGCFailedAllocation
Event: 24.390 Executing VM operation: ParallelGCFailedAllocation done
Event: 25.167 Executing VM operation: HandshakeAllThreads
Event: 25.167 Executing VM operation: HandshakeAllThreads done
Event: 25.214 Executing VM operation: HandshakeAllThreads
Event: 25.214 Executing VM operation: HandshakeAllThreads done
Event: 25.525 Executing VM operation: HandshakeAllThreads
Event: 25.525 Executing VM operation: HandshakeAllThreads done
Event: 25.525 Executing VM operation: Cleanup
Event: 25.525 Executing VM operation: Cleanup done
Event: 25.542 Executing VM operation: HandshakeAllThreads
Event: 25.542 Executing VM operation: HandshakeAllThreads done
Event: 25.748 Executing VM operation: CollectForMetadataAllocation
Event: 25.808 Executing VM operation: CollectForMetadataAllocation done

Events (20 events):
Event: 25.224 Thread 0x00000213dbd91030 Thread added: 0x00000213dbd91030
Event: 25.226 Thread 0x00000213dbd90690 Thread added: 0x00000213dbd90690
Event: 25.227 Thread 0x00000213dbd91500 Thread added: 0x00000213dbd91500
Event: 25.537 loading class java/lang/TypeNotPresentException
Event: 25.537 loading class java/lang/TypeNotPresentException done
Event: 25.590 loading class java/io/FilterReader
Event: 25.590 loading class java/io/FilterReader done
Event: 25.697 Thread 0x00000213dbd91ea0 Thread exited: 0x00000213dbd91ea0
Event: 25.698 Thread 0x00000213dbd91030 Thread exited: 0x00000213dbd91030
Event: 25.705 Thread 0x00000213dbd90690 Thread exited: 0x00000213dbd90690
Event: 25.705 Thread 0x00000213dbd91ea0 Thread added: 0x00000213dbd91ea0
Event: 25.708 Thread 0x00000213dbd91500 Thread exited: 0x00000213dbd91500
Event: 25.810 Thread 0x00000213dbd92370 Thread added: 0x00000213dbd92370
Event: 25.810 Thread 0x00000213dbd91030 Thread added: 0x00000213dbd91030
Event: 25.810 Thread 0x00000213dbd92840 Thread added: 0x00000213dbd92840
Event: 25.810 Thread 0x00000213dbd91500 Thread added: 0x00000213dbd91500
Event: 25.838 loading class java/lang/annotation/ElementType
Event: 25.838 loading class java/lang/annotation/ElementType done
Event: 25.871 loading class java/util/ServiceConfigurationError
Event: 25.871 loading class java/util/ServiceConfigurationError done


Dynamic libraries:
0x00007ff6e26b0000 - 0x00007ff6e26be000 	c:\Users\ALEX\.vscode\extensions\redhat.java-1.4.0\jre\17.0.2-win32-x86_64\bin\java.exe
0x00007ffea6750000 - 0x00007ffea6931000 	C:\WINDOWS\SYSTEM32\ntdll.dll
0x00007ffea4440000 - 0x00007ffea44f1000 	C:\WINDOWS\System32\KERNEL32.DLL
0x00007ffea2b50000 - 0x00007ffea2dc3000 	C:\WINDOWS\System32\KERNELBASE.dll
0x00007ffea3aa0000 - 0x00007ffea3b98000 	C:\WINDOWS\System32\ucrtbase.dll
0x00007ffe9c550000 - 0x00007ffe9c568000 	c:\Users\ALEX\.vscode\extensions\redhat.java-1.4.0\jre\17.0.2-win32-x86_64\bin\jli.dll
0x00007ffe9bf00000 - 0x00007ffe9bf19000 	c:\Users\ALEX\.vscode\extensions\redhat.java-1.4.0\jre\17.0.2-win32-x86_64\bin\VCRUNTIME140.dll
0x00007ffea3ba0000 - 0x00007ffea3d30000 	C:\WINDOWS\System32\USER32.dll
0x00007ffea36e0000 - 0x00007ffea3700000 	C:\WINDOWS\System32\win32u.dll
0x00007ffea5a50000 - 0x00007ffea5a78000 	C:\WINDOWS\System32\GDI32.dll
0x00007ffe92850000 - 0x00007ffe92ab9000 	C:\WINDOWS\WinSxS\amd64_microsoft.windows.common-controls_6595b64144ccf1df_6.0.17134.1345_none_d3ffd07b7c9058ed\COMCTL32.dll
0x00007ffea3540000 - 0x00007ffea36d1000 	C:\WINDOWS\System32\gdi32full.dll
0x00007ffea3700000 - 0x00007ffea379f000 	C:\WINDOWS\System32\msvcp_win.dll
0x00007ffea41c0000 - 0x00007ffea425e000 	C:\WINDOWS\System32\msvcrt.dll
0x00007ffea5ca0000 - 0x00007ffea5fc1000 	C:\WINDOWS\System32\combase.dll
0x00007ffea3ee0000 - 0x00007ffea4004000 	C:\WINDOWS\System32\RPCRT4.dll
0x00007ffea2ad0000 - 0x00007ffea2b49000 	C:\WINDOWS\System32\bcryptPrimitives.dll
0x00007ffea5a20000 - 0x00007ffea5a4d000 	C:\WINDOWS\System32\IMM32.DLL
0x00007ffe9d1c0000 - 0x00007ffe9d1cc000 	c:\Users\ALEX\.vscode\extensions\redhat.java-1.4.0\jre\17.0.2-win32-x86_64\bin\vcruntime140_1.dll
0x00007ffe83b10000 - 0x00007ffe83ba1000 	c:\Users\ALEX\.vscode\extensions\redhat.java-1.4.0\jre\17.0.2-win32-x86_64\bin\msvcp140.dll
0x00007ffe72440000 - 0x00007ffe73087000 	c:\Users\ALEX\.vscode\extensions\redhat.java-1.4.0\jre\17.0.2-win32-x86_64\bin\server\jvm.dll
0x00007ffea4010000 - 0x00007ffea40b1000 	C:\WINDOWS\System32\ADVAPI32.dll
0x00007ffea3dd0000 - 0x00007ffea3e2b000 	C:\WINDOWS\System32\sechost.dll
0x00007ffea5fd0000 - 0x00007ffea5fd8000 	C:\WINDOWS\System32\PSAPI.DLL
0x00007ffe8a1e0000 - 0x00007ffe8a1e9000 	C:\WINDOWS\SYSTEM32\WSOCK32.dll
0x00007ffea5fe0000 - 0x00007ffea604c000 	C:\WINDOWS\System32\WS2_32.dll
0x00007ffea0b70000 - 0x00007ffea0b93000 	C:\WINDOWS\SYSTEM32\WINMM.dll
0x00007ffea1650000 - 0x00007ffea165a000 	C:\WINDOWS\SYSTEM32\VERSION.dll
0x00007ffea0ab0000 - 0x00007ffea0ada000 	C:\WINDOWS\SYSTEM32\WINMMBASE.dll
0x00007ffea34f0000 - 0x00007ffea3539000 	C:\WINDOWS\System32\cfgmgr32.dll
0x00007ffea2a80000 - 0x00007ffea2a91000 	C:\WINDOWS\System32\kernel.appcore.dll
0x00007ffe9c220000 - 0x00007ffe9c22a000 	c:\Users\ALEX\.vscode\extensions\redhat.java-1.4.0\jre\17.0.2-win32-x86_64\bin\jimage.dll
0x00007ffe8d200000 - 0x00007ffe8d3c9000 	C:\WINDOWS\SYSTEM32\DBGHELP.DLL
0x00007ffe8d1d0000 - 0x00007ffe8d1f9000 	C:\WINDOWS\SYSTEM32\dbgcore.DLL
0x00007ffe8fe10000 - 0x00007ffe8fe35000 	c:\Users\ALEX\.vscode\extensions\redhat.java-1.4.0\jre\17.0.2-win32-x86_64\bin\java.dll
0x00007ffe9b990000 - 0x00007ffe9b9a8000 	c:\Users\ALEX\.vscode\extensions\redhat.java-1.4.0\jre\17.0.2-win32-x86_64\bin\zip.dll
0x00007ffea45d0000 - 0x00007ffea5a15000 	C:\WINDOWS\System32\SHELL32.dll
0x00007ffea3e30000 - 0x00007ffea3ed9000 	C:\WINDOWS\System32\shcore.dll
0x00007ffea2dd0000 - 0x00007ffea34e1000 	C:\WINDOWS\System32\windows.storage.dll
0x00007ffea5a80000 - 0x00007ffea5ad1000 	C:\WINDOWS\System32\shlwapi.dll
0x00007ffea2a60000 - 0x00007ffea2a7f000 	C:\WINDOWS\System32\profapi.dll
0x00007ffea2a10000 - 0x00007ffea2a5c000 	C:\WINDOWS\System32\powrprof.dll
0x00007ffea29f0000 - 0x00007ffea2a09000 	C:\WINDOWS\System32\Wldp.dll
0x00007ffea37a0000 - 0x00007ffea3982000 	C:\WINDOWS\System32\CRYPT32.dll
0x00007ffea2aa0000 - 0x00007ffea2ab2000 	C:\WINDOWS\System32\MSASN1.dll
0x00007ffea3990000 - 0x00007ffea39e7000 	C:\WINDOWS\System32\WINTRUST.dll
0x00007ffea2ac0000 - 0x00007ffea2aca000 	C:\WINDOWS\System32\FLTLIB.DLL
0x00007ffe9bd30000 - 0x00007ffe9bd49000 	C:\Users\ALEX\.vscode\extensions\redhat.java-1.4.0\jre\17.0.2-win32-x86_64\bin\net.dll
0x00007ffe9b3f0000 - 0x00007ffe9b4cd000 	C:\WINDOWS\SYSTEM32\WINHTTP.dll
0x00007ffea2290000 - 0x00007ffea22f6000 	C:\WINDOWS\system32\mswsock.dll
0x00007ffe9b730000 - 0x00007ffe9b745000 	C:\Users\ALEX\.vscode\extensions\redhat.java-1.4.0\jre\17.0.2-win32-x86_64\bin\nio.dll
0x00007ffea2440000 - 0x00007ffea2457000 	C:\WINDOWS\SYSTEM32\CRYPTSP.dll
0x00007ffea1e40000 - 0x00007ffea1e73000 	C:\WINDOWS\system32\rsaenh.dll
0x00007ffea2550000 - 0x00007ffea2575000 	C:\WINDOWS\SYSTEM32\bcrypt.dll
0x00007ffea2920000 - 0x00007ffea2948000 	C:\WINDOWS\SYSTEM32\USERENV.dll
0x00007ffea2460000 - 0x00007ffea246b000 	C:\WINDOWS\SYSTEM32\CRYPTBASE.dll
0x00007ffea1fe0000 - 0x00007ffea2018000 	C:\WINDOWS\SYSTEM32\IPHLPAPI.DLL
0x00007ffea6270000 - 0x00007ffea6278000 	C:\WINDOWS\System32\NSI.dll
0x00007ffe9d1a0000 - 0x00007ffe9d1b6000 	C:\WINDOWS\SYSTEM32\dhcpcsvc6.DLL
0x00007ffe9d330000 - 0x00007ffe9d34a000 	C:\WINDOWS\SYSTEM32\dhcpcsvc.DLL
0x00007ffe8f470000 - 0x00007ffe8f4ae000 	C:\Users\ALEX\AppData\Roaming\Code\User\globalStorage\redhat.java\1.4.0\config_win\org.eclipse.equinox.launcher\org.eclipse.equinox.launcher.win32.win32.x86_64_1.2.400.v20211117-0650\eclipse_11602.dll
0x00007ffea5b40000 - 0x00007ffea5c91000 	C:\WINDOWS\System32\ole32.dll
0x00007ffe9c1d0000 - 0x00007ffe9c1e0000 	c:\Users\ALEX\.vscode\extensions\redhat.java-1.4.0\jre\17.0.2-win32-x86_64\bin\verify.dll
0x00007ffe9ac30000 - 0x00007ffe9ac41000 	C:\Users\ALEX\AppData\Roaming\Code\User\globalStorage\redhat.java\1.4.0\config_win\org.eclipse.osgi\22\0\.cp\jWinHttp-1.0.0.dll

dbghelp: loaded successfully - version: 4.0.5 - missing functions: none
symbol engine: initialized successfully - sym options: 0x614 - pdb path: .;c:\Users\ALEX\.vscode\extensions\redhat.java-1.4.0\jre\17.0.2-win32-x86_64\bin;C:\WINDOWS\SYSTEM32;C:\WINDOWS\WinSxS\amd64_microsoft.windows.common-controls_6595b64144ccf1df_6.0.17134.1345_none_d3ffd07b7c9058ed;c:\Users\ALEX\.vscode\extensions\redhat.java-1.4.0\jre\17.0.2-win32-x86_64\bin\server;C:\Users\ALEX\AppData\Roaming\Code\User\globalStorage\redhat.java\1.4.0\config_win\org.eclipse.equinox.launcher\org.eclipse.equinox.launcher.win32.win32.x86_64_1.2.400.v20211117-0650;C:\Users\ALEX\AppData\Roaming\Code\User\globalStorage\redhat.java\1.4.0\config_win\org.eclipse.osgi\22\0\.cp

VM Arguments:
jvm_args: --add-modules=ALL-SYSTEM --add-opens=java.base/java.util=ALL-UNNAMED --add-opens=java.base/java.lang=ALL-UNNAMED --add-opens=java.base/sun.nio.fs=ALL-UNNAMED -Declipse.application=org.eclipse.jdt.ls.core.id1 -Dosgi.bundles.defaultStartLevel=4 -Declipse.product=org.eclipse.jdt.ls.core.product -Djava.import.generatesMetadataFilesAtProjectRoot=false -Dfile.encoding=utf8 -DwatchParentProcess=false -XX:+UseParallelGC -XX:GCTimeRatio=4 -XX:AdaptiveSizePolicyWeight=90 -Dsun.zip.disableMemoryMapping=true -Xmx1G -Xms100m -XX:+HeapDumpOnOutOfMemoryError -XX:HeapDumpPath=c:\Users\ALEX\AppData\Roaming\Code\User\workspaceStorage\79e2208f258fece44200bf707889521e\redhat.java 
java_command: c:\Users\ALEX\.vscode\extensions\redhat.java-1.4.0\server\plugins\org.eclipse.equinox.launcher_1.6.400.v20210924-0641.jar -configuration c:\Users\ALEX\AppData\Roaming\Code\User\globalStorage\redhat.java\1.4.0\config_win -data c:\Users\ALEX\AppData\Roaming\Code\User\workspaceStorage\79e2208f258fece44200bf707889521e\redhat.java\jdt_ws
java_class_path (initial): c:\Users\ALEX\.vscode\extensions\redhat.java-1.4.0\server\plugins\org.eclipse.equinox.launcher_1.6.400.v20210924-0641.jar
Launcher Type: SUN_STANDARD

[Global flags]
    uintx AdaptiveSizePolicyWeight                 = 90                                        {product} {command line}
     intx CICompilerCount                          = 3                                         {product} {ergonomic}
    uintx GCTimeRatio                              = 4                                         {product} {command line}
     bool HeapDumpOnOutOfMemoryError               = true                                   {manageable} {command line}
    ccstr HeapDumpPath                             = c:\Users\ALEX\AppData\Roaming\Code\User\workspaceStorage\79e2208f258fece44200bf707889521e\redhat.java         {manageable} {command line}
   size_t InitialHeapSize                          = 104857600                                 {product} {command line}
   size_t MaxHeapSize                              = 1073741824                                {product} {command line}
   size_t MaxNewSize                               = 357564416                                 {product} {ergonomic}
   size_t MinHeapDeltaBytes                        = 524288                                    {product} {ergonomic}
   size_t MinHeapSize                              = 104857600                                 {product} {command line}
   size_t NewSize                                  = 34603008                                  {product} {ergonomic}
    uintx NonNMethodCodeHeapSize                   = 5832780                                {pd product} {ergonomic}
    uintx NonProfiledCodeHeapSize                  = 122912730                              {pd product} {ergonomic}
   size_t OldSize                                  = 70254592                                  {product} {ergonomic}
    uintx ProfiledCodeHeapSize                     = 122912730                              {pd product} {ergonomic}
    uintx ReservedCodeCacheSize                    = 251658240                              {pd product} {ergonomic}
     bool SegmentedCodeCache                       = true                                      {product} {ergonomic}
   size_t SoftMaxHeapSize                          = 1073741824                             {manageable} {ergonomic}
     bool UseCompressedClassPointers               = true                           {product lp64_product} {ergonomic}
     bool UseCompressedOops                        = true                           {product lp64_product} {ergonomic}
     bool UseLargePagesIndividualAllocation        = false                                  {pd product} {ergonomic}
     bool UseParallelGC                            = true                                      {product} {command line}

Logging:
Log output configuration:
 #0: stdout all=warning uptime,level,tags
 #1: stderr all=off uptime,level,tags

Environment Variables:
PATH=C:\Program Files\Eclipse Foundation\jdk-8.0.302.8-hotspot\bin;C:\Program Files\Microsoft MPI\Bin\;C:\WINDOWS\system32;C:\WINDOWS;C:\WINDOWS\System32\Wbem;C:\WINDOWS\System32\WindowsPowerShell\v1.0\;C:\WINDOWS\System32\OpenSSH\;C:\Program Files\Microsoft SQL Server\130\Tools\Binn\;C:\Program Files\dotnet\;C:\Program Files\Microsoft SQL Server\Client SDK\ODBC\170\Tools\Binn\;C:\Program Files\Git\cmd;C:\Users\ALEX\AppData\Local\Programs\Python\Python37-32\Scripts\;C:\Users\ALEX\AppData\Local\Programs\Python\Python37-32\;C:\Users\ALEX\AppData\Local\Microsoft\WindowsApps;C:\Program Files\JetBrains\PyCharm Community Edition 2019.2.3\bin;C:\Users\ALEX\.dotnet\tools;C:\Users\ALEX\AppData\Local\Programs\Microsoft VS Code\bin;C:\src\flutter\bin;C:\Users\ALEX\.dotnet\tools
USERNAME=ALEX
OS=Windows_NT
PROCESSOR_IDENTIFIER=Intel64 Family 6 Model 23 Stepping 10, GenuineIntel



---------------  S Y S T E M  ---------------

OS:
 Windows 10 , 64 bit Build 17134 (10.0.17134.753)
OS uptime: 0 days 6:42 hours

CPU: total 4 (initial active 4) (4 cores per cpu, 1 threads per core) family 6 model 23 stepping 10 microcode 0xa0c, cx8, cmov, fxsr, mmx, sse, sse2, sse3, ssse3, sse4.1, tsc, clflush

Memory: 4k page, system-wide physical 4094M (448M free)
TotalPageFile size 5518M (AvailPageFile size 44M)
current process WorkingSet (physical memory assigned to process): 149M, peak: 149M
current process commit charge ("private bytes"): 239M, peak: 240M

vm_info: OpenJDK 64-Bit Server VM (17.0.2+8) for windows-amd64 JRE (17.0.2+8), built on Jan 20 2022 04:52:34 by "" with MS VC++ 16.7 (VS2019)

END.
