#
# There is insufficient memory for the Java Runtime Environment to continue.
# Native memory allocation (mmap) failed to map 65536 bytes for Failed to commit metaspace.
# Possible reasons:
#   The system is out of physical RAM or swap space
#   The process is running with CompressedOops enabled, and the Java Heap may be blocking the growth of the native heap
# Possible solutions:
#   Reduce memory load on the system
#   Increase physical memory or swap space
#   Check if swap backing store is full
#   Decrease Java heap size (-Xmx/-Xms)
#   Decrease number of Java threads
#   Decrease Java thread stack sizes (-Xss)
#   Set larger code cache with -XX:ReservedCodeCacheSize=
#   JVM is running with Unscaled Compressed Oops mode in which the Java heap is
#     placed in the first 4GB address space. The Java Heap base address is the
#     maximum limit for the native heap growth. Please use -XX:HeapBaseMinAddress
#     to set the Java Heap base and to place the Java Heap above 4GB virtual address.
# This output file may be truncated or incomplete.
#
#  Out of Memory Error (virtualSpaceNode.cpp:110), pid=3632, tid=9160
#
# JRE version: OpenJDK Runtime Environment Temurin-17.0.2+8 (17.0.2+8) (build 17.0.2+8)
# Java VM: OpenJDK 64-Bit Server VM Temurin-17.0.2+8 (17.0.2+8, mixed mode, tiered, compressed oops, compressed class ptrs, parallel gc, windows-amd64)
# No core dump will be written. Minidumps are not enabled by default on client versions of Windows
#

---------------  S U M M A R Y ------------

Command Line: --add-modules=ALL-SYSTEM --add-opens=java.base/java.util=ALL-UNNAMED --add-opens=java.base/java.lang=ALL-UNNAMED --add-opens=java.base/sun.nio.fs=ALL-UNNAMED -Declipse.application=org.eclipse.jdt.ls.core.id1 -Dosgi.bundles.defaultStartLevel=4 -Declipse.product=org.eclipse.jdt.ls.core.product -Djava.import.generatesMetadataFilesAtProjectRoot=false -Dfile.encoding=utf8 -DwatchParentProcess=false -XX:+UseParallelGC -XX:GCTimeRatio=4 -XX:AdaptiveSizePolicyWeight=90 -Dsun.zip.disableMemoryMapping=true -Xmx1G -Xms100m c:\Users\ALEX\.vscode\extensions\redhat.java-1.4.0\server\plugins\org.eclipse.equinox.launcher_1.6.400.v20210924-0641.jar -configuration c:\Users\ALEX\AppData\Roaming\Code\User\globalStorage\redhat.java\1.4.0\config_ss_win -data c:\Users\ALEX\AppData\Roaming\Code\User\workspaceStorage\79e2208f258fece44200bf707889521e\redhat.java\ss_ws

Host: Intel(R) Core(TM)2 Quad CPU    Q9400  @ 2.66GHz, 4 cores, 3G,  Windows 10 , 64 bit Build 17134 (10.0.17134.753)
Time: Wed Apr 13 18:11:44 2022 Новосибирское стандартное время elapsed time: 0.577696 seconds (0d 0h 0m 0s)

---------------  T H R E A D  ---------------

Current thread (0x000001a502f60720):  JavaThread "main" [_thread_in_vm, id=9160, stack(0x0000005c88b00000,0x0000005c88c00000)]

Stack: [0x0000005c88b00000,0x0000005c88c00000]
Native frames: (J=compiled Java code, j=interpreted, Vv=VM code, C=native code)
V  [jvm.dll+0x67564a]
V  [jvm.dll+0x82fc04]
V  [jvm.dll+0x8313ae]
V  [jvm.dll+0x831a13]
V  [jvm.dll+0x245235]
V  [jvm.dll+0x82bbab]
V  [jvm.dll+0x61a336]
V  [jvm.dll+0x61a39a]
V  [jvm.dll+0x61cbba]
V  [jvm.dll+0x61acd6]
V  [jvm.dll+0x23abf0]
V  [jvm.dll+0x1ea88d]
V  [jvm.dll+0x1e02c1]
V  [jvm.dll+0x53b6e0]
V  [jvm.dll+0x1f0ab7]
V  [jvm.dll+0x7aa1bb]
V  [jvm.dll+0x7ab562]
V  [jvm.dll+0x7ab898]
V  [jvm.dll+0x23d51e]
V  [jvm.dll+0x23d76f]
V  [jvm.dll+0x558d38]
V  [jvm.dll+0x55bba0]
V  [jvm.dll+0x382937]
V  [jvm.dll+0x381f8f]
C  0x000001a505bf97c9

Java frames: (J=compiled Java code, j=interpreted, Vv=VM code)
j  java.lang.invoke.LambdaForm.compileToBytecode()V+69 java.base@17.0.2
j  java.lang.invoke.DirectMethodHandle.makePreparedLambdaForm(Ljava/lang/invoke/MethodType;I)Ljava/lang/invoke/LambdaForm;+792 java.base@17.0.2
j  java.lang.invoke.DirectMethodHandle.preparedLambdaForm(Ljava/lang/invoke/MethodType;I)Ljava/lang/invoke/LambdaForm;+17 java.base@17.0.2
j  java.lang.invoke.DirectMethodHandle.preparedLambdaForm(Ljava/lang/invoke/MemberName;Z)Ljava/lang/invoke/LambdaForm;+159 java.base@17.0.2
j  java.lang.invoke.DirectMethodHandle.preparedLambdaForm(Ljava/lang/invoke/MemberName;)Ljava/lang/invoke/LambdaForm;+2 java.base@17.0.2
j  java.lang.invoke.DirectMethodHandle.make(BLjava/lang/Class;Ljava/lang/invoke/MemberName;Ljava/lang/Class;)Ljava/lang/invoke/DirectMethodHandle;+163 java.base@17.0.2
j  java.lang.invoke.MethodHandles$Lookup.getDirectMethodCommon(BLjava/lang/Class;Ljava/lang/invoke/MemberName;ZZLjava/lang/invoke/MethodHandles$Lookup;)Ljava/lang/invoke/MethodHandle;+210 java.base@17.0.2
j  java.lang.invoke.MethodHandles$Lookup.getDirectMethodNoSecurityManager(BLjava/lang/Class;Ljava/lang/invoke/MemberName;Ljava/lang/invoke/MethodHandles$Lookup;)Ljava/lang/invoke/MethodHandle;+14 java.base@17.0.2
j  java.lang.invoke.MethodHandles$Lookup.getDirectMethodForConstant(BLjava/lang/Class;Ljava/lang/invoke/MemberName;)Ljava/lang/invoke/MethodHandle;+31 java.base@17.0.2
j  java.lang.invoke.MethodHandles$Lookup.linkMethodHandleConstant(BLjava/lang/Class;Ljava/lang/String;Ljava/lang/Object;)Ljava/lang/invoke/MethodHandle;+152 java.base@17.0.2
j  java.lang.invoke.MethodHandleNatives.linkMethodHandleConstant(Ljava/lang/Class;ILjava/lang/Class;Ljava/lang/String;Ljava/lang/Object;)Ljava/lang/invoke/MethodHandle;+38 java.base@17.0.2
v  ~StubRoutines::call_stub
j  jdk.internal.module.DefaultRoots.compute(Ljava/lang/module/ModuleFinder;Ljava/lang/module/ModuleFinder;)Ljava/util/Set;+11 java.base@17.0.2
j  jdk.internal.module.ModuleBootstrap.boot2()Ljava/lang/ModuleLayer;+727 java.base@17.0.2
j  jdk.internal.module.ModuleBootstrap.boot()Ljava/lang/ModuleLayer;+64 java.base@17.0.2
j  java.lang.System.initPhase2(ZZ)I+0 java.base@17.0.2
v  ~StubRoutines::call_stub

---------------  P R O C E S S  ---------------

Threads class SMR info:
_java_thread_list=0x000001a516da9e80, length=10, elements={
0x000001a502f60720, 0x000001a516d6d740, 0x000001a516d6e4c0, 0x000001a516da2680,
0x000001a516da3400, 0x000001a516da4ed0, 0x000001a516da5990, 0x000001a516daa5a0,
0x000001a516daaf50, 0x000001a516dad110
}

Java Threads: ( => current thread )
=>0x000001a502f60720 JavaThread "main" [_thread_in_vm, id=9160, stack(0x0000005c88b00000,0x0000005c88c00000)]
  0x000001a516d6d740 JavaThread "Reference Handler" daemon [_thread_blocked, id=1392, stack(0x0000005c88e00000,0x0000005c88f00000)]
  0x000001a516d6e4c0 JavaThread "Finalizer" daemon [_thread_blocked, id=1036, stack(0x0000005c88f00000,0x0000005c89000000)]
  0x000001a516da2680 JavaThread "Signal Dispatcher" daemon [_thread_blocked, id=7600, stack(0x0000005c89000000,0x0000005c89100000)]
  0x000001a516da3400 JavaThread "Attach Listener" daemon [_thread_blocked, id=6788, stack(0x0000005c89100000,0x0000005c89200000)]
  0x000001a516da4ed0 JavaThread "Service Thread" daemon [_thread_blocked, id=11148, stack(0x0000005c89200000,0x0000005c89300000)]
  0x000001a516da5990 JavaThread "Monitor Deflation Thread" daemon [_thread_blocked, id=6016, stack(0x0000005c89300000,0x0000005c89400000)]
  0x000001a516daa5a0 JavaThread "C2 CompilerThread0" daemon [_thread_blocked, id=6128, stack(0x0000005c89400000,0x0000005c89500000)]
  0x000001a516daaf50 JavaThread "C1 CompilerThread0" daemon [_thread_blocked, id=1700, stack(0x0000005c89500000,0x0000005c89600000)]
  0x000001a516dad110 JavaThread "Sweeper thread" daemon [_thread_blocked, id=12152, stack(0x0000005c89600000,0x0000005c89700000)]

Other Threads:
  0x000001a516d582f0 VMThread "VM Thread" [stack: 0x0000005c88d00000,0x0000005c88e00000] [id=6092]
  0x000001a502f77560 GCTaskThread "GC Thread#0" [stack: 0x0000005c88c00000,0x0000005c88d00000] [id=11388]

Threads with active compile tasks:

VM state: not at safepoint (normal execution)

VM Mutex/Monitor currently owned by a thread:  ([mutex/lock_event])
[0x000001a502f51370] Metaspace_lock - owner thread: 0x000001a502f60720

Heap address: 0x00000000c0000000, size: 1024 MB, Compressed Oops mode: 32-bit

CDS archive(s) not mapped
Compressed class space mapped at: 0x0000000100000000-0x0000000140000000, reserved size: 1073741824
Narrow klass base: 0x0000000000000000, Narrow klass shift: 3, Narrow klass range: 0x140000000

GC Precious Log:
 CPUs: 4 total, 4 available
 Memory: 4094M
 Large Page Support: Disabled
 NUMA Support: Disabled
 Compressed Oops: Enabled (32-bit)
 Alignments: Space 512K, Generation 512K, Heap 2M
 Heap Min Capacity: 100M
 Heap Initial Capacity: 100M
 Heap Max Capacity: 1G
 Pre-touch: Disabled
 Parallel Workers: 4

Heap:
 PSYoungGen      total 29696K, used 1024K [0x00000000eab00000, 0x00000000ecc00000, 0x0000000100000000)
  eden space 25600K, 4% used [0x00000000eab00000,0x00000000eac00138,0x00000000ec400000)
  from space 4096K, 0% used [0x00000000ec800000,0x00000000ec800000,0x00000000ecc00000)
  to   space 4096K, 0% used [0x00000000ec400000,0x00000000ec400000,0x00000000ec800000)
 ParOldGen       total 68608K, used 0K [0x00000000c0000000, 0x00000000c4300000, 0x00000000eab00000)
  object space 68608K, 0% used [0x00000000c0000000,0x00000000c0000000,0x00000000c4300000)
 Metaspace       used 3365K, committed 3392K, reserved 1056768K
  class space    used 300K, committed 320K, reserved 1048576K

Card table byte_map: [0x000001a502910000,0x000001a502b20000] _byte_map_base: 0x000001a502310000

Marking Bits: (ParMarkBitMap*) 0x00007ffe7c233af0
 Begin Bits: [0x000001a514be0000, 0x000001a515be0000)
 End Bits:   [0x000001a515be0000, 0x000001a516be0000)

Polling page: 0x000001a500e90000

Metaspace:

Usage:
  Non-class:      2.99 MB used.
      Class:    300.67 KB used.
       Both:      3.29 MB used.

Virtual space:
  Non-class space:        8.00 MB reserved,       3.00 MB ( 38%) committed,  1 nodes.
      Class space:        1.00 GB reserved,     320.00 KB ( <1%) committed,  1 nodes.
             Both:        1.01 GB reserved,       3.31 MB ( <1%) committed. 

Chunk freelists:
   Non-Class:  0 bytes
       Class:  3.62 MB
        Both:  3.62 MB

MaxMetaspaceSize: unlimited
CompressedClassSpaceSize: 1.00 GB
Initial GC threshold: 21.00 MB
Current GC threshold: 21.00 MB
CDS: off
MetaspaceReclaimPolicy: balanced
 - commit_granule_bytes: 65536.
 - commit_granule_words: 8192.
 - virtual_space_node_default_size: 1048576.
 - enlarge_chunks_in_place: 1.
 - new_chunks_are_fully_committed: 0.
 - uncommit_free_chunks: 1.
 - use_allocation_guard: 0.
 - handle_deallocations: 1.


Internal statistics:

num_allocs_failed_limit: 0.
num_arena_births: 2.
num_arena_deaths: 0.
num_vsnodes_births: 2.
num_vsnodes_deaths: 0.
num_space_committed: 53.
num_space_uncommitted: 0.
num_chunks_returned_to_freelist: 0.
num_chunks_taken_from_freelist: 4.
num_chunk_merges: 0.
num_chunk_splits: 1.
num_chunks_enlarged: 0.
num_purges: 0.
num_inconsistent_stats: 0.

CodeHeap 'non-profiled nmethods': size=120000Kb used=4Kb max_used=4Kb free=119995Kb
 bounds [0x000001a50d6b0000, 0x000001a50d920000, 0x000001a514be0000]
CodeHeap 'profiled nmethods': size=120000Kb used=34Kb max_used=34Kb free=119965Kb
 bounds [0x000001a506180000, 0x000001a5063f0000, 0x000001a50d6b0000]
CodeHeap 'non-nmethods': size=5760Kb used=1040Kb max_used=1053Kb free=4719Kb
 bounds [0x000001a505be0000, 0x000001a505e50000, 0x000001a506180000]
 total_blobs=335 nmethods=31 adapters=220
 compilation: enabled
              stopped_count=0, restarted_count=0
 full_count=0

Compilation events (20 events):
Event: 0.518 Thread 0x000001a516daaf50   21       3       java.lang.String::coder (15 bytes)
Event: 0.518 Thread 0x000001a516daaf50 nmethod 21 0x000001a506186b10 code [0x000001a506186ca0, 0x000001a506186dd8]
Event: 0.518 Thread 0x000001a516daaf50   22       3       java.lang.String::length (11 bytes)
Event: 0.518 Thread 0x000001a516daaf50 nmethod 22 0x000001a506186e90 code [0x000001a506187020, 0x000001a5061871b8]
Event: 0.518 Thread 0x000001a516daaf50   23       1       java.lang.module.ModuleDescriptor::name (5 bytes)
Event: 0.518 Thread 0x000001a516daaf50 nmethod 23 0x000001a50d6b0010 code [0x000001a50d6b01a0, 0x000001a50d6b0278]
Event: 0.519 Thread 0x000001a516daaf50   24       1       java.lang.module.ModuleReference::descriptor (5 bytes)
Event: 0.519 Thread 0x000001a516daaf50 nmethod 24 0x000001a50d6b0310 code [0x000001a50d6b04a0, 0x000001a50d6b0578]
Event: 0.519 Thread 0x000001a516daaf50   25       3       java.net.URI::hash (33 bytes)
Event: 0.519 Thread 0x000001a516daa5a0   16       4       java.lang.StringLatin1::hashCode (42 bytes)
Event: 0.520 Thread 0x000001a516daaf50 nmethod 25 0x000001a506187290 code [0x000001a506187480, 0x000001a506187918]
Event: 0.534 Thread 0x000001a516daa5a0 nmethod 16 0x000001a50d6b0610 code [0x000001a50d6b0780, 0x000001a50d6b08d8]
Event: 0.541 Thread 0x000001a516daaf50   26       3       java.util.concurrent.ConcurrentHashMap::tabAt (22 bytes)
Event: 0.541 Thread 0x000001a516daaf50 nmethod 26 0x000001a506187b10 code [0x000001a506187cc0, 0x000001a506187f78]
Event: 0.541 Thread 0x000001a516daaf50   28       3       java.util.ImmutableCollections$SetN$SetNIterator::next (90 bytes)
Event: 0.542 Thread 0x000001a516daaf50 nmethod 28 0x000001a506188090 code [0x000001a506188240, 0x000001a506188548]
Event: 0.542 Thread 0x000001a516daaf50   27       3       jdk.internal.misc.Unsafe::getReferenceAcquire (7 bytes)
Event: 0.542 Thread 0x000001a516daaf50 nmethod 27 0x000001a506188690 code [0x000001a506188820, 0x000001a506188938]
Event: 0.564 Thread 0x000001a516daa5a0   31       4       java.lang.Object::<init> (1 bytes)
Event: 0.565 Thread 0x000001a516daa5a0 nmethod 31 0x000001a50d6b1090 code [0x000001a50d6b1200, 0x000001a50d6b1278]

GC Heap History (0 events):
No events

Deoptimization events (0 events):
No events

Classes unloaded (0 events):
No events

Classes redefined (0 events):
No events

Internal exceptions (0 events):
No events

VM Operations (0 events):
No events

Events (20 events):
Event: 0.559 loading class java/lang/invoke/DirectMethodHandle$Holder done
Event: 0.559 loading class sun/invoke/util/ValueConversions
Event: 0.559 loading class sun/invoke/util/ValueConversions done
Event: 0.559 loading class java/lang/invoke/MethodHandleImpl
Event: 0.561 loading class java/lang/invoke/MethodHandleImpl done
Event: 0.561 loading class java/lang/invoke/Invokers
Event: 0.562 loading class java/lang/invoke/Invokers done
Event: 0.562 loading class java/lang/invoke/LambdaForm$Kind
Event: 0.562 loading class java/lang/invoke/LambdaForm$Kind done
Event: 0.563 loading class java/lang/NoSuchMethodException
Event: 0.563 loading class java/lang/NoSuchMethodException done
Event: 0.563 loading class java/lang/invoke/LambdaForm$BasicType
Event: 0.563 loading class java/lang/invoke/LambdaForm$BasicType done
Event: 0.563 loading class java/lang/reflect/Array
Event: 0.563 loading class java/lang/reflect/Array done
Event: 0.563 loading class java/lang/invoke/LambdaForm$Name
Event: 0.564 loading class java/lang/invoke/LambdaForm$Name done
Event: 0.564 loading class java/lang/invoke/LambdaForm$Holder
Event: 0.564 loading class java/lang/invoke/LambdaForm$Holder done
Event: 0.565 loading class java/lang/invoke/InvokerBytecodeGenerator


Dynamic libraries:
0x00007ff6e26b0000 - 0x00007ff6e26be000 	c:\Users\ALEX\.vscode\extensions\redhat.java-1.4.0\jre\17.0.2-win32-x86_64\bin\java.exe
0x00007ffea6750000 - 0x00007ffea6931000 	C:\WINDOWS\SYSTEM32\ntdll.dll
0x00007ffea4440000 - 0x00007ffea44f1000 	C:\WINDOWS\System32\KERNEL32.DLL
0x00007ffea2b50000 - 0x00007ffea2dc3000 	C:\WINDOWS\System32\KERNELBASE.dll
0x00007ffea3aa0000 - 0x00007ffea3b98000 	C:\WINDOWS\System32\ucrtbase.dll
0x00007ffe9c550000 - 0x00007ffe9c568000 	c:\Users\ALEX\.vscode\extensions\redhat.java-1.4.0\jre\17.0.2-win32-x86_64\bin\jli.dll
0x00007ffea3ba0000 - 0x00007ffea3d30000 	C:\WINDOWS\System32\USER32.dll
0x00007ffea36e0000 - 0x00007ffea3700000 	C:\WINDOWS\System32\win32u.dll
0x00007ffea5a50000 - 0x00007ffea5a78000 	C:\WINDOWS\System32\GDI32.dll
0x00007ffea3540000 - 0x00007ffea36d1000 	C:\WINDOWS\System32\gdi32full.dll
0x00007ffea3700000 - 0x00007ffea379f000 	C:\WINDOWS\System32\msvcp_win.dll
0x00007ffe9bf00000 - 0x00007ffe9bf19000 	c:\Users\ALEX\.vscode\extensions\redhat.java-1.4.0\jre\17.0.2-win32-x86_64\bin\VCRUNTIME140.dll
0x00007ffe92850000 - 0x00007ffe92ab9000 	C:\WINDOWS\WinSxS\amd64_microsoft.windows.common-controls_6595b64144ccf1df_6.0.17134.1345_none_d3ffd07b7c9058ed\COMCTL32.dll
0x00007ffea41c0000 - 0x00007ffea425e000 	C:\WINDOWS\System32\msvcrt.dll
0x00007ffea5ca0000 - 0x00007ffea5fc1000 	C:\WINDOWS\System32\combase.dll
0x00007ffea3ee0000 - 0x00007ffea4004000 	C:\WINDOWS\System32\RPCRT4.dll
0x00007ffea2ad0000 - 0x00007ffea2b49000 	C:\WINDOWS\System32\bcryptPrimitives.dll
0x00007ffea5a20000 - 0x00007ffea5a4d000 	C:\WINDOWS\System32\IMM32.DLL
0x00007ffe9c5d0000 - 0x00007ffe9c5dc000 	c:\Users\ALEX\.vscode\extensions\redhat.java-1.4.0\jre\17.0.2-win32-x86_64\bin\vcruntime140_1.dll
0x00007ffe7d930000 - 0x00007ffe7d9c1000 	c:\Users\ALEX\.vscode\extensions\redhat.java-1.4.0\jre\17.0.2-win32-x86_64\bin\msvcp140.dll
0x00007ffe7b6b0000 - 0x00007ffe7c2f7000 	c:\Users\ALEX\.vscode\extensions\redhat.java-1.4.0\jre\17.0.2-win32-x86_64\bin\server\jvm.dll
0x00007ffea4010000 - 0x00007ffea40b1000 	C:\WINDOWS\System32\ADVAPI32.dll
0x00007ffea3dd0000 - 0x00007ffea3e2b000 	C:\WINDOWS\System32\sechost.dll
0x00007ffea5fd0000 - 0x00007ffea5fd8000 	C:\WINDOWS\System32\PSAPI.DLL
0x00007ffe8a1e0000 - 0x00007ffe8a1e9000 	C:\WINDOWS\SYSTEM32\WSOCK32.dll
0x00007ffea5fe0000 - 0x00007ffea604c000 	C:\WINDOWS\System32\WS2_32.dll
0x00007ffea0b70000 - 0x00007ffea0b93000 	C:\WINDOWS\SYSTEM32\WINMM.dll
0x00007ffea1650000 - 0x00007ffea165a000 	C:\WINDOWS\SYSTEM32\VERSION.dll
0x00007ffea0ab0000 - 0x00007ffea0ada000 	C:\WINDOWS\SYSTEM32\WINMMBASE.dll
0x00007ffea34f0000 - 0x00007ffea3539000 	C:\WINDOWS\System32\cfgmgr32.dll
0x00007ffea2a80000 - 0x00007ffea2a91000 	C:\WINDOWS\System32\kernel.appcore.dll
0x00007ffe9c220000 - 0x00007ffe9c22a000 	c:\Users\ALEX\.vscode\extensions\redhat.java-1.4.0\jre\17.0.2-win32-x86_64\bin\jimage.dll
0x00007ffe8d200000 - 0x00007ffe8d3c9000 	C:\WINDOWS\SYSTEM32\DBGHELP.DLL
0x00007ffe8d1d0000 - 0x00007ffe8d1f9000 	C:\WINDOWS\SYSTEM32\dbgcore.DLL
0x00007ffe91d10000 - 0x00007ffe91d35000 	c:\Users\ALEX\.vscode\extensions\redhat.java-1.4.0\jre\17.0.2-win32-x86_64\bin\java.dll
0x00007ffe9bd30000 - 0x00007ffe9bd48000 	c:\Users\ALEX\.vscode\extensions\redhat.java-1.4.0\jre\17.0.2-win32-x86_64\bin\zip.dll
0x00007ffea45d0000 - 0x00007ffea5a15000 	C:\WINDOWS\System32\SHELL32.dll
0x00007ffea3e30000 - 0x00007ffea3ed9000 	C:\WINDOWS\System32\shcore.dll
0x00007ffea2dd0000 - 0x00007ffea34e1000 	C:\WINDOWS\System32\windows.storage.dll
0x00007ffea5a80000 - 0x00007ffea5ad1000 	C:\WINDOWS\System32\shlwapi.dll
0x00007ffea2a60000 - 0x00007ffea2a7f000 	C:\WINDOWS\System32\profapi.dll
0x00007ffea2a10000 - 0x00007ffea2a5c000 	C:\WINDOWS\System32\powrprof.dll
0x00007ffea29f0000 - 0x00007ffea2a09000 	C:\WINDOWS\System32\Wldp.dll
0x00007ffea37a0000 - 0x00007ffea3982000 	C:\WINDOWS\System32\CRYPT32.dll
0x00007ffea2aa0000 - 0x00007ffea2ab2000 	C:\WINDOWS\System32\MSASN1.dll
0x00007ffea3990000 - 0x00007ffea39e7000 	C:\WINDOWS\System32\WINTRUST.dll
0x00007ffea2ac0000 - 0x00007ffea2aca000 	C:\WINDOWS\System32\FLTLIB.DLL

dbghelp: loaded successfully - version: 4.0.5 - missing functions: none
symbol engine: initialized successfully - sym options: 0x614 - pdb path: .;c:\Users\ALEX\.vscode\extensions\redhat.java-1.4.0\jre\17.0.2-win32-x86_64\bin;C:\WINDOWS\SYSTEM32;C:\WINDOWS\WinSxS\amd64_microsoft.windows.common-controls_6595b64144ccf1df_6.0.17134.1345_none_d3ffd07b7c9058ed;c:\Users\ALEX\.vscode\extensions\redhat.java-1.4.0\jre\17.0.2-win32-x86_64\bin\server

VM Arguments:
jvm_args: --add-modules=ALL-SYSTEM --add-opens=java.base/java.util=ALL-UNNAMED --add-opens=java.base/java.lang=ALL-UNNAMED --add-opens=java.base/sun.nio.fs=ALL-UNNAMED -Declipse.application=org.eclipse.jdt.ls.core.id1 -Dosgi.bundles.defaultStartLevel=4 -Declipse.product=org.eclipse.jdt.ls.core.product -Djava.import.generatesMetadataFilesAtProjectRoot=false -Dfile.encoding=utf8 -DwatchParentProcess=false -XX:+UseParallelGC -XX:GCTimeRatio=4 -XX:AdaptiveSizePolicyWeight=90 -Dsun.zip.disableMemoryMapping=true -Xmx1G -Xms100m 
java_command: c:\Users\ALEX\.vscode\extensions\redhat.java-1.4.0\server\plugins\org.eclipse.equinox.launcher_1.6.400.v20210924-0641.jar -configuration c:\Users\ALEX\AppData\Roaming\Code\User\globalStorage\redhat.java\1.4.0\config_ss_win -data c:\Users\ALEX\AppData\Roaming\Code\User\workspaceStorage\79e2208f258fece44200bf707889521e\redhat.java\ss_ws
java_class_path (initial): c:\Users\ALEX\.vscode\extensions\redhat.java-1.4.0\server\plugins\org.eclipse.equinox.launcher_1.6.400.v20210924-0641.jar
Launcher Type: SUN_STANDARD

[Global flags]
    uintx AdaptiveSizePolicyWeight                 = 90                                        {product} {command line}
     intx CICompilerCount                          = 3                                         {product} {ergonomic}
    uintx GCTimeRatio                              = 4                                         {product} {command line}
   size_t InitialHeapSize                          = 104857600                                 {product} {command line}
   size_t MaxHeapSize                              = 1073741824                                {product} {command line}
   size_t MaxNewSize                               = 357564416                                 {product} {ergonomic}
   size_t MinHeapDeltaBytes                        = 524288                                    {product} {ergonomic}
   size_t MinHeapSize                              = 104857600                                 {product} {command line}
   size_t NewSize                                  = 34603008                                  {product} {ergonomic}
    uintx NonNMethodCodeHeapSize                   = 5832780                                {pd product} {ergonomic}
    uintx NonProfiledCodeHeapSize                  = 122912730                              {pd product} {ergonomic}
   size_t OldSize                                  = 70254592                                  {product} {ergonomic}
    uintx ProfiledCodeHeapSize                     = 122912730                              {pd product} {ergonomic}
    uintx ReservedCodeCacheSize                    = 251658240                              {pd product} {ergonomic}
     bool SegmentedCodeCache                       = true                                      {product} {ergonomic}
   size_t SoftMaxHeapSize                          = 1073741824                             {manageable} {ergonomic}
     bool UseCompressedClassPointers               = true                           {product lp64_product} {ergonomic}
     bool UseCompressedOops                        = true                           {product lp64_product} {ergonomic}
     bool UseLargePagesIndividualAllocation        = false                                  {pd product} {ergonomic}
     bool UseParallelGC                            = true                                      {product} {command line}

Logging:
Log output configuration:
 #0: stdout all=warning uptime,level,tags
 #1: stderr all=off uptime,level,tags

Environment Variables:
PATH=C:\Program Files\Eclipse Foundation\jdk-8.0.302.8-hotspot\bin;C:\Program Files\Microsoft MPI\Bin\;C:\WINDOWS\system32;C:\WINDOWS;C:\WINDOWS\System32\Wbem;C:\WINDOWS\System32\WindowsPowerShell\v1.0\;C:\WINDOWS\System32\OpenSSH\;C:\Program Files\Microsoft SQL Server\130\Tools\Binn\;C:\Program Files\dotnet\;C:\Program Files\Microsoft SQL Server\Client SDK\ODBC\170\Tools\Binn\;C:\Program Files\Git\cmd;C:\Users\ALEX\AppData\Local\Programs\Python\Python37-32\Scripts\;C:\Users\ALEX\AppData\Local\Programs\Python\Python37-32\;C:\Users\ALEX\AppData\Local\Microsoft\WindowsApps;C:\Program Files\JetBrains\PyCharm Community Edition 2019.2.3\bin;C:\Users\ALEX\.dotnet\tools;C:\Users\ALEX\AppData\Local\Programs\Microsoft VS Code\bin;C:\src\flutter\bin;C:\Users\ALEX\.dotnet\tools
USERNAME=ALEX
OS=Windows_NT
PROCESSOR_IDENTIFIER=Intel64 Family 6 Model 23 Stepping 10, GenuineIntel



---------------  S Y S T E M  ---------------

OS:
 Windows 10 , 64 bit Build 17134 (10.0.17134.753)
OS uptime: 0 days 6:38 hours

CPU: total 4 (initial active 4) (4 cores per cpu, 1 threads per core) family 6 model 23 stepping 10 microcode 0xa0c, cx8, cmov, fxsr, mmx, sse, sse2, sse3, ssse3, sse4.1, tsc, clflush

Memory: 4k page, system-wide physical 4094M (475M free)
TotalPageFile size 5518M (AvailPageFile size 3M)
current process WorkingSet (physical memory assigned to process): 25M, peak: 25M
current process commit charge ("private bytes"): 168M, peak: 168M

vm_info: OpenJDK 64-Bit Server VM (17.0.2+8) for windows-amd64 JRE (17.0.2+8), built on Jan 20 2022 04:52:34 by "" with MS VC++ 16.7 (VS2019)

END.
