#
# There is insufficient memory for the Java Runtime Environment to continue.
# Native memory allocation (malloc) failed to allocate 1048576 bytes for AllocateHeap
# Possible reasons:
#   The system is out of physical RAM or swap space
#   The process is running with CompressedOops enabled, and the Java Heap may be blocking the growth of the native heap
# Possible solutions:
#   Reduce memory load on the system
#   Increase physical memory or swap space
#   Check if swap backing store is full
#   Decrease Java heap size (-Xmx/-Xms)
#   Decrease number of Java threads
#   Decrease Java thread stack sizes (-Xss)
#   Set larger code cache with -XX:ReservedCodeCacheSize=
#   JVM is running with Unscaled Compressed Oops mode in which the Java heap is
#     placed in the first 4GB address space. The Java Heap base address is the
#     maximum limit for the native heap growth. Please use -XX:HeapBaseMinAddress
#     to set the Java Heap base and to place the Java Heap above 4GB virtual address.
# This output file may be truncated or incomplete.
#
#  Out of Memory Error (memory/allocation.inline.hpp:61), pid=5440, tid=0x0000000000002eac
#
# JRE version:  (8.0_302-b08) (build )
# Java VM: OpenJDK 64-Bit Server VM (25.302-b08 mixed mode windows-amd64 compressed oops)
# Failed to write core dump. Minidumps are not enabled by default on client versions of Windows
#

---------------  T H R E A D  ---------------

Current thread (0x000001e896b99800):  JavaThread "Unknown thread" [_thread_in_vm, id=11948, stack(0x0000005642e00000,0x0000005642f00000)]

Stack: [0x0000005642e00000,0x0000005642f00000]
[error occurred during error reporting (printing stack bounds), id 0xc0000005]

Native frames: (J=compiled Java code, j=interpreted, Vv=VM code, C=native code)


---------------  P R O C E S S  ---------------

Java Threads: ( => current thread )

Other Threads:

=>0x000001e896b99800 (exited) JavaThread "Unknown thread" [_thread_in_vm, id=11948, stack(0x0000005642e00000,0x0000005642f00000)]

VM state:not at safepoint (normal execution)

VM Mutex/Monitor currently owned by a thread: None

heap address: 0x00000000ff000000, size: 16 MB, Compressed Oops mode: 32-bit
Narrow klass base: 0x0000000000000000, Narrow klass shift: 3
Compressed class space size: 1073741824 Address: 0x0000000100000000

Heap:
 PSYoungGen      total 4608K, used 81K [0x00000000ffb00000, 0x0000000100000000, 0x0000000100000000)
  eden space 4096K, 2% used [0x00000000ffb00000,0x00000000ffb147b8,0x00000000fff00000)
  from space 512K, 0% used [0x00000000fff80000,0x00000000fff80000,0x0000000100000000)
  to   space 512K, 0% used [0x00000000fff00000,0x00000000fff00000,0x00000000fff80000)
 ParOldGen       total 11264K, used 0K [0x00000000ff000000, 0x00000000ffb00000, 0x00000000ffb00000)
  object space 11264K, 0% used [0x00000000ff000000,0x00000000ff000000,0x00000000ffb00000)
 Metaspace       used 781K, capacity 4480K, committed 4480K, reserved 1056768K
  class space    used 76K, capacity 384K, committed 384K, reserved 1048576K

Card table byte_map: [0x000001e896c80000,0x000001e896c90000] byte_map_base: 0x000001e896488000

Marking Bits: (ParMarkBitMap*) 0x00000000697cc820
 Begin Bits: [0x000001e8a7830000, 0x000001e8a7870000)
 End Bits:   [0x000001e8a7870000, 0x000001e8a78b0000)

Polling page: 0x000001e896b50000

CodeCache: size=245760Kb used=327Kb max_used=327Kb free=245432Kb
 bounds [0x000001e898470000, 0x000001e8986e0000, 0x000001e8a7470000]
 total_blobs=56 nmethods=0 adapters=38
 compilation: enabled

Compilation events (0 events):
No events

GC Heap History (0 events):
No events

Deoptimization events (0 events):
No events

Classes redefined (0 events):
No events

Internal exceptions (0 events):
No events

Events (10 events):
Event: 0.045 loading class java/lang/Short
Event: 0.045 loading class java/lang/Short done
Event: 0.045 loading class java/lang/Integer
Event: 0.045 loading class java/lang/Integer done
Event: 0.045 loading class java/lang/Long
Event: 0.045 loading class java/lang/Long done
Event: 0.047 loading class java/lang/NullPointerException
Event: 0.047 loading class java/lang/NullPointerException done
Event: 0.047 loading class java/lang/ArithmeticException
Event: 0.047 loading class java/lang/ArithmeticException done


Dynamic libraries:
0x00007ff72b050000 - 0x00007ff72b08a000 	C:\Program Files\Eclipse Foundation\jdk-8.0.302.8-hotspot\bin\javaw.exe
0x00007ffea6750000 - 0x00007ffea6931000 	C:\WINDOWS\SYSTEM32\ntdll.dll
0x00007ffea4440000 - 0x00007ffea44f1000 	C:\WINDOWS\System32\KERNEL32.DLL
0x00007ffea2b50000 - 0x00007ffea2dc3000 	C:\WINDOWS\System32\KERNELBASE.dll
0x00007ffea4010000 - 0x00007ffea40b1000 	C:\WINDOWS\System32\ADVAPI32.dll
0x00007ffea41c0000 - 0x00007ffea425e000 	C:\WINDOWS\System32\msvcrt.dll
0x00007ffea3dd0000 - 0x00007ffea3e2b000 	C:\WINDOWS\System32\sechost.dll
0x00007ffea3ee0000 - 0x00007ffea4004000 	C:\WINDOWS\System32\RPCRT4.dll
0x00007ffea3ba0000 - 0x00007ffea3d30000 	C:\WINDOWS\System32\USER32.dll
0x00007ffea36e0000 - 0x00007ffea3700000 	C:\WINDOWS\System32\win32u.dll
0x00007ffea5a50000 - 0x00007ffea5a78000 	C:\WINDOWS\System32\GDI32.dll
0x00007ffea3540000 - 0x00007ffea36d1000 	C:\WINDOWS\System32\gdi32full.dll
0x00007ffea3700000 - 0x00007ffea379f000 	C:\WINDOWS\System32\msvcp_win.dll
0x00007ffea3aa0000 - 0x00007ffea3b98000 	C:\WINDOWS\System32\ucrtbase.dll
0x00007ffe92850000 - 0x00007ffe92ab9000 	C:\WINDOWS\WinSxS\amd64_microsoft.windows.common-controls_6595b64144ccf1df_6.0.17134.1345_none_d3ffd07b7c9058ed\COMCTL32.dll
0x00007ffea5ca0000 - 0x00007ffea5fc1000 	C:\WINDOWS\System32\combase.dll
0x00007ffea2ad0000 - 0x00007ffea2b49000 	C:\WINDOWS\System32\bcryptPrimitives.dll
0x00007ffea5a20000 - 0x00007ffea5a4d000 	C:\WINDOWS\System32\IMM32.DLL
0x00007ffe7c210000 - 0x00007ffe7c2ff000 	C:\Program Files\Eclipse Foundation\jdk-8.0.302.8-hotspot\jre\bin\msvcr120.dll
0x00007ffe7f390000 - 0x00007ffe7f436000 	C:\Program Files\Eclipse Foundation\jdk-8.0.302.8-hotspot\jre\bin\msvcp120.dll
0x0000000068fe0000 - 0x000000006984b000 	C:\Program Files\Eclipse Foundation\jdk-8.0.302.8-hotspot\jre\bin\server\jvm.dll
0x00007ffea5fd0000 - 0x00007ffea5fd8000 	C:\WINDOWS\System32\PSAPI.DLL
0x00007ffea1650000 - 0x00007ffea165a000 	C:\WINDOWS\SYSTEM32\VERSION.dll
0x00007ffea0b70000 - 0x00007ffea0b93000 	C:\WINDOWS\SYSTEM32\WINMM.dll
0x00007ffea0ab0000 - 0x00007ffea0ada000 	C:\WINDOWS\SYSTEM32\WINMMBASE.dll
0x00007ffea34f0000 - 0x00007ffea3539000 	C:\WINDOWS\System32\cfgmgr32.dll
0x00007ffe8a1e0000 - 0x00007ffe8a1e9000 	C:\WINDOWS\SYSTEM32\WSOCK32.dll
0x00007ffea5fe0000 - 0x00007ffea604c000 	C:\WINDOWS\System32\WS2_32.dll
0x00007ffe9bfe0000 - 0x00007ffe9bfef000 	C:\Program Files\Eclipse Foundation\jdk-8.0.302.8-hotspot\jre\bin\verify.dll
0x00007ffe91e80000 - 0x00007ffe91ea9000 	C:\Program Files\Eclipse Foundation\jdk-8.0.302.8-hotspot\jre\bin\java.dll
0x00007ffe9a4a0000 - 0x00007ffe9a4b6000 	C:\Program Files\Eclipse Foundation\jdk-8.0.302.8-hotspot\jre\bin\zip.dll

VM Arguments:
jvm_args: -Xmx16m 
java_command: org.eclipse.jdt.internal.launching.support.LibraryDetector
java_class_path (initial): C:\Users\ALEX\AppData\Roaming\Code\User\globalStorage\redhat.java\1.4.0\config_win\org.eclipse.osgi\48\0\.cp\lib\launchingsupport.jar
Launcher Type: SUN_STANDARD

Environment Variables:
PATH=C:\Program Files\Eclipse Foundation\jdk-8.0.302.8-hotspot\bin;C:\Program Files\Microsoft MPI\Bin\;C:\WINDOWS\system32;C:\WINDOWS;C:\WINDOWS\System32\Wbem;C:\WINDOWS\System32\WindowsPowerShell\v1.0\;C:\WINDOWS\System32\OpenSSH\;C:\Program Files\Microsoft SQL Server\130\Tools\Binn\;C:\Program Files\dotnet\;C:\Program Files\Microsoft SQL Server\Client SDK\ODBC\170\Tools\Binn\;C:\Program Files\Git\cmd;C:\Users\ALEX\AppData\Local\Programs\Python\Python37-32\Scripts\;C:\Users\ALEX\AppData\Local\Programs\Python\Python37-32\;C:\Users\ALEX\AppData\Local\Microsoft\WindowsApps;C:\Program Files\JetBrains\PyCharm Community Edition 2019.2.3\bin;C:\Users\ALEX\.dotnet\tools;C:\Users\ALEX\AppData\Local\Programs\Microsoft VS Code\bin;C:\src\flutter\bin;C:\Users\ALEX\.dotnet\tools
USERNAME=ALEX
OS=Windows_NT
PROCESSOR_IDENTIFIER=Intel64 Family 6 Model 23 Stepping 10, GenuineIntel



---------------  S Y S T E M  ---------------

OS: Windows 10.0 , 64 bit Build 17134 (10.0.17134.753)

CPU:total 4 (initial active 4) (4 cores per cpu, 1 threads per core) family 6 model 23 stepping 10, cmov, cx8, fxsr, mmx, sse, sse2, sse3, ssse3, sse4.1, tsc

Memory: 4k page, physical 4193268k(456084k free), swap 5651444k(4912k free)

vm_info: OpenJDK 64-Bit Server VM (25.302-b08) for windows-amd64 JRE (1.8.0_302-b08), built on Jul 20 2021 21:31:03 by "jenkins" with MS VC++ 12.0 (VS2013)

time: Wed Apr 13 18:15:14 2022
timezone: Iiaineae?neia noaiaa?oiia a?aiy
elapsed time: 0.090816 seconds (0d 0h 0m 0s)

