#
# There is insufficient memory for the Java Runtime Environment to continue.
# Native memory allocation (mmap) failed to map 65536 bytes for Failed to commit metaspace.
# Possible reasons:
#   The system is out of physical RAM or swap space
#   The process is running with CompressedOops enabled, and the Java Heap may be blocking the growth of the native heap
# Possible solutions:
#   Reduce memory load on the system
#   Increase physical memory or swap space
#   Check if swap backing store is full
#   Decrease Java heap size (-Xmx/-Xms)
#   Decrease number of Java threads
#   Decrease Java thread stack sizes (-Xss)
#   Set larger code cache with -XX:ReservedCodeCacheSize=
#   JVM is running with Unscaled Compressed Oops mode in which the Java heap is
#     placed in the first 4GB address space. The Java Heap base address is the
#     maximum limit for the native heap growth. Please use -XX:HeapBaseMinAddress
#     to set the Java Heap base and to place the Java Heap above 4GB virtual address.
# This output file may be truncated or incomplete.
#
#  Out of Memory Error (virtualSpaceNode.cpp:110), pid=1892, tid=5172
#
# JRE version: OpenJDK Runtime Environment Temurin-17.0.2+8 (17.0.2+8) (build 17.0.2+8)
# Java VM: OpenJDK 64-Bit Server VM Temurin-17.0.2+8 (17.0.2+8, mixed mode, tiered, compressed oops, compressed class ptrs, parallel gc, windows-amd64)
# No core dump will be written. Minidumps are not enabled by default on client versions of Windows
#

---------------  S U M M A R Y ------------

Command Line: --add-modules=ALL-SYSTEM --add-opens=java.base/java.util=ALL-UNNAMED --add-opens=java.base/java.lang=ALL-UNNAMED --add-opens=java.base/sun.nio.fs=ALL-UNNAMED -Declipse.application=org.eclipse.jdt.ls.core.id1 -Dosgi.bundles.defaultStartLevel=4 -Declipse.product=org.eclipse.jdt.ls.core.product -Djava.import.generatesMetadataFilesAtProjectRoot=false -Dfile.encoding=utf8 -DwatchParentProcess=false -XX:+UseParallelGC -XX:GCTimeRatio=4 -XX:AdaptiveSizePolicyWeight=90 -Dsun.zip.disableMemoryMapping=true -Xmx1G -Xms100m -XX:+HeapDumpOnOutOfMemoryError -XX:HeapDumpPath=c:\Users\ALEX\AppData\Roaming\Code\User\workspaceStorage\79e2208f258fece44200bf707889521e\redhat.java c:\Users\ALEX\.vscode\extensions\redhat.java-1.4.0\server\plugins\org.eclipse.equinox.launcher_1.6.400.v20210924-0641.jar -configuration c:\Users\ALEX\AppData\Roaming\Code\User\globalStorage\redhat.java\1.4.0\config_win -data c:\Users\ALEX\AppData\Roaming\Code\User\workspaceStorage\79e2208f258fece44200bf707889521e\redhat.java\jdt_ws

Host: Intel(R) Core(TM)2 Quad CPU    Q9400  @ 2.66GHz, 4 cores, 3G,  Windows 10 , 64 bit Build 17134 (10.0.17134.753)
Time: Wed Apr 13 18:15:22 2022 Новосибирское стандартное время elapsed time: 7.983453 seconds (0d 0h 0m 7s)

---------------  T H R E A D  ---------------

Current thread (0x000001f32875a130):  JavaThread "Worker-2: Loading available Gradle versions" [_thread_in_vm, id=5172, stack(0x0000005dd6c00000,0x0000005dd6d00000)]

Stack: [0x0000005dd6c00000,0x0000005dd6d00000]
Native frames: (J=compiled Java code, j=interpreted, Vv=VM code, C=native code)
V  [jvm.dll+0x67564a]
V  [jvm.dll+0x82fc04]
V  [jvm.dll+0x8313ae]
V  [jvm.dll+0x831a13]
V  [jvm.dll+0x245235]
V  [jvm.dll+0x82bbab]
V  [jvm.dll+0x61a336]
V  [jvm.dll+0x61a39a]
V  [jvm.dll+0x61cbba]
V  [jvm.dll+0x61acd6]
V  [jvm.dll+0x242c8c]
V  [jvm.dll+0x6cb9ed]
V  [jvm.dll+0x6cc41f]
V  [jvm.dll+0x36f9b3]
V  [jvm.dll+0x36eb72]
V  [jvm.dll+0x36eb18]
V  [jvm.dll+0x55ca95]
V  [jvm.dll+0x55bbbd]
V  [jvm.dll+0x382937]
V  [jvm.dll+0x381f8f]
C  0x000001f3141497c9

Java frames: (J=compiled Java code, j=interpreted, Vv=VM code)
j  sun.security.ssl.SSLConfiguration.getEnabledExtensions(Lsun/security/ssl/SSLHandshake;Ljava/util/List;)[Lsun/security/ssl/SSLExtension;+8 java.base@17.0.2
j  sun.security.ssl.ClientHello$ClientHelloKickstartProducer.produce(Lsun/security/ssl/ConnectionContext;)[B+943 java.base@17.0.2
j  sun.security.ssl.SSLHandshake.kickstart(Lsun/security/ssl/HandshakeContext;)V+47 java.base@17.0.2
j  sun.security.ssl.ClientHandshakeContext.kickstart()V+9 java.base@17.0.2
j  sun.security.ssl.TransportContext.kickstart()V+186 java.base@17.0.2
j  sun.security.ssl.SSLSocketImpl.startHandshake(Z)V+111 java.base@17.0.2
j  sun.security.ssl.SSLSocketImpl.startHandshake()V+2 java.base@17.0.2
j  sun.net.www.protocol.https.HttpsClient.afterConnect()V+280 java.base@17.0.2
j  sun.net.www.protocol.https.AbstractDelegateHttpsURLConnection.connect()V+51 java.base@17.0.2
j  sun.net.www.protocol.http.HttpURLConnection.getInputStream0()Ljava/io/InputStream;+216 java.base@17.0.2
j  sun.net.www.protocol.http.HttpURLConnection.getInputStream()Ljava/io/InputStream;+62 java.base@17.0.2
j  sun.net.www.protocol.https.HttpsURLConnectionImpl.getInputStream()Ljava/io/InputStream;+4 java.base@17.0.2
j  org.eclipse.buildship.core.internal.util.gradle.PublishedGradleVersions.downloadVersionInformation()Ljava/lang/String;+37
j  org.eclipse.buildship.core.internal.util.gradle.PublishedGradleVersions.tryToDownloadAndCacheVersions(Ljava/io/File;Lorg/eclipse/buildship/core/internal/util/gradle/PublishedGradleVersions$LookupStrategy;)Lorg/eclipse/buildship/core/internal/util/gradle/PublishedGradleVersions;+17
j  org.eclipse.buildship.core.internal.util.gradle.PublishedGradleVersions.tryToUpdateOutdatedVersionsFile(Ljava/io/File;Lorg/eclipse/buildship/core/internal/util/gradle/PublishedGradleVersions$LookupStrategy;)Lorg/eclipse/buildship/core/internal/util/gradle/PublishedGradleVersions;+2
j  org.eclipse.buildship.core.internal.util.gradle.PublishedGradleVersions.create(Lorg/eclipse/buildship/core/internal/util/gradle/PublishedGradleVersions$LookupStrategy;)Lorg/eclipse/buildship/core/internal/util/gradle/PublishedGradleVersions;+107
j  org.eclipse.buildship.core.internal.util.gradle.PublishedGradleVersionsWrapper$LoadVersionsJob.run(Lorg/eclipse/core/runtime/IProgressMonitor;)Lorg/eclipse/core/runtime/IStatus;+3
j  org.eclipse.core.internal.jobs.Worker.run()V+33
v  ~StubRoutines::call_stub

---------------  P R O C E S S  ---------------

Threads class SMR info:
_java_thread_list=0x000001f326d3e0c0, length=31, elements={
0x000001f3114b2d80, 0x000001f3252bfd70, 0x000001f3252c1b40, 0x000001f3252f6110,
0x000001f3252f8ab0, 0x000001f3252fa9a0, 0x000001f3252fde30, 0x000001f3252ff930,
0x000001f325306400, 0x000001f3253098d0, 0x000001f326de8da0, 0x000001f326f6c640,
0x000001f32747a990, 0x000001f32751e8e0, 0x000001f327519f30, 0x000001f327518970,
0x000001f32773d9a0, 0x000001f328898870, 0x000001f3289e8040, 0x000001f328758df0,
0x000001f328758920, 0x000001f32875a600, 0x000001f32875a130, 0x000001f32875aad0,
0x000001f328f69530, 0x000001f3287592c0, 0x000001f32875afa0, 0x000001f32875be10,
0x000001f32875b940, 0x000001f32875c2e0, 0x000001f328759c60
}

Java Threads: ( => current thread )
  0x000001f3114b2d80 JavaThread "main" [_thread_blocked, id=1396, stack(0x0000005dd5000000,0x0000005dd5100000)]
  0x000001f3252bfd70 JavaThread "Reference Handler" daemon [_thread_blocked, id=11984, stack(0x0000005dd5300000,0x0000005dd5400000)]
  0x000001f3252c1b40 JavaThread "Finalizer" daemon [_thread_blocked, id=11348, stack(0x0000005dd5400000,0x0000005dd5500000)]
  0x000001f3252f6110 JavaThread "Signal Dispatcher" daemon [_thread_blocked, id=8600, stack(0x0000005dd5500000,0x0000005dd5600000)]
  0x000001f3252f8ab0 JavaThread "Attach Listener" daemon [_thread_blocked, id=8876, stack(0x0000005dd5600000,0x0000005dd5700000)]
  0x000001f3252fa9a0 JavaThread "Service Thread" daemon [_thread_blocked, id=3672, stack(0x0000005dd5700000,0x0000005dd5800000)]
  0x000001f3252fde30 JavaThread "Monitor Deflation Thread" daemon [_thread_blocked, id=2892, stack(0x0000005dd5800000,0x0000005dd5900000)]
  0x000001f3252ff930 JavaThread "C2 CompilerThread0" daemon [_thread_in_native, id=7076, stack(0x0000005dd5900000,0x0000005dd5a00000)]
  0x000001f325306400 JavaThread "C1 CompilerThread0" daemon [_thread_blocked, id=9812, stack(0x0000005dd5a00000,0x0000005dd5b00000)]
  0x000001f3253098d0 JavaThread "Sweeper thread" daemon [_thread_blocked, id=4584, stack(0x0000005dd5b00000,0x0000005dd5c00000)]
  0x000001f326de8da0 JavaThread "Common-Cleaner" daemon [_thread_blocked, id=3432, stack(0x0000005dd5c00000,0x0000005dd5d00000)]
  0x000001f326f6c640 JavaThread "Notification Thread" daemon [_thread_blocked, id=11144, stack(0x0000005dd5d00000,0x0000005dd5e00000)]
  0x000001f32747a990 JavaThread "Active Thread: Equinox Container: 2d110e2c-7b79-40bc-af4a-a9c3f09cb682" [_thread_blocked, id=184, stack(0x0000005dd6000000,0x0000005dd6100000)]
  0x000001f32751e8e0 JavaThread "Framework Event Dispatcher: Equinox Container: 2d110e2c-7b79-40bc-af4a-a9c3f09cb682" daemon [_thread_blocked, id=9704, stack(0x0000005dd5f00000,0x0000005dd6000000)]
  0x000001f327519f30 JavaThread "Start Level: Equinox Container: 2d110e2c-7b79-40bc-af4a-a9c3f09cb682" daemon [_thread_blocked, id=4268, stack(0x0000005dd6400000,0x0000005dd6500000)]
  0x000001f327518970 JavaThread "SCR Component Actor" daemon [_thread_blocked, id=4664, stack(0x0000005dd6500000,0x0000005dd6600000)]
  0x000001f32773d9a0 JavaThread "Timer-0" [_thread_blocked, id=6220, stack(0x0000005dd6600000,0x0000005dd6700000)]
  0x000001f328898870 JavaThread "Bundle File Closer" daemon [_thread_blocked, id=1432, stack(0x0000005dd6800000,0x0000005dd6900000)]
  0x000001f3289e8040 JavaThread "Worker-JM" [_thread_blocked, id=7404, stack(0x0000005dd6900000,0x0000005dd6a00000)]
  0x000001f328758df0 JavaThread "Worker-0: Updating Maven Dependencies" [_thread_blocked, id=9412, stack(0x0000005dd6a00000,0x0000005dd6b00000)]
  0x000001f328758920 JavaThread "Worker-1: Repository registry initialization" [_thread_in_vm, id=8580, stack(0x0000005dd6b00000,0x0000005dd6c00000)]
  0x000001f32875a600 JavaThread "Java indexing" daemon [_thread_blocked, id=4832, stack(0x0000005dd6700000,0x0000005dd6800000)]
=>0x000001f32875a130 JavaThread "Worker-2: Loading available Gradle versions" [_thread_in_vm, id=5172, stack(0x0000005dd6c00000,0x0000005dd6d00000)]
  0x000001f32875aad0 JavaThread "pool-2-thread-1" [_thread_blocked, id=5868, stack(0x0000005dd6d00000,0x0000005dd6e00000)]
  0x000001f328f69530 JavaThread "C2 CompilerThread1" daemon [_thread_in_native, id=5424, stack(0x0000005dd6e00000,0x0000005dd6f00000)]
  0x000001f3287592c0 JavaThread "Equinox resolver thread - Equinox Container: 2d110e2c-7b79-40bc-af4a-a9c3f09cb682" daemon [_thread_blocked, id=2452, stack(0x0000005dd6f00000,0x0000005dd7000000)]
  0x000001f32875afa0 JavaThread "Equinox resolver thread - Equinox Container: 2d110e2c-7b79-40bc-af4a-a9c3f09cb682" daemon [_thread_blocked, id=8280, stack(0x0000005dd7000000,0x0000005dd7100000)]
  0x000001f32875be10 JavaThread "Equinox resolver thread - Equinox Container: 2d110e2c-7b79-40bc-af4a-a9c3f09cb682" daemon [_thread_blocked, id=11024, stack(0x0000005dd7100000,0x0000005dd7200000)]
  0x000001f32875b940 JavaThread "Equinox resolver thread - Equinox Container: 2d110e2c-7b79-40bc-af4a-a9c3f09cb682" daemon [_thread_blocked, id=11892, stack(0x0000005dd7200000,0x0000005dd7300000)]
  0x000001f32875c2e0 JavaThread "Worker-3" [_thread_blocked, id=3064, stack(0x0000005dd7300000,0x0000005dd7400000)]
  0x000001f328759c60 JavaThread "Worker-4" [_thread_blocked, id=12112, stack(0x0000005dd7400000,0x0000005dd7500000)]

Other Threads:
  0x000001f3251e8430 VMThread "VM Thread" [stack: 0x0000005dd5200000,0x0000005dd5300000] [id=11332]
  0x000001f326f344a0 WatcherThread [stack: 0x0000005dd5e00000,0x0000005dd5f00000] [id=8608]
  0x000001f3114ca6f0 GCTaskThread "GC Thread#0" [stack: 0x0000005dd5100000,0x0000005dd5200000] [id=10608]
  0x000001f327502b70 GCTaskThread "GC Thread#1" [stack: 0x0000005dd6100000,0x0000005dd6200000] [id=216]
  0x000001f3275043a0 GCTaskThread "GC Thread#2" [stack: 0x0000005dd6200000,0x0000005dd6300000] [id=1448]
  0x000001f327502e20 GCTaskThread "GC Thread#3" [stack: 0x0000005dd6300000,0x0000005dd6400000] [id=4012]

Threads with active compile tasks:
C2 CompilerThread0     8031 3258   !   4       org.eclipse.osgi.internal.loader.classpath.ClasspathManager::findLocalClass (210 bytes)
C2 CompilerThread1     8032 3714   !   4       org.eclipse.osgi.internal.loader.classpath.ClasspathManager::defineClass (636 bytes)

VM state: not at safepoint (normal execution)

VM Mutex/Monitor currently owned by a thread:  ([mutex/lock_event])
[0x000001f3114ae960] Metaspace_lock - owner thread: 0x000001f32875a130

Heap address: 0x00000000c0000000, size: 1024 MB, Compressed Oops mode: 32-bit

CDS archive(s) not mapped
Compressed class space mapped at: 0x0000000100000000-0x0000000140000000, reserved size: 1073741824
Narrow klass base: 0x0000000000000000, Narrow klass shift: 3, Narrow klass range: 0x140000000

GC Precious Log:
 CPUs: 4 total, 4 available
 Memory: 4094M
 Large Page Support: Disabled
 NUMA Support: Disabled
 Compressed Oops: Enabled (32-bit)
 Alignments: Space 512K, Generation 512K, Heap 2M
 Heap Min Capacity: 100M
 Heap Initial Capacity: 100M
 Heap Max Capacity: 1G
 Pre-touch: Disabled
 Parallel Workers: 4

Heap:
 PSYoungGen      total 28160K, used 8586K [0x00000000eab00000, 0x00000000ecd80000, 0x0000000100000000)
  eden space 25088K, 23% used [0x00000000eab00000,0x00000000eb0bba80,0x00000000ec380000)
  from space 3072K, 88% used [0x00000000eca80000,0x00000000ecd26ee8,0x00000000ecd80000)
  to   space 4096K, 0% used [0x00000000ec580000,0x00000000ec580000,0x00000000ec980000)
 ParOldGen       total 68608K, used 12651K [0x00000000c0000000, 0x00000000c4300000, 0x00000000eab00000)
  object space 68608K, 18% used [0x00000000c0000000,0x00000000c0c5adc0,0x00000000c4300000)
 Metaspace       used 41331K, committed 41984K, reserved 1089536K
  class space    used 4469K, committed 4800K, reserved 1048576K

Card table byte_map: [0x000001f310e60000,0x000001f311070000] _byte_map_base: 0x000001f310860000

Marking Bits: (ParMarkBitMap*) 0x00007ffe72fc3af0
 Begin Bits: [0x000001f323130000, 0x000001f324130000)
 End Bits:   [0x000001f324130000, 0x000001f325130000)

Polling page: 0x000001f30f2e0000

Metaspace:

Usage:
  Non-class:     36.00 MB used.
      Class:      4.36 MB used.
       Both:     40.36 MB used.

Virtual space:
  Non-class space:       40.00 MB reserved,      36.31 MB ( 91%) committed,  5 nodes.
      Class space:        1.00 GB reserved,       4.69 MB ( <1%) committed,  1 nodes.
             Both:        1.04 GB reserved,      41.00 MB (  4%) committed. 

Chunk freelists:
   Non-Class:  2.83 MB
       Class:  3.17 MB
        Both:  6.00 MB

MaxMetaspaceSize: unlimited
CompressedClassSpaceSize: 1.00 GB
Initial GC threshold: 21.00 MB
Current GC threshold: 58.38 MB
CDS: off
MetaspaceReclaimPolicy: balanced
 - commit_granule_bytes: 65536.
 - commit_granule_words: 8192.
 - virtual_space_node_default_size: 1048576.
 - enlarge_chunks_in_place: 1.
 - new_chunks_are_fully_committed: 0.
 - uncommit_free_chunks: 1.
 - use_allocation_guard: 0.
 - handle_deallocations: 1.


Internal statistics:

num_allocs_failed_limit: 6.
num_arena_births: 228.
num_arena_deaths: 2.
num_vsnodes_births: 6.
num_vsnodes_deaths: 0.
num_space_committed: 656.
num_space_uncommitted: 0.
num_chunks_returned_to_freelist: 9.
num_chunks_taken_from_freelist: 1473.
num_chunk_merges: 6.
num_chunk_splits: 976.
num_chunks_enlarged: 659.
num_purges: 2.
num_inconsistent_stats: 0.

CodeHeap 'non-profiled nmethods': size=120000Kb used=1380Kb max_used=1380Kb free=118619Kb
 bounds [0x000001f31bc00000, 0x000001f31be70000, 0x000001f323130000]
CodeHeap 'profiled nmethods': size=120000Kb used=7885Kb max_used=7885Kb free=112114Kb
 bounds [0x000001f3146d0000, 0x000001f314e90000, 0x000001f31bc00000]
CodeHeap 'non-nmethods': size=5760Kb used=1266Kb max_used=1292Kb free=4493Kb
 bounds [0x000001f314130000, 0x000001f3143a0000, 0x000001f3146d0000]
 total_blobs=4328 nmethods=3741 adapters=502
 compilation: enabled
              stopped_count=0, restarted_count=0
 full_count=0

Compilation events (20 events):
Event: 7.957 Thread 0x000001f325306400 3756       3       sun.reflect.annotation.AnnotationParser$1::run (40 bytes)
Event: 7.959 Thread 0x000001f325306400 nmethod 3756 0x000001f314e7af10 code [0x000001f314e7b180, 0x000001f314e7bf58]
Event: 7.959 Thread 0x000001f325306400 3757       3       jdk.internal.org.objectweb.asm.FieldVisitor::<init> (88 bytes)
Event: 7.960 Thread 0x000001f325306400 nmethod 3757 0x000001f314e7c390 code [0x000001f314e7c5e0, 0x000001f314e7ce68]
Event: 7.961 Thread 0x000001f325306400 3758       3       jdk.internal.org.objectweb.asm.SymbolTable::addUninitializedType (103 bytes)
Event: 7.962 Thread 0x000001f325306400 nmethod 3758 0x000001f314e7d110 code [0x000001f314e7d320, 0x000001f314e7d8d8]
Event: 7.962 Thread 0x000001f325306400 3759 %     3       java.util.regex.Matcher::search @ 46 (154 bytes)
Event: 7.963 Thread 0x000001f325306400 nmethod 3759% 0x000001f314e7db90 code [0x000001f314e7dd80, 0x000001f314e7e378]
Event: 7.963 Thread 0x000001f325306400 3763       3       java.util.ArrayList$SubList::toArray (79 bytes)
Event: 7.963 Thread 0x000001f325306400 nmethod 3763 0x000001f314e7e590 code [0x000001f314e7e780, 0x000001f314e7ee08]
Event: 7.963 Thread 0x000001f325306400 3764       3       java.util.regex.Pattern$LookBehindEndNode::match (14 bytes)
Event: 7.963 Thread 0x000001f325306400 nmethod 3764 0x000001f314e7f010 code [0x000001f314e7f1a0, 0x000001f314e7f318]
Event: 7.963 Thread 0x000001f325306400 3761       3       sun.security.ssl.CipherSuite$KeyExchange::isAvailable (46 bytes)
Event: 7.964 Thread 0x000001f325306400 nmethod 3761 0x000001f314e7f410 code [0x000001f314e7f5e0, 0x000001f314e7f8c8]
Event: 7.964 Thread 0x000001f325306400 3765       3       sun.security.util.AlgorithmDecomposer::decompose (336 bytes)
Event: 7.969 Thread 0x000001f325306400 nmethod 3765 0x000001f314e7f990 code [0x000001f314e7fde0, 0x000001f314e81f88]
Event: 7.969 Thread 0x000001f325306400 3766       3       sun.security.ssl.SSLAlgorithmConstraints::permits (96 bytes)
Event: 7.970 Thread 0x000001f325306400 nmethod 3766 0x000001f314e82510 code [0x000001f314e82700, 0x000001f314e82c18]
Event: 7.970 Thread 0x000001f325306400 3767       3       java.util.regex.Matcher::matches (10 bytes)
Event: 7.971 Thread 0x000001f325306400 nmethod 3767 0x000001f314e82d90 code [0x000001f314e82f20, 0x000001f314e83068]

GC Heap History (16 events):
Event: 2.878 GC heap before
{Heap before GC invocations=1 (full 0):
 PSYoungGen      total 29696K, used 25600K [0x00000000eab00000, 0x00000000ecc00000, 0x0000000100000000)
  eden space 25600K, 100% used [0x00000000eab00000,0x00000000ec400000,0x00000000ec400000)
  from space 4096K, 0% used [0x00000000ec800000,0x00000000ec800000,0x00000000ecc00000)
  to   space 4096K, 0% used [0x00000000ec400000,0x00000000ec400000,0x00000000ec800000)
 ParOldGen       total 68608K, used 0K [0x00000000c0000000, 0x00000000c4300000, 0x00000000eab00000)
  object space 68608K, 0% used [0x00000000c0000000,0x00000000c0000020,0x00000000c4300000)
 Metaspace       used 12956K, committed 13184K, reserved 1064960K
  class space    used 1304K, committed 1408K, reserved 1048576K
}
Event: 2.892 GC heap after
{Heap after GC invocations=1 (full 0):
 PSYoungGen      total 29696K, used 4088K [0x00000000eab00000, 0x00000000ecc00000, 0x0000000100000000)
  eden space 25600K, 0% used [0x00000000eab00000,0x00000000eab00000,0x00000000ec400000)
  from space 4096K, 99% used [0x00000000ec400000,0x00000000ec7fe2e8,0x00000000ec800000)
  to   space 4096K, 0% used [0x00000000ec800000,0x00000000ec800000,0x00000000ecc00000)
 ParOldGen       total 68608K, used 630K [0x00000000c0000000, 0x00000000c4300000, 0x00000000eab00000)
  object space 68608K, 0% used [0x00000000c0000000,0x00000000c009d840,0x00000000c4300000)
 Metaspace       used 12956K, committed 13184K, reserved 1064960K
  class space    used 1304K, committed 1408K, reserved 1048576K
}
Event: 4.161 GC heap before
{Heap before GC invocations=2 (full 0):
 PSYoungGen      total 29696K, used 29688K [0x00000000eab00000, 0x00000000ecc00000, 0x0000000100000000)
  eden space 25600K, 100% used [0x00000000eab00000,0x00000000ec400000,0x00000000ec400000)
  from space 4096K, 99% used [0x00000000ec400000,0x00000000ec7fe2e8,0x00000000ec800000)
  to   space 4096K, 0% used [0x00000000ec800000,0x00000000ec800000,0x00000000ecc00000)
 ParOldGen       total 68608K, used 630K [0x00000000c0000000, 0x00000000c4300000, 0x00000000eab00000)
  object space 68608K, 0% used [0x00000000c0000000,0x00000000c009d840,0x00000000c4300000)
 Metaspace       used 21129K, committed 21504K, reserved 1073152K
  class space    used 2121K, committed 2304K, reserved 1048576K
}
Event: 4.186 GC heap after
{Heap after GC invocations=2 (full 0):
 PSYoungGen      total 29696K, used 4067K [0x00000000eab00000, 0x00000000ecc00000, 0x0000000100000000)
  eden space 25600K, 0% used [0x00000000eab00000,0x00000000eab00000,0x00000000ec400000)
  from space 4096K, 99% used [0x00000000ec800000,0x00000000ecbf8d20,0x00000000ecc00000)
  to   space 4096K, 0% used [0x00000000ec400000,0x00000000ec400000,0x00000000ec800000)
 ParOldGen       total 68608K, used 6139K [0x00000000c0000000, 0x00000000c4300000, 0x00000000eab00000)
  object space 68608K, 8% used [0x00000000c0000000,0x00000000c05fed28,0x00000000c4300000)
 Metaspace       used 21129K, committed 21504K, reserved 1073152K
  class space    used 2121K, committed 2304K, reserved 1048576K
}
Event: 4.186 GC heap before
{Heap before GC invocations=3 (full 1):
 PSYoungGen      total 29696K, used 4067K [0x00000000eab00000, 0x00000000ecc00000, 0x0000000100000000)
  eden space 25600K, 0% used [0x00000000eab00000,0x00000000eab00000,0x00000000ec400000)
  from space 4096K, 99% used [0x00000000ec800000,0x00000000ecbf8d20,0x00000000ecc00000)
  to   space 4096K, 0% used [0x00000000ec400000,0x00000000ec400000,0x00000000ec800000)
 ParOldGen       total 68608K, used 6139K [0x00000000c0000000, 0x00000000c4300000, 0x00000000eab00000)
  object space 68608K, 8% used [0x00000000c0000000,0x00000000c05fed28,0x00000000c4300000)
 Metaspace       used 21129K, committed 21504K, reserved 1073152K
  class space    used 2121K, committed 2304K, reserved 1048576K
}
Event: 4.224 GC heap after
{Heap after GC invocations=3 (full 1):
 PSYoungGen      total 29696K, used 0K [0x00000000eab00000, 0x00000000ecc00000, 0x0000000100000000)
  eden space 25600K, 0% used [0x00000000eab00000,0x00000000eab00000,0x00000000ec400000)
  from space 4096K, 0% used [0x00000000ec800000,0x00000000ec800000,0x00000000ecc00000)
  to   space 4096K, 0% used [0x00000000ec400000,0x00000000ec400000,0x00000000ec800000)
 ParOldGen       total 68608K, used 9811K [0x00000000c0000000, 0x00000000c4300000, 0x00000000eab00000)
  object space 68608K, 14% used [0x00000000c0000000,0x00000000c0994c18,0x00000000c4300000)
 Metaspace       used 21129K, committed 21504K, reserved 1073152K
  class space    used 2121K, committed 2304K, reserved 1048576K
}
Event: 5.053 GC heap before
{Heap before GC invocations=4 (full 1):
 PSYoungGen      total 29696K, used 25600K [0x00000000eab00000, 0x00000000ecc00000, 0x0000000100000000)
  eden space 25600K, 100% used [0x00000000eab00000,0x00000000ec400000,0x00000000ec400000)
  from space 4096K, 0% used [0x00000000ec800000,0x00000000ec800000,0x00000000ecc00000)
  to   space 4096K, 0% used [0x00000000ec400000,0x00000000ec400000,0x00000000ec800000)
 ParOldGen       total 68608K, used 9886K [0x00000000c0000000, 0x00000000c4300000, 0x00000000eab00000)
  object space 68608K, 14% used [0x00000000c0000000,0x00000000c09a78f8,0x00000000c4300000)
 Metaspace       used 27814K, committed 28288K, reserved 1081344K
  class space    used 2744K, committed 2944K, reserved 1048576K
}
Event: 5.057 GC heap after
{Heap after GC invocations=4 (full 1):
 PSYoungGen      total 29696K, used 1768K [0x00000000eab00000, 0x00000000ecc00000, 0x0000000100000000)
  eden space 25600K, 0% used [0x00000000eab00000,0x00000000eab00000,0x00000000ec400000)
  from space 4096K, 43% used [0x00000000ec400000,0x00000000ec5ba158,0x00000000ec800000)
  to   space 4096K, 0% used [0x00000000ec800000,0x00000000ec800000,0x00000000ecc00000)
 ParOldGen       total 68608K, used 9894K [0x00000000c0000000, 0x00000000c4300000, 0x00000000eab00000)
  object space 68608K, 14% used [0x00000000c0000000,0x00000000c09a98f8,0x00000000c4300000)
 Metaspace       used 27814K, committed 28288K, reserved 1081344K
  class space    used 2744K, committed 2944K, reserved 1048576K
}
Event: 6.170 GC heap before
{Heap before GC invocations=5 (full 1):
 PSYoungGen      total 29696K, used 27368K [0x00000000eab00000, 0x00000000ecc00000, 0x0000000100000000)
  eden space 25600K, 100% used [0x00000000eab00000,0x00000000ec400000,0x00000000ec400000)
  from space 4096K, 43% used [0x00000000ec400000,0x00000000ec5ba158,0x00000000ec800000)
  to   space 4096K, 0% used [0x00000000ec800000,0x00000000ec800000,0x00000000ecc00000)
 ParOldGen       total 68608K, used 9894K [0x00000000c0000000, 0x00000000c4300000, 0x00000000eab00000)
  object space 68608K, 14% used [0x00000000c0000000,0x00000000c09a98f8,0x00000000c4300000)
 Metaspace       used 34071K, committed 34752K, reserved 1081344K
  class space    used 3559K, committed 3904K, reserved 1048576K
}
Event: 6.192 GC heap after
{Heap after GC invocations=5 (full 1):
 PSYoungGen      total 29696K, used 4087K [0x00000000eab00000, 0x00000000ecc00000, 0x0000000100000000)
  eden space 25600K, 0% used [0x00000000eab00000,0x00000000eab00000,0x00000000ec400000)
  from space 4096K, 99% used [0x00000000ec800000,0x00000000ecbfde20,0x00000000ecc00000)
  to   space 4096K, 0% used [0x00000000ec400000,0x00000000ec400000,0x00000000ec800000)
 ParOldGen       total 68608K, used 13664K [0x00000000c0000000, 0x00000000c4300000, 0x00000000eab00000)
  object space 68608K, 19% used [0x00000000c0000000,0x00000000c0d580a8,0x00000000c4300000)
 Metaspace       used 34071K, committed 34752K, reserved 1081344K
  class space    used 3559K, committed 3904K, reserved 1048576K
}
Event: 6.482 GC heap before
{Heap before GC invocations=6 (full 1):
 PSYoungGen      total 29696K, used 17914K [0x00000000eab00000, 0x00000000ecc00000, 0x0000000100000000)
  eden space 25600K, 54% used [0x00000000eab00000,0x00000000eb880bb0,0x00000000ec400000)
  from space 4096K, 99% used [0x00000000ec800000,0x00000000ecbfde20,0x00000000ecc00000)
  to   space 4096K, 0% used [0x00000000ec400000,0x00000000ec400000,0x00000000ec800000)
 ParOldGen       total 68608K, used 13664K [0x00000000c0000000, 0x00000000c4300000, 0x00000000eab00000)
  object space 68608K, 19% used [0x00000000c0000000,0x00000000c0d580a8,0x00000000c4300000)
 Metaspace       used 35149K, committed 35840K, reserved 1081344K
  class space    used 3704K, committed 4032K, reserved 1048576K
}
Event: 6.494 GC heap after
{Heap after GC invocations=6 (full 1):
 PSYoungGen      total 29696K, used 4076K [0x00000000eab00000, 0x00000000ed100000, 0x0000000100000000)
  eden space 25600K, 0% used [0x00000000eab00000,0x00000000eab00000,0x00000000ec400000)
  from space 4096K, 99% used [0x00000000ec400000,0x00000000ec7fb2c8,0x00000000ec800000)
  to   space 6656K, 0% used [0x00000000eca80000,0x00000000eca80000,0x00000000ed100000)
 ParOldGen       total 68608K, used 15021K [0x00000000c0000000, 0x00000000c4300000, 0x00000000eab00000)
  object space 68608K, 21% used [0x00000000c0000000,0x00000000c0eab738,0x00000000c4300000)
 Metaspace       used 35149K, committed 35840K, reserved 1081344K
  class space    used 3704K, committed 4032K, reserved 1048576K
}
Event: 6.494 GC heap before
{Heap before GC invocations=7 (full 2):
 PSYoungGen      total 29696K, used 4076K [0x00000000eab00000, 0x00000000ed100000, 0x0000000100000000)
  eden space 25600K, 0% used [0x00000000eab00000,0x00000000eab00000,0x00000000ec400000)
  from space 4096K, 99% used [0x00000000ec400000,0x00000000ec7fb2c8,0x00000000ec800000)
  to   space 6656K, 0% used [0x00000000eca80000,0x00000000eca80000,0x00000000ed100000)
 ParOldGen       total 68608K, used 15021K [0x00000000c0000000, 0x00000000c4300000, 0x00000000eab00000)
  object space 68608K, 21% used [0x00000000c0000000,0x00000000c0eab738,0x00000000c4300000)
 Metaspace       used 35149K, committed 35840K, reserved 1081344K
  class space    used 3704K, committed 4032K, reserved 1048576K
}
Event: 6.556 GC heap after
{Heap after GC invocations=7 (full 2):
 PSYoungGen      total 29696K, used 0K [0x00000000eab00000, 0x00000000ed100000, 0x0000000100000000)
  eden space 25600K, 0% used [0x00000000eab00000,0x00000000eab00000,0x00000000ec400000)
  from space 4096K, 0% used [0x00000000ec400000,0x00000000ec400000,0x00000000ec800000)
  to   space 6656K, 0% used [0x00000000eca80000,0x00000000eca80000,0x00000000ed100000)
 ParOldGen       total 68608K, used 12635K [0x00000000c0000000, 0x00000000c4300000, 0x00000000eab00000)
  object space 68608K, 18% used [0x00000000c0000000,0x00000000c0c56dc0,0x00000000c4300000)
 Metaspace       used 35147K, committed 35840K, reserved 1081344K
  class space    used 3703K, committed 4032K, reserved 1048576K
}
Event: 7.702 GC heap before
{Heap before GC invocations=8 (full 2):
 PSYoungGen      total 29696K, used 25598K [0x00000000eab00000, 0x00000000ed100000, 0x0000000100000000)
  eden space 25600K, 99% used [0x00000000eab00000,0x00000000ec3ff900,0x00000000ec400000)
  from space 4096K, 0% used [0x00000000ec400000,0x00000000ec400000,0x00000000ec800000)
  to   space 6656K, 0% used [0x00000000eca80000,0x00000000eca80000,0x00000000ed100000)
 ParOldGen       total 68608K, used 12635K [0x00000000c0000000, 0x00000000c4300000, 0x00000000eab00000)
  object space 68608K, 18% used [0x00000000c0000000,0x00000000c0c56dc0,0x00000000c4300000)
 Metaspace       used 40115K, committed 40768K, reserved 1089536K
  class space    used 4316K, committed 4608K, reserved 1048576K
}
Event: 7.712 GC heap after
{Heap after GC invocations=8 (full 2):
 PSYoungGen      total 28160K, used 2715K [0x00000000eab00000, 0x00000000ecd80000, 0x0000000100000000)
  eden space 25088K, 0% used [0x00000000eab00000,0x00000000eab00000,0x00000000ec380000)
  from space 3072K, 88% used [0x00000000eca80000,0x00000000ecd26ee8,0x00000000ecd80000)
  to   space 4096K, 0% used [0x00000000ec580000,0x00000000ec580000,0x00000000ec980000)
 ParOldGen       total 68608K, used 12651K [0x00000000c0000000, 0x00000000c4300000, 0x00000000eab00000)
  object space 68608K, 18% used [0x00000000c0000000,0x00000000c0c5adc0,0x00000000c4300000)
 Metaspace       used 40115K, committed 40768K, reserved 1089536K
  class space    used 4316K, committed 4608K, reserved 1048576K
}

Deoptimization events (20 events):
Event: 7.438 Thread 0x000001f32875a130 DEOPT PACKING pc=0x000001f31bd02bd8 sp=0x0000005dd6cfdd90
Event: 7.438 Thread 0x000001f32875a130 DEOPT UNPACKING pc=0x000001f31418209d sp=0x0000005dd6cfdd28 mode 2
Event: 7.438 Thread 0x000001f32875a130 Uncommon trap: trap_request=0xffffffde fr.pc=0x000001f31bd03dd4 relative=0x0000000000000114
Event: 7.438 Thread 0x000001f32875a130 Uncommon trap: reason=class_check action=maybe_recompile pc=0x000001f31bd03dd4 method=java.util.AbstractList$Itr.next()Ljava/lang/Object; @ 14 c2
Event: 7.438 Thread 0x000001f32875a130 DEOPT PACKING pc=0x000001f31bd03dd4 sp=0x0000005dd6cfdd80
Event: 7.438 Thread 0x000001f32875a130 DEOPT UNPACKING pc=0x000001f31418209d sp=0x0000005dd6cfdd18 mode 2
Event: 7.629 Thread 0x000001f328758920 DEOPT PACKING pc=0x000001f314e33859 sp=0x0000005dd6bfe330
Event: 7.630 Thread 0x000001f328758920 DEOPT UNPACKING pc=0x000001f314182824 sp=0x0000005dd6bfd788 mode 0
Event: 7.764 Thread 0x000001f32875a130 Uncommon trap: trap_request=0xffffffc6 fr.pc=0x000001f31bcee9d0 relative=0x0000000000000750
Event: 7.764 Thread 0x000001f32875a130 Uncommon trap: reason=bimorphic_or_optimized_type_check action=maybe_recompile pc=0x000001f31bcee9d0 method=java.util.Hashtable.addEntry(ILjava/lang/Object;Ljava/lang/Object;I)V @ 28 c2
Event: 7.764 Thread 0x000001f32875a130 DEOPT PACKING pc=0x000001f31bcee9d0 sp=0x0000005dd6cfb6e0
Event: 7.764 Thread 0x000001f32875a130 DEOPT UNPACKING pc=0x000001f31418209d sp=0x0000005dd6cfb608 mode 2
Event: 7.776 Thread 0x000001f32875a130 Uncommon trap: trap_request=0xffffff45 fr.pc=0x000001f31bca86f8 relative=0x00000000000000d8
Event: 7.776 Thread 0x000001f32875a130 Uncommon trap: reason=unstable_if action=reinterpret pc=0x000001f31bca86f8 method=java.lang.CharacterDataLatin1.digit(II)I @ 12 c2
Event: 7.776 Thread 0x000001f32875a130 DEOPT PACKING pc=0x000001f31bca86f8 sp=0x0000005dd6cfe6a0
Event: 7.776 Thread 0x000001f32875a130 DEOPT UNPACKING pc=0x000001f31418209d sp=0x0000005dd6cfe558 mode 2
Event: 7.927 Thread 0x000001f32875a130 Uncommon trap: trap_request=0xffffff45 fr.pc=0x000001f31bc13948 relative=0x00000000000000a8
Event: 7.927 Thread 0x000001f32875a130 Uncommon trap: reason=unstable_if action=reinterpret pc=0x000001f31bc13948 method=java.lang.CharacterDataLatin1.digit(II)I @ 12 c2
Event: 7.927 Thread 0x000001f32875a130 DEOPT PACKING pc=0x000001f31bc13948 sp=0x0000005dd6cfe420
Event: 7.927 Thread 0x000001f32875a130 DEOPT UNPACKING pc=0x000001f31418209d sp=0x0000005dd6cfe398 mode 2

Classes unloaded (1 events):
Event: 6.506 Thread 0x000001f3251e8430 Unloading class 0x00000001003b0000 'java/lang/invoke/LambdaForm$DMH+0x00000001003b0000'

Classes redefined (0 events):
No events

Internal exceptions (20 events):
Event: 4.473 Thread 0x000001f327519f30 Exception <a 'java/io/FileNotFoundException'{0x00000000ebc47708}> (0x00000000ebc47708) 
thrown [e:\jenkins\tmp\workspace\build\src\src\hotspot\share\prims\jni.cpp, line 516]
Event: 4.590 Thread 0x000001f327519f30 Exception <a 'java/lang/ClassNotFoundException'{0x00000000ebdc5310}: com/sun/org/apache/xml/internal/serializer/spi/XMLEntitiesProvider> (0x00000000ebdc5310) 
thrown [e:\jenkins\tmp\workspace\build\src\src\hotspot\share\classfile\systemDictionary.cpp, line 256]
Event: 5.144 Thread 0x000001f327519f30 Exception <a 'java/lang/NoSuchMethodError'{0x00000000eacd8138}: 'org.slf4j.impl.StaticMDCBinder org.slf4j.impl.StaticMDCBinder.getSingleton()'> (0x00000000eacd8138) 
thrown [e:\jenkins\tmp\workspace\build\src\src\hotspot\share\interpreter\linkResolver.cpp, line 766]
Event: 5.198 Thread 0x000001f327519f30 Exception <a 'java/io/FileNotFoundException'{0x00000000eadfbbe0}> (0x00000000eadfbbe0) 
thrown [e:\jenkins\tmp\workspace\build\src\src\hotspot\share\prims\jni.cpp, line 516]
Event: 5.219 Thread 0x000001f327519f30 Exception <a 'java/io/FileNotFoundException'{0x00000000eae3df78}> (0x00000000eae3df78) 
thrown [e:\jenkins\tmp\workspace\build\src\src\hotspot\share\prims\jni.cpp, line 516]
Event: 5.226 Thread 0x000001f327519f30 Exception <a 'java/io/FileNotFoundException'{0x00000000eae68bd0}> (0x00000000eae68bd0) 
thrown [e:\jenkins\tmp\workspace\build\src\src\hotspot\share\prims\jni.cpp, line 516]
Event: 5.332 Thread 0x000001f327519f30 Implicit null exception at 0x000001f31bcbb9ca to 0x000001f31bcbc4d4
Event: 5.332 Thread 0x000001f327519f30 Exception <a 'java/lang/NoSuchMethodError'{0x00000000eb0dbb78}: 'void java.lang.invoke.DirectMethodHandle$Holder.invokeStatic(java.lang.Object, java.lang.Object, java.lang.Object, java.lang.Object)'> (0x00000000eb0dbb78) 
thrown [e:\jenkins\tmp\workspace\build\src\src\hotspot\share\interpreter\linkResolver.cpp, line 766]
Event: 5.367 Thread 0x000001f3114b2d80 Exception <a 'java/io/FileNotFoundException'{0x00000000eb1cd680}> (0x00000000eb1cd680) 
thrown [e:\jenkins\tmp\workspace\build\src\src\hotspot\share\prims\jni.cpp, line 516]
Event: 5.598 Thread 0x000001f3114b2d80 Exception <a 'java/lang/NoSuchMethodError'{0x00000000eb735990}: 'java.lang.Object java.lang.invoke.DirectMethodHandle$Holder.newInvokeSpecial(java.lang.Object, java.lang.Object, java.lang.Object, java.lang.Object, java.lang.Object)'> (0x00000000eb735990) 
thrown [e:\jenkins\tmp\workspace\build\src\src\hotspot\share\interpreter\linkResolver.cpp, line 766]
Event: 5.711 Thread 0x000001f32875aad0 Exception <a 'java/io/FileNotFoundException'{0x00000000eb97d950}> (0x00000000eb97d950) 
thrown [e:\jenkins\tmp\workspace\build\src\src\hotspot\share\prims\jni.cpp, line 516]
Event: 5.847 Thread 0x000001f328758df0 Exception <a 'sun/nio/fs/WindowsException'{0x00000000ebb7f420}> (0x00000000ebb7f420) 
thrown [e:\jenkins\tmp\workspace\build\src\src\hotspot\share\prims\jni.cpp, line 516]
Event: 5.859 Thread 0x000001f328758df0 Exception <a 'sun/nio/fs/WindowsException'{0x00000000ebbc1be0}> (0x00000000ebbc1be0) 
thrown [e:\jenkins\tmp\workspace\build\src\src\hotspot\share\prims\jni.cpp, line 516]
Event: 5.867 Thread 0x000001f328758df0 Exception <a 'sun/nio/fs/WindowsException'{0x00000000ebc05ae0}> (0x00000000ebc05ae0) 
thrown [e:\jenkins\tmp\workspace\build\src\src\hotspot\share\prims\jni.cpp, line 516]
Event: 6.041 Thread 0x000001f327519f30 Exception <a 'java/lang/NoSuchMethodError'{0x00000000eb135170}: 'int java.lang.invoke.DirectMethodHandle$Holder.invokeSpecial(java.lang.Object, java.lang.Object, java.lang.Object)'> (0x00000000eb135170) 
thrown [e:\jenkins\tmp\workspace\build\src\src\hotspot\share\interpreter\linkResolver.cpp, line 766]
Event: 6.041 Thread 0x000001f32875aad0 Exception <a 'java/lang/NoSuchMethodError'{0x00000000ebecd4d0}: 'int java.lang.invoke.DirectMethodHandle$Holder.invokeSpecial(java.lang.Object, java.lang.Object, java.lang.Object)'> (0x00000000ebecd4d0) 
thrown [e:\jenkins\tmp\workspace\build\src\src\hotspot\share\interpreter\linkResolver.cpp, line 766]
Event: 6.732 Thread 0x000001f32875aad0 Exception <a 'java/lang/NoSuchMethodError'{0x00000000ead77038}: 'void java.lang.invoke.DirectMethodHandle$Holder.invokeStatic(java.lang.Object, java.lang.Object, java.lang.Object, java.lang.Object, java.lang.Object, java.lang.Object)'> (0x00000000ead77038) 
thrown [e:\jenkins\tmp\workspace\build\src\src\hotspot\share\interpreter\linkResolver.cpp, line 766]
Event: 6.964 Thread 0x000001f32875a130 Exception <a 'sun/nio/fs/WindowsException'{0x00000000eb231020}> (0x00000000eb231020) 
thrown [e:\jenkins\tmp\workspace\build\src\src\hotspot\share\prims\jni.cpp, line 516]
Event: 7.172 Thread 0x000001f328758920 Implicit null exception at 0x000001f31bc93b57 to 0x000001f31bc93d69
Event: 7.216 Thread 0x000001f328758920 Implicit null exception at 0x000001f31bc85b57 to 0x000001f31bc85d39

VM Operations (20 events):
Event: 6.297 Executing VM operation: HandshakeAllThreads
Event: 6.297 Executing VM operation: HandshakeAllThreads done
Event: 6.481 Executing VM operation: CollectForMetadataAllocation
Event: 6.563 Executing VM operation: CollectForMetadataAllocation done
Event: 6.891 Executing VM operation: HandshakeAllThreads
Event: 6.891 Executing VM operation: HandshakeAllThreads done
Event: 6.912 Executing VM operation: HandshakeAllThreads
Event: 6.913 Executing VM operation: HandshakeAllThreads done
Event: 7.216 Executing VM operation: HandshakeAllThreads
Event: 7.220 Executing VM operation: HandshakeAllThreads done
Event: 7.497 Executing VM operation: HandshakeAllThreads
Event: 7.498 Executing VM operation: HandshakeAllThreads done
Event: 7.569 Executing VM operation: ICBufferFull
Event: 7.571 Executing VM operation: ICBufferFull done
Event: 7.701 Executing VM operation: ParallelGCFailedAllocation
Event: 7.712 Executing VM operation: ParallelGCFailedAllocation done
Event: 7.773 Executing VM operation: HandshakeAllThreads
Event: 7.773 Executing VM operation: HandshakeAllThreads done
Event: 7.968 Executing VM operation: HandshakeAllThreads
Event: 7.968 Executing VM operation: HandshakeAllThreads done

Events (20 events):
Event: 7.960 loading class sun/security/ssl/SSLCredentials
Event: 7.960 loading class sun/security/ssl/SSLCredentials done
Event: 7.960 loading class sun/security/ssl/SSLKeyDerivation
Event: 7.960 loading class sun/security/ssl/SSLKeyDerivation done
Event: 7.961 loading class sun/security/ssl/SupportedGroupsExtension$SupportedGroups
Event: 7.961 loading class sun/security/ssl/SupportedGroupsExtension$SupportedGroups done
Event: 7.965 loading class sun/security/ssl/HandshakeOutStream
Event: 7.966 loading class sun/security/ssl/HandshakeOutStream done
Event: 7.969 loading class sun/security/ssl/RandomCookie
Event: 7.969 loading class sun/security/ssl/RandomCookie done
Event: 7.971 loading class sun/security/ssl/ClientHello$ClientHelloMessage
Event: 7.971 loading class sun/security/ssl/SSLHandshake$HandshakeMessage
Event: 7.971 loading class sun/security/ssl/SSLHandshake$HandshakeMessage done
Event: 7.971 loading class sun/security/ssl/ClientHello$ClientHelloMessage done
Event: 7.971 loading class sun/security/ssl/SSLExtensions
Event: 7.972 loading class sun/security/ssl/SSLExtensions done
Event: 7.972 loading class sun/security/ssl/SSLExtension
Event: 7.973 loading class sun/security/ssl/SSLStringizer
Event: 7.973 loading class sun/security/ssl/SSLStringizer done
Event: 7.973 loading class sun/security/ssl/SSLExtension done


Dynamic libraries:
0x00007ff6e26b0000 - 0x00007ff6e26be000 	c:\Users\ALEX\.vscode\extensions\redhat.java-1.4.0\jre\17.0.2-win32-x86_64\bin\java.exe
0x00007ffea6750000 - 0x00007ffea6931000 	C:\WINDOWS\SYSTEM32\ntdll.dll
0x00007ffea4440000 - 0x00007ffea44f1000 	C:\WINDOWS\System32\KERNEL32.DLL
0x00007ffea2b50000 - 0x00007ffea2dc3000 	C:\WINDOWS\System32\KERNELBASE.dll
0x00007ffea3aa0000 - 0x00007ffea3b98000 	C:\WINDOWS\System32\ucrtbase.dll
0x00007ffe9bf00000 - 0x00007ffe9bf19000 	c:\Users\ALEX\.vscode\extensions\redhat.java-1.4.0\jre\17.0.2-win32-x86_64\bin\VCRUNTIME140.dll
0x00007ffe9c550000 - 0x00007ffe9c568000 	c:\Users\ALEX\.vscode\extensions\redhat.java-1.4.0\jre\17.0.2-win32-x86_64\bin\jli.dll
0x00007ffea3ba0000 - 0x00007ffea3d30000 	C:\WINDOWS\System32\USER32.dll
0x00007ffea36e0000 - 0x00007ffea3700000 	C:\WINDOWS\System32\win32u.dll
0x00007ffea5a50000 - 0x00007ffea5a78000 	C:\WINDOWS\System32\GDI32.dll
0x00007ffe92850000 - 0x00007ffe92ab9000 	C:\WINDOWS\WinSxS\amd64_microsoft.windows.common-controls_6595b64144ccf1df_6.0.17134.1345_none_d3ffd07b7c9058ed\COMCTL32.dll
0x00007ffea3540000 - 0x00007ffea36d1000 	C:\WINDOWS\System32\gdi32full.dll
0x00007ffea41c0000 - 0x00007ffea425e000 	C:\WINDOWS\System32\msvcrt.dll
0x00007ffea3700000 - 0x00007ffea379f000 	C:\WINDOWS\System32\msvcp_win.dll
0x00007ffea5ca0000 - 0x00007ffea5fc1000 	C:\WINDOWS\System32\combase.dll
0x00007ffea3ee0000 - 0x00007ffea4004000 	C:\WINDOWS\System32\RPCRT4.dll
0x00007ffea2ad0000 - 0x00007ffea2b49000 	C:\WINDOWS\System32\bcryptPrimitives.dll
0x00007ffea5a20000 - 0x00007ffea5a4d000 	C:\WINDOWS\System32\IMM32.DLL
0x00007ffe9d1c0000 - 0x00007ffe9d1cc000 	c:\Users\ALEX\.vscode\extensions\redhat.java-1.4.0\jre\17.0.2-win32-x86_64\bin\vcruntime140_1.dll
0x00007ffe83b10000 - 0x00007ffe83ba1000 	c:\Users\ALEX\.vscode\extensions\redhat.java-1.4.0\jre\17.0.2-win32-x86_64\bin\msvcp140.dll
0x00007ffe72440000 - 0x00007ffe73087000 	c:\Users\ALEX\.vscode\extensions\redhat.java-1.4.0\jre\17.0.2-win32-x86_64\bin\server\jvm.dll
0x00007ffea4010000 - 0x00007ffea40b1000 	C:\WINDOWS\System32\ADVAPI32.dll
0x00007ffea3dd0000 - 0x00007ffea3e2b000 	C:\WINDOWS\System32\sechost.dll
0x00007ffea5fd0000 - 0x00007ffea5fd8000 	C:\WINDOWS\System32\PSAPI.DLL
0x00007ffe8a1e0000 - 0x00007ffe8a1e9000 	C:\WINDOWS\SYSTEM32\WSOCK32.dll
0x00007ffea5fe0000 - 0x00007ffea604c000 	C:\WINDOWS\System32\WS2_32.dll
0x00007ffea1650000 - 0x00007ffea165a000 	C:\WINDOWS\SYSTEM32\VERSION.dll
0x00007ffea0b70000 - 0x00007ffea0b93000 	C:\WINDOWS\SYSTEM32\WINMM.dll
0x00007ffea0ab0000 - 0x00007ffea0ada000 	C:\WINDOWS\SYSTEM32\WINMMBASE.dll
0x00007ffea34f0000 - 0x00007ffea3539000 	C:\WINDOWS\System32\cfgmgr32.dll
0x00007ffea2a80000 - 0x00007ffea2a91000 	C:\WINDOWS\System32\kernel.appcore.dll
0x00007ffe9c220000 - 0x00007ffe9c22a000 	c:\Users\ALEX\.vscode\extensions\redhat.java-1.4.0\jre\17.0.2-win32-x86_64\bin\jimage.dll
0x00007ffe8d200000 - 0x00007ffe8d3c9000 	C:\WINDOWS\SYSTEM32\DBGHELP.DLL
0x00007ffe8d1d0000 - 0x00007ffe8d1f9000 	C:\WINDOWS\SYSTEM32\dbgcore.DLL
0x00007ffe8fe10000 - 0x00007ffe8fe35000 	c:\Users\ALEX\.vscode\extensions\redhat.java-1.4.0\jre\17.0.2-win32-x86_64\bin\java.dll
0x00007ffe9b990000 - 0x00007ffe9b9a8000 	c:\Users\ALEX\.vscode\extensions\redhat.java-1.4.0\jre\17.0.2-win32-x86_64\bin\zip.dll
0x00007ffea45d0000 - 0x00007ffea5a15000 	C:\WINDOWS\System32\SHELL32.dll
0x00007ffea3e30000 - 0x00007ffea3ed9000 	C:\WINDOWS\System32\shcore.dll
0x00007ffea2dd0000 - 0x00007ffea34e1000 	C:\WINDOWS\System32\windows.storage.dll
0x00007ffea5a80000 - 0x00007ffea5ad1000 	C:\WINDOWS\System32\shlwapi.dll
0x00007ffea2a60000 - 0x00007ffea2a7f000 	C:\WINDOWS\System32\profapi.dll
0x00007ffea2a10000 - 0x00007ffea2a5c000 	C:\WINDOWS\System32\powrprof.dll
0x00007ffea29f0000 - 0x00007ffea2a09000 	C:\WINDOWS\System32\Wldp.dll
0x00007ffea37a0000 - 0x00007ffea3982000 	C:\WINDOWS\System32\CRYPT32.dll
0x00007ffea2aa0000 - 0x00007ffea2ab2000 	C:\WINDOWS\System32\MSASN1.dll
0x00007ffea3990000 - 0x00007ffea39e7000 	C:\WINDOWS\System32\WINTRUST.dll
0x00007ffea2ac0000 - 0x00007ffea2aca000 	C:\WINDOWS\System32\FLTLIB.DLL
0x00007ffe9bd30000 - 0x00007ffe9bd49000 	C:\Users\ALEX\.vscode\extensions\redhat.java-1.4.0\jre\17.0.2-win32-x86_64\bin\net.dll
0x00007ffe9b3f0000 - 0x00007ffe9b4cd000 	C:\WINDOWS\SYSTEM32\WINHTTP.dll
0x00007ffea2290000 - 0x00007ffea22f6000 	C:\WINDOWS\system32\mswsock.dll
0x00007ffe9b730000 - 0x00007ffe9b745000 	C:\Users\ALEX\.vscode\extensions\redhat.java-1.4.0\jre\17.0.2-win32-x86_64\bin\nio.dll
0x00007ffea2440000 - 0x00007ffea2457000 	C:\WINDOWS\SYSTEM32\CRYPTSP.dll
0x00007ffea1e40000 - 0x00007ffea1e73000 	C:\WINDOWS\system32\rsaenh.dll
0x00007ffea2550000 - 0x00007ffea2575000 	C:\WINDOWS\SYSTEM32\bcrypt.dll
0x00007ffea2920000 - 0x00007ffea2948000 	C:\WINDOWS\SYSTEM32\USERENV.dll
0x00007ffea2460000 - 0x00007ffea246b000 	C:\WINDOWS\SYSTEM32\CRYPTBASE.dll
0x00007ffea1fe0000 - 0x00007ffea2018000 	C:\WINDOWS\SYSTEM32\IPHLPAPI.DLL
0x00007ffea6270000 - 0x00007ffea6278000 	C:\WINDOWS\System32\NSI.dll
0x00007ffe9d1a0000 - 0x00007ffe9d1b6000 	C:\WINDOWS\SYSTEM32\dhcpcsvc6.DLL
0x00007ffe9d330000 - 0x00007ffe9d34a000 	C:\WINDOWS\SYSTEM32\dhcpcsvc.DLL
0x00007ffe8f470000 - 0x00007ffe8f4ae000 	C:\Users\ALEX\AppData\Roaming\Code\User\globalStorage\redhat.java\1.4.0\config_win\org.eclipse.equinox.launcher\org.eclipse.equinox.launcher.win32.win32.x86_64_1.2.400.v20211117-0650\eclipse_11602.dll
0x00007ffea5b40000 - 0x00007ffea5c91000 	C:\WINDOWS\System32\ole32.dll
0x00007ffe9c1d0000 - 0x00007ffe9c1e0000 	c:\Users\ALEX\.vscode\extensions\redhat.java-1.4.0\jre\17.0.2-win32-x86_64\bin\verify.dll
0x00007ffe9ac30000 - 0x00007ffe9ac41000 	C:\Users\ALEX\AppData\Roaming\Code\User\globalStorage\redhat.java\1.4.0\config_win\org.eclipse.osgi\22\0\.cp\jWinHttp-1.0.0.dll
0x00007ffe9bfe0000 - 0x00007ffe9bfee000 	C:\Users\ALEX\.vscode\extensions\redhat.java-1.4.0\jre\17.0.2-win32-x86_64\bin\sunmscapi.dll
0x00007ffea2520000 - 0x00007ffea2546000 	C:\WINDOWS\SYSTEM32\ncrypt.dll
0x00007ffea24e0000 - 0x00007ffea2516000 	C:\WINDOWS\SYSTEM32\NTASN1.dll
0x00007ffea2020000 - 0x00007ffea20de000 	C:\WINDOWS\SYSTEM32\DNSAPI.dll
0x00007ffe9aaf0000 - 0x00007ffe9aafa000 	C:\Windows\System32\rasadhlp.dll
0x00007ffe9b370000 - 0x00007ffe9b3e2000 	C:\WINDOWS\System32\fwpuclnt.dll

dbghelp: loaded successfully - version: 4.0.5 - missing functions: none
symbol engine: initialized successfully - sym options: 0x614 - pdb path: .;c:\Users\ALEX\.vscode\extensions\redhat.java-1.4.0\jre\17.0.2-win32-x86_64\bin;C:\WINDOWS\SYSTEM32;C:\WINDOWS\WinSxS\amd64_microsoft.windows.common-controls_6595b64144ccf1df_6.0.17134.1345_none_d3ffd07b7c9058ed;c:\Users\ALEX\.vscode\extensions\redhat.java-1.4.0\jre\17.0.2-win32-x86_64\bin\server;C:\Users\ALEX\AppData\Roaming\Code\User\globalStorage\redhat.java\1.4.0\config_win\org.eclipse.equinox.launcher\org.eclipse.equinox.launcher.win32.win32.x86_64_1.2.400.v20211117-0650;C:\Users\ALEX\AppData\Roaming\Code\User\globalStorage\redhat.java\1.4.0\config_win\org.eclipse.osgi\22\0\.cp

VM Arguments:
jvm_args: --add-modules=ALL-SYSTEM --add-opens=java.base/java.util=ALL-UNNAMED --add-opens=java.base/java.lang=ALL-UNNAMED --add-opens=java.base/sun.nio.fs=ALL-UNNAMED -Declipse.application=org.eclipse.jdt.ls.core.id1 -Dosgi.bundles.defaultStartLevel=4 -Declipse.product=org.eclipse.jdt.ls.core.product -Djava.import.generatesMetadataFilesAtProjectRoot=false -Dfile.encoding=utf8 -DwatchParentProcess=false -XX:+UseParallelGC -XX:GCTimeRatio=4 -XX:AdaptiveSizePolicyWeight=90 -Dsun.zip.disableMemoryMapping=true -Xmx1G -Xms100m -XX:+HeapDumpOnOutOfMemoryError -XX:HeapDumpPath=c:\Users\ALEX\AppData\Roaming\Code\User\workspaceStorage\79e2208f258fece44200bf707889521e\redhat.java 
java_command: c:\Users\ALEX\.vscode\extensions\redhat.java-1.4.0\server\plugins\org.eclipse.equinox.launcher_1.6.400.v20210924-0641.jar -configuration c:\Users\ALEX\AppData\Roaming\Code\User\globalStorage\redhat.java\1.4.0\config_win -data c:\Users\ALEX\AppData\Roaming\Code\User\workspaceStorage\79e2208f258fece44200bf707889521e\redhat.java\jdt_ws
java_class_path (initial): c:\Users\ALEX\.vscode\extensions\redhat.java-1.4.0\server\plugins\org.eclipse.equinox.launcher_1.6.400.v20210924-0641.jar
Launcher Type: SUN_STANDARD

[Global flags]
    uintx AdaptiveSizePolicyWeight                 = 90                                        {product} {command line}
     intx CICompilerCount                          = 3                                         {product} {ergonomic}
    uintx GCTimeRatio                              = 4                                         {product} {command line}
     bool HeapDumpOnOutOfMemoryError               = true                                   {manageable} {command line}
    ccstr HeapDumpPath                             = c:\Users\ALEX\AppData\Roaming\Code\User\workspaceStorage\79e2208f258fece44200bf707889521e\redhat.java         {manageable} {command line}
   size_t InitialHeapSize                          = 104857600                                 {product} {command line}
   size_t MaxHeapSize                              = 1073741824                                {product} {command line}
   size_t MaxNewSize                               = 357564416                                 {product} {ergonomic}
   size_t MinHeapDeltaBytes                        = 524288                                    {product} {ergonomic}
   size_t MinHeapSize                              = 104857600                                 {product} {command line}
   size_t NewSize                                  = 34603008                                  {product} {ergonomic}
    uintx NonNMethodCodeHeapSize                   = 5832780                                {pd product} {ergonomic}
    uintx NonProfiledCodeHeapSize                  = 122912730                              {pd product} {ergonomic}
   size_t OldSize                                  = 70254592                                  {product} {ergonomic}
    uintx ProfiledCodeHeapSize                     = 122912730                              {pd product} {ergonomic}
    uintx ReservedCodeCacheSize                    = 251658240                              {pd product} {ergonomic}
     bool SegmentedCodeCache                       = true                                      {product} {ergonomic}
   size_t SoftMaxHeapSize                          = 1073741824                             {manageable} {ergonomic}
     bool UseCompressedClassPointers               = true                           {product lp64_product} {ergonomic}
     bool UseCompressedOops                        = true                           {product lp64_product} {ergonomic}
     bool UseLargePagesIndividualAllocation        = false                                  {pd product} {ergonomic}
     bool UseParallelGC                            = true                                      {product} {command line}

Logging:
Log output configuration:
 #0: stdout all=warning uptime,level,tags
 #1: stderr all=off uptime,level,tags

Environment Variables:
PATH=C:\Program Files\Eclipse Foundation\jdk-8.0.302.8-hotspot\bin;C:\Program Files\Microsoft MPI\Bin\;C:\WINDOWS\system32;C:\WINDOWS;C:\WINDOWS\System32\Wbem;C:\WINDOWS\System32\WindowsPowerShell\v1.0\;C:\WINDOWS\System32\OpenSSH\;C:\Program Files\Microsoft SQL Server\130\Tools\Binn\;C:\Program Files\dotnet\;C:\Program Files\Microsoft SQL Server\Client SDK\ODBC\170\Tools\Binn\;C:\Program Files\Git\cmd;C:\Users\ALEX\AppData\Local\Programs\Python\Python37-32\Scripts\;C:\Users\ALEX\AppData\Local\Programs\Python\Python37-32\;C:\Users\ALEX\AppData\Local\Microsoft\WindowsApps;C:\Program Files\JetBrains\PyCharm Community Edition 2019.2.3\bin;C:\Users\ALEX\.dotnet\tools;C:\Users\ALEX\AppData\Local\Programs\Microsoft VS Code\bin;C:\src\flutter\bin;C:\Users\ALEX\.dotnet\tools
USERNAME=ALEX
OS=Windows_NT
PROCESSOR_IDENTIFIER=Intel64 Family 6 Model 23 Stepping 10, GenuineIntel



---------------  S Y S T E M  ---------------

OS:
 Windows 10 , 64 bit Build 17134 (10.0.17134.753)
OS uptime: 0 days 6:42 hours

CPU: total 4 (initial active 4) (4 cores per cpu, 1 threads per core) family 6 model 23 stepping 10 microcode 0xa0c, cx8, cmov, fxsr, mmx, sse, sse2, sse3, ssse3, sse4.1, tsc, clflush

Memory: 4k page, system-wide physical 4094M (425M free)
TotalPageFile size 5518M (AvailPageFile size 6M)
current process WorkingSet (physical memory assigned to process): 189M, peak: 189M
current process commit charge ("private bytes"): 275M, peak: 275M

vm_info: OpenJDK 64-Bit Server VM (17.0.2+8) for windows-amd64 JRE (17.0.2+8), built on Jan 20 2022 04:52:34 by "" with MS VC++ 16.7 (VS2019)

END.
